

Microchip MPLAB XC8 Assembler V2.46 build 20240104201356 
                                                                                               Tue Oct 01 18:56:06 2024

Microchip MPLAB XC8 C Compiler v2.46 (Free license) build 20240104201356 Og1 
     1                           	processor	18F46K20
     2                           	fnconf	rparam,??,?,0
     3                           	pagewidth 120
     4                           	opt	flic
     5                           	psect	idataCOMRAM,global,class=CODE,delta=1,noexec
     6                           	psect	smallconst,global,reloc=2,class=SMALLCONST,delta=1,noexec
     7                           	psect	cinit,global,reloc=2,class=CODE,delta=1
     8                           	psect	bssCOMRAM,global,class=COMRAM,space=1,delta=1,lowdata,noexec
     9                           	psect	dataCOMRAM,global,class=COMRAM,space=1,delta=1,lowdata,noexec
    10                           	psect	cstackCOMRAM,global,class=COMRAM,space=1,delta=1,lowdata,noexec
    11                           	psect	text0,global,reloc=2,class=CODE,delta=1
    12                           	psect	text1,global,reloc=2,class=CODE,delta=1
    13                           	psect	text2,global,reloc=2,class=CODE,delta=1
    14                           	psect	text3,global,reloc=2,class=CODE,delta=1
    15                           	psect	text4,global,reloc=2,class=CODE,delta=1
    16                           	psect	text5,global,reloc=2,class=CODE,delta=1
    17                           	psect	text6,global,reloc=2,class=CODE,delta=1
    18                           	psect	intsave_regs,global,class=BIGRAM,space=1,delta=1,noexec
    19                           	psect	rparam,global,class=COMRAM,space=1,delta=1,noexec
    20                           	psect	config,global,abs,ovrld,class=CONFIG,space=4,delta=1,noexec
    21   000000                     
    22                           ; Generated 12/10/2023 GMT
    23                           ; 
    24                           ; Copyright © 2023, Microchip Technology Inc. and its subsidiaries ("Microchip")
    25                           ; All rights reserved.
    26                           ; 
    27                           ; This software is developed by Microchip Technology Inc. and its subsidiaries ("Microch
      +                          ip").
    28                           ; 
    29                           ; Redistribution and use in source and binary forms, with or without modification, are
    30                           ; permitted provided that the following conditions are met:
    31                           ; 
    32                           ;     1. Redistributions of source code must retain the above copyright notice, this lis
      +                          t of
    33                           ;        conditions and the following disclaimer.
    34                           ; 
    35                           ;     2. Redistributions in binary form must reproduce the above copyright notice, this 
      +                          list
    36                           ;        of conditions and the following disclaimer in the documentation and/or other
    37                           ;        materials provided with the distribution. Publication is not required when
    38                           ;        this file is used in an embedded application.
    39                           ; 
    40                           ;     3. Microchip's name may not be used to endorse or promote products derived from th
      +                          is
    41                           ;        software without specific prior written permission.
    42                           ; 
    43                           ; THIS SOFTWARE IS PROVIDED BY MICROCHIP "AS IS" AND ANY EXPRESS OR IMPLIED WARRANTIES,
    44                           ; INCLUDING, BUT NOT LIMITED TO, THE IMPLIED WARRANTIES OF MERCHANTABILITY AND FITNESS F
      +                          OR
    45                           ; PURPOSE ARE DISCLAIMED.  IN NO EVENT SHALL MICROCHIP BE LIABLE FOR ANY DIRECT, INDIREC
      +                          T,
    46                           ; INCIDENTAL, SPECIAL, EXEMPLARY, OR CONSEQUENTIAL DAMAGES (INCLUDING BUT NOT LIMITED TO
    47                           ; PROCUREMENT OF SUBSTITUTE GOODS OR SERVICES; LOSS OF USE, DATA OR PROFITS; OR BUSINESS
    48                           ; INTERRUPTION) HOWSOEVER CAUSED AND ON ANY THEORY OF LIABILITY, WHETHER IN CONTRACT, ST
      +                          RICT
    49                           ; LIABILITY, OR TORT (INCLUDING NEGLIGENCE OR OTHERWISE) ARISING IN ANY WAY OUT OF THE U
      +                          SE OF
    50                           ; THIS SOFTWARE, EVEN IF ADVISED OF THE POSSIBILITY OF SUCH DAMAGE.
    51                           ; 
    52                           ; 
    53                           ; Code-generator required, PIC18F46K20 Definitions
    54                           ; 
    55                           ; SFR Addresses
    56   000000                     
    57                           	psect	idataCOMRAM
    58   00134C                     __pidataCOMRAM:
    59                           	callstack 0
    60                           
    61                           ;initializer for _LAT_REG
    62   00134C  89                 	db	137
    63   00134D  0F                 	db	15
    64   00134E  8A                 	db	138
    65   00134F  0F                 	db	15
    66   001350  8B                 	db	139
    67   001351  0F                 	db	15
    68   001352  8C                 	db	140
    69   001353  0F                 	db	15
    70   001354  8D                 	db	141
    71   001355  0F                 	db	15
    72                           
    73                           ;initializer for _PORT_REG
    74   001356  80                 	db	128
    75   001357  0F                 	db	15
    76   001358  81                 	db	129
    77   001359  0F                 	db	15
    78   00135A  82                 	db	130
    79   00135B  0F                 	db	15
    80   00135C  83                 	db	131
    81   00135D  0F                 	db	15
    82   00135E  84                 	db	132
    83   00135F  0F                 	db	15
    84                           
    85                           ;initializer for _TRIS_REG
    86   001360  92                 	db	146
    87   001361  0F                 	db	15
    88   001362  93                 	db	147
    89   001363  0F                 	db	15
    90   001364  94                 	db	148
    91   001365  0F                 	db	15
    92   001366  95                 	db	149
    93   001367  0F                 	db	15
    94   001368  96                 	db	150
    95   001369  0F                 	db	15
    96                           
    97                           ;initializer for _keypad1
    98   00136A  02                 	db	2
    99   00136B  0A                 	db	10
   100   00136C  12                 	db	18
   101   00136D  1A                 	db	26
   102   00136E  62                 	db	98
   103   00136F  6A                 	db	106
   104   001370  72                 	db	114
   105   001371  7A                 	db	122
   106                           
   107                           	psect	smallconst
   108   001000                     __psmallconst:
   109                           	callstack 0
   110   001000  00                 	db	0
   111   001001  37                 	db	55
   112   001002  38                 	db	56
   113   001003  39                 	db	57
   114   001004  2F                 	db	47
   115   001005  34                 	db	52
   116   001006  35                 	db	53
   117   001007  36                 	db	54
   118   001008  2A                 	db	42
   119   001009  31                 	db	49
   120   00100A  32                 	db	50
   121   00100B  33                 	db	51
   122   00100C  2D                 	db	45
   123   00100D  43                 	db	67
   124   00100E  30                 	db	48
   125   00100F  3D                 	db	61
   126   001010  2B                 	db	43
   127   001011                     __end_of_KEYPAD_VALUES:
   128                           	callstack 0
   129   000000                     _PORTA	set	3968
   130   000000                     _TRISA	set	3986
   131   000000                     _TRISE	set	3990
   132   000000                     _TRISD	set	3989
   133   000000                     _TRISC	set	3988
   134   000000                     _TRISB	set	3987
   135   000000                     _LATA	set	3977
   136   000000                     _PORTE	set	3972
   137   000000                     _PORTD	set	3971
   138   000000                     _PORTC	set	3970
   139   000000                     _PORTB	set	3969
   140   000000                     _LATE	set	3981
   141   000000                     _LATD	set	3980
   142   000000                     _LATC	set	3979
   143   000000                     _LATB	set	3978
   144   001011  00                 	db	0	; dummy byte at the end
   145   000000                     
   146                           ; #config settings
   147                           
   148                           	psect	cinit
   149   001316                     __pcinit:
   150                           	callstack 0
   151   001316                     start_initialization:
   152                           	callstack 0
   153   001316                     __initialization:
   154                           	callstack 0
   155                           
   156                           ; Initialize objects allocated to COMRAM (38 bytes)
   157                           ; load TBLPTR registers with __pidataCOMRAM
   158   001316  0E4C               	movlw	low __pidataCOMRAM
   159   001318  6EF6               	movwf	tblptrl,c
   160   00131A  0E13               	movlw	high __pidataCOMRAM
   161   00131C  6EF7               	movwf	tblptrh,c
   162   00131E  0E00               	movlw	low (__pidataCOMRAM shr (0+16))
   163   001320  6EF8               	movwf	tblptru,c
   164   001322  EE00  F001         	lfsr	0,__pdataCOMRAM
   165   001326  EE10 F026          	lfsr	1,38
   166   00132A                     copy_data0:
   167   00132A  0009               	tblrd		*+
   168   00132C  CFF5 FFEE          	movff	tablat,postinc0
   169   001330  50E5               	movf	postdec1,w,c
   170   001332  50E1               	movf	fsr1l,w,c
   171   001334  E1FA               	bnz	copy_data0
   172                           
   173                           ; Clear objects allocated to COMRAM (8 bytes)
   174   001336  EE00  F038         	lfsr	0,__pbssCOMRAM
   175   00133A  0E08               	movlw	8
   176   00133C                     clear_0:
   177   00133C  6AEE               	clrf	postinc0,c
   178   00133E  06E8               	decf	wreg,f,c
   179   001340  E1FD               	bnz	clear_0
   180   001342                     end_of_initialization:
   181                           	callstack 0
   182   001342                     __end_of__initialization:
   183                           	callstack 0
   184   001342  0E00               	movlw	low (__Lmediumconst shr (0+16))
   185   001344  6EF8               	movwf	tblptru,c
   186   001346  0100               	movlb	0
   187   001348  EFB9  F009         	goto	_main	;jump to C main() function
   188                           
   189                           	psect	bssCOMRAM
   190   000038                     __pbssCOMRAM:
   191                           	callstack 0
   192   000038                     _Ret:
   193                           	callstack 0
   194   000038                     	ds	1
   195   000039                     RELAY_TURN_OFF@F3158:
   196                           	callstack 0
   197   000039                     	ds	1
   198   00003A                     RELAY_TURN_ON@F3152:
   199                           	callstack 0
   200   00003A                     	ds	1
   201   00003B                     RELAY_INITIALIZE@F3146:
   202                           	callstack 0
   203   00003B                     	ds	1
   204   00003C                     LED_TOGGLE@F3163:
   205                           	callstack 0
   206   00003C                     	ds	1
   207   00003D                     LED_Turn_OFF@F3158:
   208                           	callstack 0
   209   00003D                     	ds	1
   210   00003E                     LED_Turn_ON@F3153:
   211                           	callstack 0
   212   00003E                     	ds	1
   213   00003F                     LED_INITIALIZE@F3148:
   214                           	callstack 0
   215   00003F                     	ds	1
   216                           
   217                           	psect	dataCOMRAM
   218   000001                     __pdataCOMRAM:
   219                           	callstack 0
   220   000001                     _LAT_REG:
   221                           	callstack 0
   222   000001                     	ds	10
   223   00000B                     _PORT_REG:
   224                           	callstack 0
   225   00000B                     	ds	10
   226   000015                     _TRIS_REG:
   227                           	callstack 0
   228   000015                     	ds	10
   229   00001F                     _keypad1:
   230                           	callstack 0
   231   00001F                     	ds	8
   232                           
   233                           	psect	cstackCOMRAM
   234   000027                     __pcstackCOMRAM:
   235                           	callstack 0
   236   000027                     GPIO_PIN_DIRECTION_INITIALIZE@_PIN_CONFIG:
   237                           	callstack 0
   238   000027                     GPIO_PIN_WRITE_LOGIC@_PIN_CONFIG:
   239                           	callstack 0
   240                           
   241                           ; 1 bytes @ 0x0
   242   000027                     	ds	1
   243   000028                     ??_GPIO_PIN_DIRECTION_INITIALIZE:
   244   000028                     GPIO_PIN_WRITE_LOGIC@LOGIC:
   245                           	callstack 0
   246                           
   247                           ; 1 bytes @ 0x1
   248   000028                     	ds	1
   249   000029                     ??_GPIO_PIN_WRITE_LOGIC:
   250                           
   251                           ; 1 bytes @ 0x2
   252   000029                     	ds	4
   253   00002D                     GPIO_PIN_DIRECTION_INITIALIZE@Retval:
   254                           	callstack 0
   255                           
   256                           ; 1 bytes @ 0x6
   257   00002D                     	ds	1
   258   00002E                     GPIO_PIN_WRITE_LOGIC@Retval:
   259                           	callstack 0
   260                           
   261                           ; 1 bytes @ 0x7
   262   00002E                     	ds	1
   263   00002F                     GPIO_PIN_INITIALIZE@_PIN_CONFIG:
   264                           	callstack 0
   265                           
   266                           ; 1 bytes @ 0x8
   267   00002F                     	ds	1
   268   000030                     ??_GPIO_PIN_INITIALIZE:
   269                           
   270                           ; 1 bytes @ 0x9
   271   000030                     	ds	1
   272   000031                     GPIO_PIN_INITIALIZE@Retval:
   273                           	callstack 0
   274                           
   275                           ; 1 bytes @ 0xA
   276   000031                     	ds	1
   277   000032                     KEYPAD_INITIALIZE@keypad:
   278                           	callstack 0
   279                           
   280                           ; 1 bytes @ 0xB
   281   000032                     	ds	1
   282   000033                     KEYPAD_INITIALIZE@Retval:
   283                           	callstack 0
   284                           
   285                           ; 1 bytes @ 0xC
   286   000033                     	ds	1
   287   000034                     KEYPAD_INITIALIZE@r:
   288                           	callstack 0
   289                           
   290                           ; 2 bytes @ 0xD
   291   000034                     	ds	2
   292   000036                     KEYPAD_INITIALIZE@c:
   293                           	callstack 0
   294                           
   295                           ; 2 bytes @ 0xF
   296   000036                     	ds	2
   297   000038                     
   298                           ; 1 bytes @ 0x11
   299 ;;
   300 ;;Main: autosize = 0, tempsize = 0, incstack = 0, save=0
   301 ;;
   302 ;; *************** function _main *****************
   303 ;; Defined at:
   304 ;;		line 12 in file "Drivers_Main.c"
   305 ;; Parameters:    Size  Location     Type
   306 ;;		None
   307 ;; Auto vars:     Size  Location     Type
   308 ;;		None
   309 ;; Return value:  Size  Location     Type
   310 ;;                  2  254[None  ] int 
   311 ;; Registers used:
   312 ;;		wreg, fsr2l, fsr2h, status,2, status,0, prodl, prodh, cstack
   313 ;; Tracked objects:
   314 ;;		On entry : 0/0
   315 ;;		On exit  : 0/0
   316 ;;		Unchanged: 0/0
   317 ;; Data sizes:     COMRAM   BANK0   BANK1   BANK2   BANK3   BANK4   BANK5   BANK6   BANK7   BANK8   BANK9  BANK10  BANK1
      +1  BANK12  BANK13  BANK14  BANK15
   318 ;;      Params:         0       0       0       0       0       0       0       0       0       0       0       0       
      +0       0       0       0       0
   319 ;;      Locals:         0       0       0       0       0       0       0       0       0       0       0       0       
      +0       0       0       0       0
   320 ;;      Temps:          0       0       0       0       0       0       0       0       0       0       0       0       
      +0       0       0       0       0
   321 ;;      Totals:         0       0       0       0       0       0       0       0       0       0       0       0       
      +0       0       0       0       0
   322 ;;Total ram usage:        0 bytes
   323 ;; Hardware stack levels required when called: 5
   324 ;; This function calls:
   325 ;;		_Application_intialize
   326 ;; This function is called by:
   327 ;;		Startup code after reset
   328 ;; This function uses a non-reentrant model
   329 ;;
   330                           
   331                           	psect	text0
   332   001372                     __ptext0:
   333                           	callstack 0
   334   001372                     _main:
   335                           	callstack 26
   336   001372                     
   337                           ;Drivers_Main.c: 13:     Application_intialize();
   338   001372  ECC4  F009         	call	_Application_intialize	;wreg free
   339   001376                     l255:
   340   001376  EFBB  F009         	goto	l255
   341   00137A  EF02  F000         	goto	start
   342   00137E                     __end_of_main:
   343                           	callstack 0
   344                           
   345 ;; *************** function _Application_intialize *****************
   346 ;; Defined at:
   347 ;;		line 20 in file "Drivers_Main.c"
   348 ;; Parameters:    Size  Location     Type
   349 ;;		None
   350 ;; Auto vars:     Size  Location     Type
   351 ;;		None
   352 ;; Return value:  Size  Location     Type
   353 ;;                  1    wreg      void 
   354 ;; Registers used:
   355 ;;		wreg, fsr2l, fsr2h, status,2, status,0, prodl, prodh, cstack
   356 ;; Tracked objects:
   357 ;;		On entry : 0/0
   358 ;;		On exit  : 0/0
   359 ;;		Unchanged: 0/0
   360 ;; Data sizes:     COMRAM   BANK0   BANK1   BANK2   BANK3   BANK4   BANK5   BANK6   BANK7   BANK8   BANK9  BANK10  BANK1
      +1  BANK12  BANK13  BANK14  BANK15
   361 ;;      Params:         0       0       0       0       0       0       0       0       0       0       0       0       
      +0       0       0       0       0
   362 ;;      Locals:         0       0       0       0       0       0       0       0       0       0       0       0       
      +0       0       0       0       0
   363 ;;      Temps:          0       0       0       0       0       0       0       0       0       0       0       0       
      +0       0       0       0       0
   364 ;;      Totals:         0       0       0       0       0       0       0       0       0       0       0       0       
      +0       0       0       0       0
   365 ;;Total ram usage:        0 bytes
   366 ;; Hardware stack levels used: 1
   367 ;; Hardware stack levels required when called: 4
   368 ;; This function calls:
   369 ;;		_ECU_LAYER_INITIALIZE
   370 ;; This function is called by:
   371 ;;		_main
   372 ;; This function uses a non-reentrant model
   373 ;;
   374                           
   375                           	psect	text1
   376   001388                     __ptext1:
   377                           	callstack 0
   378   001388                     _Application_intialize:
   379                           	callstack 26
   380   001388                     
   381                           ;Drivers_Main.c: 21:     ECU_LAYER_INITIALIZE();
   382   001388  ECBF  F009         	call	_ECU_LAYER_INITIALIZE	;wreg free
   383   00138C  0012               	return		;funcret
   384   00138E                     __end_of_Application_intialize:
   385                           	callstack 0
   386                           
   387 ;; *************** function _ECU_LAYER_INITIALIZE *****************
   388 ;; Defined at:
   389 ;;		line 50 in file "ECUAL/ECU_INIT.c"
   390 ;; Parameters:    Size  Location     Type
   391 ;;		None
   392 ;; Auto vars:     Size  Location     Type
   393 ;;  Ret             1    0        enum E3063
   394 ;; Return value:  Size  Location     Type
   395 ;;                  1    wreg      void 
   396 ;; Registers used:
   397 ;;		wreg, fsr2l, fsr2h, status,2, status,0, prodl, prodh, cstack
   398 ;; Tracked objects:
   399 ;;		On entry : 0/0
   400 ;;		On exit  : 0/0
   401 ;;		Unchanged: 0/0
   402 ;; Data sizes:     COMRAM   BANK0   BANK1   BANK2   BANK3   BANK4   BANK5   BANK6   BANK7   BANK8   BANK9  BANK10  BANK1
      +1  BANK12  BANK13  BANK14  BANK15
   403 ;;      Params:         0       0       0       0       0       0       0       0       0       0       0       0       
      +0       0       0       0       0
   404 ;;      Locals:         0       0       0       0       0       0       0       0       0       0       0       0       
      +0       0       0       0       0
   405 ;;      Temps:          0       0       0       0       0       0       0       0       0       0       0       0       
      +0       0       0       0       0
   406 ;;      Totals:         0       0       0       0       0       0       0       0       0       0       0       0       
      +0       0       0       0       0
   407 ;;Total ram usage:        0 bytes
   408 ;; Hardware stack levels used: 1
   409 ;; Hardware stack levels required when called: 3
   410 ;; This function calls:
   411 ;;		_KEYPAD_INITIALIZE
   412 ;; This function is called by:
   413 ;;		_Application_intialize
   414 ;; This function uses a non-reentrant model
   415 ;;
   416                           
   417                           	psect	text2
   418   00137E                     __ptext2:
   419                           	callstack 0
   420   00137E                     _ECU_LAYER_INITIALIZE:
   421                           	callstack 26
   422   00137E  0E1F               	movlw	low _keypad1
   423   001380  6E32               	movwf	KEYPAD_INITIALIZE@keypad^0,c
   424   001382  EC1A  F009         	call	_KEYPAD_INITIALIZE	;wreg free
   425   001386  0012               	return		;funcret
   426   001388                     __end_of_ECU_LAYER_INITIALIZE:
   427                           	callstack 0
   428                           
   429 ;; *************** function _KEYPAD_INITIALIZE *****************
   430 ;; Defined at:
   431 ;;		line 22 in file "ECUAL/Keypad/ECU_KEYPAD.c"
   432 ;; Parameters:    Size  Location     Type
   433 ;;  keypad          1   11[COMRAM] PTR const struct .
   434 ;;		 -> keypad1(8), 
   435 ;; Auto vars:     Size  Location     Type
   436 ;;  c               2   15[COMRAM] int 
   437 ;;  r               2   13[COMRAM] int 
   438 ;;  Retval          1   12[COMRAM] enum E3063
   439 ;; Return value:  Size  Location     Type
   440 ;;                  1    wreg      enum E3063
   441 ;; Registers used:
   442 ;;		wreg, fsr2l, fsr2h, status,2, status,0, prodl, prodh, cstack
   443 ;; Tracked objects:
   444 ;;		On entry : 0/0
   445 ;;		On exit  : 0/0
   446 ;;		Unchanged: 0/0
   447 ;; Data sizes:     COMRAM   BANK0   BANK1   BANK2   BANK3   BANK4   BANK5   BANK6   BANK7   BANK8   BANK9  BANK10  BANK1
      +1  BANK12  BANK13  BANK14  BANK15
   448 ;;      Params:         1       0       0       0       0       0       0       0       0       0       0       0       
      +0       0       0       0       0
   449 ;;      Locals:         5       0       0       0       0       0       0       0       0       0       0       0       
      +0       0       0       0       0
   450 ;;      Temps:          0       0       0       0       0       0       0       0       0       0       0       0       
      +0       0       0       0       0
   451 ;;      Totals:         6       0       0       0       0       0       0       0       0       0       0       0       
      +0       0       0       0       0
   452 ;;Total ram usage:        6 bytes
   453 ;; Hardware stack levels used: 1
   454 ;; Hardware stack levels required when called: 2
   455 ;; This function calls:
   456 ;;		_GPIO_PIN_DIRECTION_INITIALIZE
   457 ;;		_GPIO_PIN_INITIALIZE
   458 ;; This function is called by:
   459 ;;		_ECU_LAYER_INITIALIZE
   460 ;; This function uses a non-reentrant model
   461 ;;
   462                           
   463                           	psect	text3
   464   001234                     __ptext3:
   465                           	callstack 0
   466   001234                     _KEYPAD_INITIALIZE:
   467                           	callstack 26
   468   001234                     
   469                           ;ECUAL/Keypad/ECU_KEYPAD.c: 24:     if(((void*)0) == keypad){
   470   001234  5032               	movf	KEYPAD_INITIALIZE@keypad^0,w,c
   471   001236  A4D8               	btfss	status,2,c
   472   001238  EF20  F009         	goto	u771
   473   00123C  EF22  F009         	goto	u770
   474   001240                     u771:
   475   001240  EF26  F009         	goto	l1518
   476   001244                     u770:
   477   001244                     
   478                           ;ECUAL/Keypad/ECU_KEYPAD.c: 25:         Retval = E_NOT_OK;
   479   001244  0E00               	movlw	0
   480   001246  6E33               	movwf	KEYPAD_INITIALIZE@Retval^0,c
   481                           
   482                           ;ECUAL/Keypad/ECU_KEYPAD.c: 26:     }
   483   001248  EF5A  F009         	goto	l1542
   484   00124C                     l1518:
   485                           
   486                           ;ECUAL/Keypad/ECU_KEYPAD.c: 28:         for(int r = 0x00; r < 0x04 ; r++){
   487   00124C  0E00               	movlw	0
   488   00124E  6E35               	movwf	(KEYPAD_INITIALIZE@r+1)^0,c
   489   001250  0E00               	movlw	0
   490   001252  6E34               	movwf	KEYPAD_INITIALIZE@r^0,c
   491   001254                     l1524:
   492   001254  5032               	movf	KEYPAD_INITIALIZE@keypad^0,w,c
   493   001256  2434               	addwf	KEYPAD_INITIALIZE@r^0,w,c
   494   001258  6E2F               	movwf	GPIO_PIN_INITIALIZE@_PIN_CONFIG^0,c
   495   00125A  EC5C  F009         	call	_GPIO_PIN_INITIALIZE	;wreg free
   496   00125E                     
   497                           ;ECUAL/Keypad/ECU_KEYPAD.c: 30:         }
   498   00125E  4A34               	infsnz	KEYPAD_INITIALIZE@r^0,f,c
   499   001260  2A35               	incf	(KEYPAD_INITIALIZE@r+1)^0,f,c
   500   001262  BE35               	btfsc	(KEYPAD_INITIALIZE@r+1)^0,7,c
   501   001264  EF3D  F009         	goto	u781
   502   001268  5035               	movf	(KEYPAD_INITIALIZE@r+1)^0,w,c
   503   00126A  E109               	bnz	u780
   504   00126C  0E04               	movlw	4
   505   00126E  5C34               	subwf	KEYPAD_INITIALIZE@r^0,w,c
   506   001270  A0D8               	btfss	status,0,c
   507   001272  EF3D  F009         	goto	u781
   508   001276  EF3F  F009         	goto	u780
   509   00127A                     u781:
   510   00127A  EF2A  F009         	goto	l1524
   511   00127E                     u780:
   512   00127E                     
   513                           ;ECUAL/Keypad/ECU_KEYPAD.c: 31:         for(int c = 0x00; c < 0x04 ; c++){
   514   00127E  0E00               	movlw	0
   515   001280  6E37               	movwf	(KEYPAD_INITIALIZE@c+1)^0,c
   516   001282  0E00               	movlw	0
   517   001284  6E36               	movwf	KEYPAD_INITIALIZE@c^0,c
   518   001286                     l1536:
   519                           
   520                           ;ECUAL/Keypad/ECU_KEYPAD.c: 32:             Retval = GPIO_PIN_DIRECTION_INITIALIZE(&(key
      +                          pad->KEYPAD_COLUMNS_PINS[c]));
   521   001286  5032               	movf	KEYPAD_INITIALIZE@keypad^0,w,c
   522   001288  2436               	addwf	KEYPAD_INITIALIZE@c^0,w,c
   523   00128A  0F04               	addlw	4
   524   00128C  6E27               	movwf	GPIO_PIN_DIRECTION_INITIALIZE@_PIN_CONFIG^0,c
   525   00128E  EC09  F008         	call	_GPIO_PIN_DIRECTION_INITIALIZE	;wreg free
   526   001292  6E33               	movwf	KEYPAD_INITIALIZE@Retval^0,c
   527   001294                     
   528                           ;ECUAL/Keypad/ECU_KEYPAD.c: 33:         }
   529   001294  4A36               	infsnz	KEYPAD_INITIALIZE@c^0,f,c
   530   001296  2A37               	incf	(KEYPAD_INITIALIZE@c+1)^0,f,c
   531   001298  BE37               	btfsc	(KEYPAD_INITIALIZE@c+1)^0,7,c
   532   00129A  EF58  F009         	goto	u791
   533   00129E  5037               	movf	(KEYPAD_INITIALIZE@c+1)^0,w,c
   534   0012A0  E109               	bnz	u790
   535   0012A2  0E04               	movlw	4
   536   0012A4  5C36               	subwf	KEYPAD_INITIALIZE@c^0,w,c
   537   0012A6  A0D8               	btfss	status,0,c
   538   0012A8  EF58  F009         	goto	u791
   539   0012AC  EF5A  F009         	goto	u790
   540   0012B0                     u791:
   541   0012B0  EF43  F009         	goto	l1536
   542   0012B4                     u790:
   543   0012B4                     l1542:
   544                           
   545                           ;ECUAL/Keypad/ECU_KEYPAD.c: 35:     return Retval;
   546   0012B4  5033               	movf	KEYPAD_INITIALIZE@Retval^0,w,c
   547   0012B6  0012               	return		;funcret
   548   0012B8                     __end_of_KEYPAD_INITIALIZE:
   549                           	callstack 0
   550                           
   551 ;; *************** function _GPIO_PIN_INITIALIZE *****************
   552 ;; Defined at:
   553 ;;		line 156 in file "MCAL/GPIO/HAL_GPIO.c"
   554 ;; Parameters:    Size  Location     Type
   555 ;;  _PIN_CONFIG     1    8[COMRAM] PTR const struct .
   556 ;;		 -> keypad1$KEYPAD_ROWS_PINS(4), keypad1(8), RELAY_INITIALIZE@pin(1), LED_INITIALIZE@PIN_OBJ(1), 
   557 ;; Auto vars:     Size  Location     Type
   558 ;;  Retval          1   10[COMRAM] enum E3063
   559 ;; Return value:  Size  Location     Type
   560 ;;                  1    wreg      enum E3063
   561 ;; Registers used:
   562 ;;		wreg, fsr2l, fsr2h, status,2, status,0, prodl, prodh, cstack
   563 ;; Tracked objects:
   564 ;;		On entry : 0/0
   565 ;;		On exit  : 0/0
   566 ;;		Unchanged: 0/0
   567 ;; Data sizes:     COMRAM   BANK0   BANK1   BANK2   BANK3   BANK4   BANK5   BANK6   BANK7   BANK8   BANK9  BANK10  BANK1
      +1  BANK12  BANK13  BANK14  BANK15
   568 ;;      Params:         1       0       0       0       0       0       0       0       0       0       0       0       
      +0       0       0       0       0
   569 ;;      Locals:         1       0       0       0       0       0       0       0       0       0       0       0       
      +0       0       0       0       0
   570 ;;      Temps:          1       0       0       0       0       0       0       0       0       0       0       0       
      +0       0       0       0       0
   571 ;;      Totals:         3       0       0       0       0       0       0       0       0       0       0       0       
      +0       0       0       0       0
   572 ;;Total ram usage:        3 bytes
   573 ;; Hardware stack levels used: 1
   574 ;; Hardware stack levels required when called: 1
   575 ;; This function calls:
   576 ;;		_GPIO_PIN_DIRECTION_INITIALIZE
   577 ;;		_GPIO_PIN_WRITE_LOGIC
   578 ;; This function is called by:
   579 ;;		_KEYPAD_INITIALIZE
   580 ;;		_SEGMENT_INITIALIZE
   581 ;;		_DC_MOTOR_INITIALIZE
   582 ;;		_LED_INITIALIZE
   583 ;;		_RELAY_INITIALIZE
   584 ;; This function uses a non-reentrant model
   585 ;;
   586                           
   587                           	psect	text4
   588   0012B8                     __ptext4:
   589                           	callstack 0
   590   0012B8                     _GPIO_PIN_INITIALIZE:
   591                           	callstack 26
   592   0012B8                     
   593                           ;MCAL/GPIO/HAL_GPIO.c: 158:     if(((void*)0) == _PIN_CONFIG || _PIN_CONFIG->PIN >= 8){
   594   0012B8  502F               	movf	GPIO_PIN_INITIALIZE@_PIN_CONFIG^0,w,c
   595   0012BA  B4D8               	btfsc	status,2,c
   596   0012BC  EF62  F009         	goto	u751
   597   0012C0  EF64  F009         	goto	u750
   598   0012C4                     u751:
   599   0012C4  EF74  F009         	goto	l1504
   600   0012C8                     u750:
   601   0012C8  502F               	movf	GPIO_PIN_INITIALIZE@_PIN_CONFIG^0,w,c
   602   0012CA  6ED9               	movwf	fsr2l,c
   603   0012CC  6ADA               	clrf	fsr2h,c
   604   0012CE  30DF               	rrcf	223,w,c
   605   0012D0  32E8               	rrcf	wreg,f,c
   606   0012D2  32E8               	rrcf	wreg,f,c
   607   0012D4  0B07               	andlw	7
   608   0012D6  6E30               	movwf	??_GPIO_PIN_INITIALIZE^0,c
   609   0012D8  0E07               	movlw	7
   610   0012DA  6430               	cpfsgt	??_GPIO_PIN_INITIALIZE^0,c
   611   0012DC  EF72  F009         	goto	u761
   612   0012E0  EF74  F009         	goto	u760
   613   0012E4                     u761:
   614   0012E4  EF78  F009         	goto	l1506
   615   0012E8                     u760:
   616   0012E8                     l1504:
   617                           
   618                           ;MCAL/GPIO/HAL_GPIO.c: 159:         Retval = E_NOT_OK;
   619   0012E8  0E00               	movlw	0
   620   0012EA  6E31               	movwf	GPIO_PIN_INITIALIZE@Retval^0,c
   621                           
   622                           ;MCAL/GPIO/HAL_GPIO.c: 160:     }
   623   0012EC  EF89  F009         	goto	l1510
   624   0012F0                     l1506:
   625                           
   626                           ;MCAL/GPIO/HAL_GPIO.c: 162:         GPIO_PIN_DIRECTION_INITIALIZE(_PIN_CONFIG);
   627   0012F0  C02F  F027         	movff	GPIO_PIN_INITIALIZE@_PIN_CONFIG,GPIO_PIN_DIRECTION_INITIALIZE@_PIN_CONFIG
   628   0012F4  EC09  F008         	call	_GPIO_PIN_DIRECTION_INITIALIZE	;wreg free
   629                           
   630                           ;MCAL/GPIO/HAL_GPIO.c: 163:         GPIO_PIN_WRITE_LOGIC(_PIN_CONFIG,_PIN_CONFIG->LOGIC)
      +                          ;
   631   0012F8  C02F  F027         	movff	GPIO_PIN_INITIALIZE@_PIN_CONFIG,GPIO_PIN_WRITE_LOGIC@_PIN_CONFIG
   632   0012FC  502F               	movf	GPIO_PIN_INITIALIZE@_PIN_CONFIG^0,w,c
   633   0012FE  6ED9               	movwf	fsr2l,c
   634   001300  6ADA               	clrf	fsr2h,c
   635   001302  0E00               	movlw	0
   636   001304  BEDF               	btfsc	indf2,7,c
   637   001306  0E01               	movlw	1
   638   001308  6E28               	movwf	GPIO_PIN_WRITE_LOGIC@LOGIC^0,c
   639   00130A  EC92  F008         	call	_GPIO_PIN_WRITE_LOGIC	;wreg free
   640   00130E                     
   641                           ;MCAL/GPIO/HAL_GPIO.c: 164:         Retval = E_OK;
   642   00130E  0E01               	movlw	1
   643   001310  6E31               	movwf	GPIO_PIN_INITIALIZE@Retval^0,c
   644   001312                     l1510:
   645                           
   646                           ;MCAL/GPIO/HAL_GPIO.c: 166:     return Retval;
   647   001312  5031               	movf	GPIO_PIN_INITIALIZE@Retval^0,w,c
   648   001314  0012               	return		;funcret
   649   001316                     __end_of_GPIO_PIN_INITIALIZE:
   650                           	callstack 0
   651                           
   652 ;; *************** function _GPIO_PIN_WRITE_LOGIC *****************
   653 ;; Defined at:
   654 ;;		line 84 in file "MCAL/GPIO/HAL_GPIO.c"
   655 ;; Parameters:    Size  Location     Type
   656 ;;  _PIN_CONFIG     1    0[COMRAM] PTR const struct .
   657 ;;		 -> keypad1$KEYPAD_ROWS_PINS(4), keypad1(8), RELAY_TURN_OFF@pin(1), RELAY_TURN_ON@pin(1), 
   658 ;;		 -> RELAY_INITIALIZE@pin(1), LED_Turn_OFF@PIN_OBJ(1), LED_Turn_ON@PIN_OBJ(1), LED_INITIALIZE@PIN_OBJ(1), 
   659 ;;  LOGIC           1    1[COMRAM] enum E3067
   660 ;; Auto vars:     Size  Location     Type
   661 ;;  Retval          1    7[COMRAM] enum E3063
   662 ;; Return value:  Size  Location     Type
   663 ;;                  1    wreg      enum E3063
   664 ;; Registers used:
   665 ;;		wreg, fsr2l, fsr2h, status,2, status,0, prodl, prodh
   666 ;; Tracked objects:
   667 ;;		On entry : 0/0
   668 ;;		On exit  : 0/0
   669 ;;		Unchanged: 0/0
   670 ;; Data sizes:     COMRAM   BANK0   BANK1   BANK2   BANK3   BANK4   BANK5   BANK6   BANK7   BANK8   BANK9  BANK10  BANK1
      +1  BANK12  BANK13  BANK14  BANK15
   671 ;;      Params:         2       0       0       0       0       0       0       0       0       0       0       0       
      +0       0       0       0       0
   672 ;;      Locals:         1       0       0       0       0       0       0       0       0       0       0       0       
      +0       0       0       0       0
   673 ;;      Temps:          5       0       0       0       0       0       0       0       0       0       0       0       
      +0       0       0       0       0
   674 ;;      Totals:         8       0       0       0       0       0       0       0       0       0       0       0       
      +0       0       0       0       0
   675 ;;Total ram usage:        8 bytes
   676 ;; Hardware stack levels used: 1
   677 ;; This function calls:
   678 ;;		Nothing
   679 ;; This function is called by:
   680 ;;		_GPIO_PIN_INITIALIZE
   681 ;;		_SEGMENT_WRITE_NUMBER
   682 ;;		_DC_MOTOR_ROTATE_CW
   683 ;;		_DC_MOTOR_ROTATE_CCW
   684 ;;		_DC_MOTOR_STOP
   685 ;;		_LED_Turn_ON
   686 ;;		_LED_Turn_OFF
   687 ;;		_RELAY_TURN_ON
   688 ;;		_RELAY_TURN_OFF
   689 ;; This function uses a non-reentrant model
   690 ;;
   691                           
   692                           	psect	text5
   693   001124                     __ptext5:
   694                           	callstack 0
   695   001124                     _GPIO_PIN_WRITE_LOGIC:
   696                           	callstack 26
   697   001124                     
   698                           ;MCAL/GPIO/HAL_GPIO.c: 86:     if(((void*)0) == _PIN_CONFIG || _PIN_CONFIG->PIN >= 8){
   699   001124  5027               	movf	GPIO_PIN_WRITE_LOGIC@_PIN_CONFIG^0,w,c
   700   001126  B4D8               	btfsc	status,2,c
   701   001128  EF98  F008         	goto	u661
   702   00112C  EF9A  F008         	goto	u660
   703   001130                     u661:
   704   001130  EFAA  F008         	goto	l1452
   705   001134                     u660:
   706   001134  5027               	movf	GPIO_PIN_WRITE_LOGIC@_PIN_CONFIG^0,w,c
   707   001136  6ED9               	movwf	fsr2l,c
   708   001138  6ADA               	clrf	fsr2h,c
   709   00113A  30DF               	rrcf	223,w,c
   710   00113C  32E8               	rrcf	wreg,f,c
   711   00113E  32E8               	rrcf	wreg,f,c
   712   001140  0B07               	andlw	7
   713   001142  6E29               	movwf	??_GPIO_PIN_WRITE_LOGIC^0,c
   714   001144  0E07               	movlw	7
   715   001146  6429               	cpfsgt	??_GPIO_PIN_WRITE_LOGIC^0,c
   716   001148  EFA8  F008         	goto	u671
   717   00114C  EFAA  F008         	goto	u670
   718   001150                     u671:
   719   001150  EF03  F009         	goto	l1466
   720   001154                     u670:
   721   001154                     l1452:
   722                           
   723                           ;MCAL/GPIO/HAL_GPIO.c: 87:         Retval= E_NOT_OK;
   724   001154  0E00               	movlw	0
   725   001156  6E2E               	movwf	GPIO_PIN_WRITE_LOGIC@Retval^0,c
   726                           
   727                           ;MCAL/GPIO/HAL_GPIO.c: 88:     }
   728   001158  EF18  F009         	goto	l1468
   729   00115C                     l1454:
   730                           
   731                           ;MCAL/GPIO/HAL_GPIO.c: 92:                 (*LAT_REG[_PIN_CONFIG->PORT] &= ~(((uint8)0x0
      +                          1) << _PIN_CONFIG->PIN));
   732   00115C  5027               	movf	GPIO_PIN_WRITE_LOGIC@_PIN_CONFIG^0,w,c
   733   00115E  6ED9               	movwf	fsr2l,c
   734   001160  6ADA               	clrf	fsr2h,c
   735   001162  30DF               	rrcf	223,w,c
   736   001164  32E8               	rrcf	wreg,f,c
   737   001166  32E8               	rrcf	wreg,f,c
   738   001168  0B07               	andlw	7
   739   00116A  6E29               	movwf	??_GPIO_PIN_WRITE_LOGIC^0,c
   740   00116C  0E01               	movlw	1
   741   00116E  6E2A               	movwf	(??_GPIO_PIN_WRITE_LOGIC+1)^0,c
   742   001170  2A29               	incf	??_GPIO_PIN_WRITE_LOGIC^0,f,c
   743   001172  EFBD  F008         	goto	u684
   744   001176                     u685:
   745   001176  90D8               	bcf	status,0,c
   746   001178  362A               	rlcf	(??_GPIO_PIN_WRITE_LOGIC+1)^0,f,c
   747   00117A                     u684:
   748   00117A  2E29               	decfsz	??_GPIO_PIN_WRITE_LOGIC^0,f,c
   749   00117C  EFBB  F008         	goto	u685
   750   001180  502A               	movf	(??_GPIO_PIN_WRITE_LOGIC+1)^0,w,c
   751   001182  0AFF               	xorlw	255
   752   001184  6E2B               	movwf	(??_GPIO_PIN_WRITE_LOGIC+2)^0,c
   753   001186  5027               	movf	GPIO_PIN_WRITE_LOGIC@_PIN_CONFIG^0,w,c
   754   001188  6ED9               	movwf	fsr2l,c
   755   00118A  6ADA               	clrf	fsr2h,c
   756   00118C  50DF               	movf	223,w,c
   757   00118E  0B07               	andlw	7
   758   001190  0D02               	mullw	2
   759   001192  50F3               	movf	243,w,c
   760   001194  0F01               	addlw	low _LAT_REG
   761   001196  6ED9               	movwf	fsr2l,c
   762   001198  6ADA               	clrf	fsr2h,c
   763   00119A  CFDE F02C          	movff	postinc2,??_GPIO_PIN_WRITE_LOGIC+3
   764   00119E  CFDD F02D          	movff	postdec2,??_GPIO_PIN_WRITE_LOGIC+4
   765   0011A2  C02C  FFD9         	movff	??_GPIO_PIN_WRITE_LOGIC+3,fsr2l
   766   0011A6  C02D  FFDA         	movff	??_GPIO_PIN_WRITE_LOGIC+4,fsr2h
   767   0011AA  502B               	movf	(??_GPIO_PIN_WRITE_LOGIC+2)^0,w,c
   768   0011AC  16DF               	andwf	indf2,f,c
   769   0011AE                     l1456:
   770                           
   771                           ;MCAL/GPIO/HAL_GPIO.c: 93:                 Retval = E_OK;
   772   0011AE  0E01               	movlw	1
   773   0011B0  6E2E               	movwf	GPIO_PIN_WRITE_LOGIC@Retval^0,c
   774                           
   775                           ;MCAL/GPIO/HAL_GPIO.c: 94:                 break;
   776   0011B2  EF18  F009         	goto	l1468
   777   0011B6                     l1458:
   778                           
   779                           ;MCAL/GPIO/HAL_GPIO.c: 96:                 (*LAT_REG[_PIN_CONFIG->PORT] |= (((uint8)0x01
      +                          ) << _PIN_CONFIG->PIN));
   780   0011B6  5027               	movf	GPIO_PIN_WRITE_LOGIC@_PIN_CONFIG^0,w,c
   781   0011B8  6ED9               	movwf	fsr2l,c
   782   0011BA  6ADA               	clrf	fsr2h,c
   783   0011BC  30DF               	rrcf	223,w,c
   784   0011BE  32E8               	rrcf	wreg,f,c
   785   0011C0  32E8               	rrcf	wreg,f,c
   786   0011C2  0B07               	andlw	7
   787   0011C4  6E29               	movwf	??_GPIO_PIN_WRITE_LOGIC^0,c
   788   0011C6  0E01               	movlw	1
   789   0011C8  6E2A               	movwf	(??_GPIO_PIN_WRITE_LOGIC+1)^0,c
   790   0011CA  2A29               	incf	??_GPIO_PIN_WRITE_LOGIC^0,f,c
   791   0011CC  EFEA  F008         	goto	u694
   792   0011D0                     u695:
   793   0011D0  90D8               	bcf	status,0,c
   794   0011D2  362A               	rlcf	(??_GPIO_PIN_WRITE_LOGIC+1)^0,f,c
   795   0011D4                     u694:
   796   0011D4  2E29               	decfsz	??_GPIO_PIN_WRITE_LOGIC^0,f,c
   797   0011D6  EFE8  F008         	goto	u695
   798   0011DA  5027               	movf	GPIO_PIN_WRITE_LOGIC@_PIN_CONFIG^0,w,c
   799   0011DC  6ED9               	movwf	fsr2l,c
   800   0011DE  6ADA               	clrf	fsr2h,c
   801   0011E0  50DF               	movf	223,w,c
   802   0011E2  0B07               	andlw	7
   803   0011E4  0D02               	mullw	2
   804   0011E6  50F3               	movf	243,w,c
   805   0011E8  0F01               	addlw	low _LAT_REG
   806   0011EA  6ED9               	movwf	fsr2l,c
   807   0011EC  6ADA               	clrf	fsr2h,c
   808   0011EE  CFDE F02B          	movff	postinc2,??_GPIO_PIN_WRITE_LOGIC+2
   809   0011F2  CFDD F02C          	movff	postdec2,??_GPIO_PIN_WRITE_LOGIC+3
   810   0011F6  C02B  FFD9         	movff	??_GPIO_PIN_WRITE_LOGIC+2,fsr2l
   811   0011FA  C02C  FFDA         	movff	??_GPIO_PIN_WRITE_LOGIC+3,fsr2h
   812   0011FE  502A               	movf	(??_GPIO_PIN_WRITE_LOGIC+1)^0,w,c
   813   001200  12DF               	iorwf	indf2,f,c
   814   001202  EFD7  F008         	goto	l1456
   815   001206                     l1466:
   816   001206  5028               	movf	GPIO_PIN_WRITE_LOGIC@LOGIC^0,w,c
   817   001208  6E29               	movwf	??_GPIO_PIN_WRITE_LOGIC^0,c
   818   00120A  6A2A               	clrf	(??_GPIO_PIN_WRITE_LOGIC+1)^0,c
   819                           
   820                           ; Switch on 2 bytes has been partitioned into a top level switch of size 1, and 1 sub-sw
      +                          itches
   821                           ; Switch size 1, requested type "simple"
   822                           ; Number of cases is 1, Range of values is 0 to 0
   823                           ; switch strategies available:
   824                           ; Name         Instructions Cycles
   825                           ; simple_byte            4     3 (average)
   826                           ;	Chosen strategy is simple_byte
   827   00120C  502A               	movf	(??_GPIO_PIN_WRITE_LOGIC+1)^0,w,c
   828   00120E  0A00               	xorlw	0	; case 0
   829   001210  B4D8               	btfsc	status,2,c
   830   001212  EF0D  F009         	goto	l1766
   831   001216  EFAA  F008         	goto	l1452
   832   00121A                     l1766:
   833                           
   834                           ; Switch size 1, requested type "simple"
   835                           ; Number of cases is 2, Range of values is 0 to 1
   836                           ; switch strategies available:
   837                           ; Name         Instructions Cycles
   838                           ; simple_byte            7     4 (average)
   839                           ;	Chosen strategy is simple_byte
   840   00121A  5029               	movf	??_GPIO_PIN_WRITE_LOGIC^0,w,c
   841   00121C  0A00               	xorlw	0	; case 0
   842   00121E  B4D8               	btfsc	status,2,c
   843   001220  EFAE  F008         	goto	l1454
   844   001224  0A01               	xorlw	1	; case 1
   845   001226  B4D8               	btfsc	status,2,c
   846   001228  EFDB  F008         	goto	l1458
   847   00122C  EFAA  F008         	goto	l1452
   848   001230                     l1468:
   849                           
   850                           ;MCAL/GPIO/HAL_GPIO.c: 104:     return Retval;
   851   001230  502E               	movf	GPIO_PIN_WRITE_LOGIC@Retval^0,w,c
   852   001232  0012               	return		;funcret
   853   001234                     __end_of_GPIO_PIN_WRITE_LOGIC:
   854                           	callstack 0
   855                           
   856 ;; *************** function _GPIO_PIN_DIRECTION_INITIALIZE *****************
   857 ;; Defined at:
   858 ;;		line 29 in file "MCAL/GPIO/HAL_GPIO.c"
   859 ;; Parameters:    Size  Location     Type
   860 ;;  _PIN_CONFIG     1    0[COMRAM] PTR const struct .
   861 ;;		 -> keypad1$KEYPAD_COLUMNS_PINS(4), keypad1$KEYPAD_ROWS_PINS(4), keypad1(8), RELAY_INITIALIZE@pin(1), 
   862 ;;		 -> LED_INITIALIZE@PIN_OBJ(1), 
   863 ;; Auto vars:     Size  Location     Type
   864 ;;  Retval          1    6[COMRAM] enum E3063
   865 ;; Return value:  Size  Location     Type
   866 ;;                  1    wreg      enum E3063
   867 ;; Registers used:
   868 ;;		wreg, fsr2l, fsr2h, status,2, status,0, prodl, prodh
   869 ;; Tracked objects:
   870 ;;		On entry : 0/0
   871 ;;		On exit  : 0/0
   872 ;;		Unchanged: 0/0
   873 ;; Data sizes:     COMRAM   BANK0   BANK1   BANK2   BANK3   BANK4   BANK5   BANK6   BANK7   BANK8   BANK9  BANK10  BANK1
      +1  BANK12  BANK13  BANK14  BANK15
   874 ;;      Params:         1       0       0       0       0       0       0       0       0       0       0       0       
      +0       0       0       0       0
   875 ;;      Locals:         1       0       0       0       0       0       0       0       0       0       0       0       
      +0       0       0       0       0
   876 ;;      Temps:          5       0       0       0       0       0       0       0       0       0       0       0       
      +0       0       0       0       0
   877 ;;      Totals:         7       0       0       0       0       0       0       0       0       0       0       0       
      +0       0       0       0       0
   878 ;;Total ram usage:        7 bytes
   879 ;; Hardware stack levels used: 1
   880 ;; This function calls:
   881 ;;		Nothing
   882 ;; This function is called by:
   883 ;;		_GPIO_PIN_INITIALIZE
   884 ;;		_KEYPAD_INITIALIZE
   885 ;;		_BUTTON_INITIALIZE
   886 ;; This function uses a non-reentrant model
   887 ;;
   888                           
   889                           	psect	text6
   890   001012                     __ptext6:
   891                           	callstack 0
   892   001012                     _GPIO_PIN_DIRECTION_INITIALIZE:
   893                           	callstack 26
   894   001012                     
   895                           ;MCAL/GPIO/HAL_GPIO.c: 31:     if(((void*)0) == _PIN_CONFIG || _PIN_CONFIG->PIN >= 8){
   896   001012  5027               	movf	GPIO_PIN_DIRECTION_INITIALIZE@_PIN_CONFIG^0,w,c
   897   001014  B4D8               	btfsc	status,2,c
   898   001016  EF0F  F008         	goto	u701
   899   00101A  EF11  F008         	goto	u700
   900   00101E                     u701:
   901   00101E  EF21  F008         	goto	l1480
   902   001022                     u700:
   903   001022  5027               	movf	GPIO_PIN_DIRECTION_INITIALIZE@_PIN_CONFIG^0,w,c
   904   001024  6ED9               	movwf	fsr2l,c
   905   001026  6ADA               	clrf	fsr2h,c
   906   001028  30DF               	rrcf	223,w,c
   907   00102A  32E8               	rrcf	wreg,f,c
   908   00102C  32E8               	rrcf	wreg,f,c
   909   00102E  0B07               	andlw	7
   910   001030  6E28               	movwf	??_GPIO_PIN_DIRECTION_INITIALIZE^0,c
   911   001032  0E07               	movlw	7
   912   001034  6428               	cpfsgt	??_GPIO_PIN_DIRECTION_INITIALIZE^0,c
   913   001036  EF1F  F008         	goto	u711
   914   00103A  EF21  F008         	goto	u710
   915   00103E                     u711:
   916   00103E  EF7A  F008         	goto	l1494
   917   001042                     u710:
   918   001042                     l1480:
   919                           
   920                           ;MCAL/GPIO/HAL_GPIO.c: 32:         Retval = E_NOT_OK;
   921   001042  0E00               	movlw	0
   922   001044  6E2D               	movwf	GPIO_PIN_DIRECTION_INITIALIZE@Retval^0,c
   923                           
   924                           ;MCAL/GPIO/HAL_GPIO.c: 33:     }
   925   001046  EF90  F008         	goto	l1496
   926   00104A                     l1482:
   927                           
   928                           ;MCAL/GPIO/HAL_GPIO.c: 37:                 (*TRIS_REG[_PIN_CONFIG->PORT] &= ~(((uint8)0x
      +                          01) << _PIN_CONFIG->PIN));
   929   00104A  5027               	movf	GPIO_PIN_DIRECTION_INITIALIZE@_PIN_CONFIG^0,w,c
   930   00104C  6ED9               	movwf	fsr2l,c
   931   00104E  6ADA               	clrf	fsr2h,c
   932   001050  30DF               	rrcf	223,w,c
   933   001052  32E8               	rrcf	wreg,f,c
   934   001054  32E8               	rrcf	wreg,f,c
   935   001056  0B07               	andlw	7
   936   001058  6E28               	movwf	??_GPIO_PIN_DIRECTION_INITIALIZE^0,c
   937   00105A  0E01               	movlw	1
   938   00105C  6E29               	movwf	(??_GPIO_PIN_DIRECTION_INITIALIZE+1)^0,c
   939   00105E  2A28               	incf	??_GPIO_PIN_DIRECTION_INITIALIZE^0,f,c
   940   001060  EF34  F008         	goto	u724
   941   001064                     u725:
   942   001064  90D8               	bcf	status,0,c
   943   001066  3629               	rlcf	(??_GPIO_PIN_DIRECTION_INITIALIZE+1)^0,f,c
   944   001068                     u724:
   945   001068  2E28               	decfsz	??_GPIO_PIN_DIRECTION_INITIALIZE^0,f,c
   946   00106A  EF32  F008         	goto	u725
   947   00106E  5029               	movf	(??_GPIO_PIN_DIRECTION_INITIALIZE+1)^0,w,c
   948   001070  0AFF               	xorlw	255
   949   001072  6E2A               	movwf	(??_GPIO_PIN_DIRECTION_INITIALIZE+2)^0,c
   950   001074  5027               	movf	GPIO_PIN_DIRECTION_INITIALIZE@_PIN_CONFIG^0,w,c
   951   001076  6ED9               	movwf	fsr2l,c
   952   001078  6ADA               	clrf	fsr2h,c
   953   00107A  50DF               	movf	223,w,c
   954   00107C  0B07               	andlw	7
   955   00107E  0D02               	mullw	2
   956   001080  50F3               	movf	243,w,c
   957   001082  0F15               	addlw	low _TRIS_REG
   958   001084  6ED9               	movwf	fsr2l,c
   959   001086  6ADA               	clrf	fsr2h,c
   960   001088  CFDE F02B          	movff	postinc2,??_GPIO_PIN_DIRECTION_INITIALIZE+3
   961   00108C  CFDD F02C          	movff	postdec2,??_GPIO_PIN_DIRECTION_INITIALIZE+4
   962   001090  C02B  FFD9         	movff	??_GPIO_PIN_DIRECTION_INITIALIZE+3,fsr2l
   963   001094  C02C  FFDA         	movff	??_GPIO_PIN_DIRECTION_INITIALIZE+4,fsr2h
   964   001098  502A               	movf	(??_GPIO_PIN_DIRECTION_INITIALIZE+2)^0,w,c
   965   00109A  16DF               	andwf	indf2,f,c
   966   00109C                     l1484:
   967                           
   968                           ;MCAL/GPIO/HAL_GPIO.c: 38:                 Retval = E_OK;
   969   00109C  0E01               	movlw	1
   970   00109E  6E2D               	movwf	GPIO_PIN_DIRECTION_INITIALIZE@Retval^0,c
   971                           
   972                           ;MCAL/GPIO/HAL_GPIO.c: 39:                 break;
   973   0010A0  EF90  F008         	goto	l1496
   974   0010A4                     l1486:
   975                           
   976                           ;MCAL/GPIO/HAL_GPIO.c: 41:                 (*TRIS_REG[_PIN_CONFIG->PORT] |= (((uint8)0x0
      +                          1) << _PIN_CONFIG->PIN));
   977   0010A4  5027               	movf	GPIO_PIN_DIRECTION_INITIALIZE@_PIN_CONFIG^0,w,c
   978   0010A6  6ED9               	movwf	fsr2l,c
   979   0010A8  6ADA               	clrf	fsr2h,c
   980   0010AA  30DF               	rrcf	223,w,c
   981   0010AC  32E8               	rrcf	wreg,f,c
   982   0010AE  32E8               	rrcf	wreg,f,c
   983   0010B0  0B07               	andlw	7
   984   0010B2  6E28               	movwf	??_GPIO_PIN_DIRECTION_INITIALIZE^0,c
   985   0010B4  0E01               	movlw	1
   986   0010B6  6E29               	movwf	(??_GPIO_PIN_DIRECTION_INITIALIZE+1)^0,c
   987   0010B8  2A28               	incf	??_GPIO_PIN_DIRECTION_INITIALIZE^0,f,c
   988   0010BA  EF61  F008         	goto	u734
   989   0010BE                     u735:
   990   0010BE  90D8               	bcf	status,0,c
   991   0010C0  3629               	rlcf	(??_GPIO_PIN_DIRECTION_INITIALIZE+1)^0,f,c
   992   0010C2                     u734:
   993   0010C2  2E28               	decfsz	??_GPIO_PIN_DIRECTION_INITIALIZE^0,f,c
   994   0010C4  EF5F  F008         	goto	u735
   995   0010C8  5027               	movf	GPIO_PIN_DIRECTION_INITIALIZE@_PIN_CONFIG^0,w,c
   996   0010CA  6ED9               	movwf	fsr2l,c
   997   0010CC  6ADA               	clrf	fsr2h,c
   998   0010CE  50DF               	movf	223,w,c
   999   0010D0  0B07               	andlw	7
  1000   0010D2  0D02               	mullw	2
  1001   0010D4  50F3               	movf	243,w,c
  1002   0010D6  0F15               	addlw	low _TRIS_REG
  1003   0010D8  6ED9               	movwf	fsr2l,c
  1004   0010DA  6ADA               	clrf	fsr2h,c
  1005   0010DC  CFDE F02A          	movff	postinc2,??_GPIO_PIN_DIRECTION_INITIALIZE+2
  1006   0010E0  CFDD F02B          	movff	postdec2,??_GPIO_PIN_DIRECTION_INITIALIZE+3
  1007   0010E4  C02A  FFD9         	movff	??_GPIO_PIN_DIRECTION_INITIALIZE+2,fsr2l
  1008   0010E8  C02B  FFDA         	movff	??_GPIO_PIN_DIRECTION_INITIALIZE+3,fsr2h
  1009   0010EC  5029               	movf	(??_GPIO_PIN_DIRECTION_INITIALIZE+1)^0,w,c
  1010   0010EE  12DF               	iorwf	indf2,f,c
  1011   0010F0  EF4E  F008         	goto	l1484
  1012   0010F4                     l1494:
  1013   0010F4  5027               	movf	GPIO_PIN_DIRECTION_INITIALIZE@_PIN_CONFIG^0,w,c
  1014   0010F6  6ED9               	movwf	fsr2l,c
  1015   0010F8  6ADA               	clrf	fsr2h,c
  1016   0010FA  BCDF               	btfsc	indf2,6,c
  1017   0010FC  EF82  F008         	goto	u741
  1018   001100  EF85  F008         	goto	u740
  1019   001104                     u741:
  1020   001104  0E01               	movlw	1
  1021   001106  EF86  F008         	goto	u746
  1022   00110A                     u740:
  1023   00110A  0E00               	movlw	0
  1024   00110C                     u746:
  1025                           
  1026                           ; Switch size 1, requested type "simple"
  1027                           ; Number of cases is 2, Range of values is 0 to 1
  1028                           ; switch strategies available:
  1029                           ; Name         Instructions Cycles
  1030                           ; simple_byte            7     4 (average)
  1031                           ;	Chosen strategy is simple_byte
  1032   00110C  0A00               	xorlw	0	; case 0
  1033   00110E  B4D8               	btfsc	status,2,c
  1034   001110  EF25  F008         	goto	l1482
  1035   001114  0A01               	xorlw	1	; case 1
  1036   001116  B4D8               	btfsc	status,2,c
  1037   001118  EF52  F008         	goto	l1486
  1038   00111C  EF21  F008         	goto	l1480
  1039   001120                     l1496:
  1040                           
  1041                           ;MCAL/GPIO/HAL_GPIO.c: 49:     return Retval;
  1042   001120  502D               	movf	GPIO_PIN_DIRECTION_INITIALIZE@Retval^0,w,c
  1043   001122  0012               	return		;funcret
  1044   001124                     __end_of_GPIO_PIN_DIRECTION_INITIALIZE:
  1045                           	callstack 0
  1046                           
  1047                           	psect	rparam
  1048   000000                     
  1049                           	psect	config
  1050                           
  1051                           ; Padding undefined space
  1052   300000                     	org	3145728
  1053   300000  FF                 	db	255
  1054                           
  1055                           ;Config register CONFIG1H @ 0x300001
  1056                           ;	Oscillator Selection bits
  1057                           ;	FOSC = HS, HS oscillator
  1058                           ;	Fail-Safe Clock Monitor Enable bit
  1059                           ;	FCMEN = OFF, Fail-Safe Clock Monitor disabled
  1060                           ;	Internal/External Oscillator Switchover bit
  1061                           ;	IESO = OFF, Oscillator Switchover mode disabled
  1062   300001                     	org	3145729
  1063   300001  02                 	db	2
  1064                           
  1065                           ;Config register CONFIG2L @ 0x300002
  1066                           ;	Power-up Timer Enable bit
  1067                           ;	PWRTEN = OFF, PWRT disabled
  1068                           ;	Brown-out Reset Enable bits
  1069                           ;	BOREN = OFF, Brown-out Reset disabled in hardware and software
  1070                           ;	Brown Out Reset Voltage bits
  1071                           ;	BORV = 18, VBOR set to 1.8 V nominal
  1072   300002                     	org	3145730
  1073   300002  19                 	db	25
  1074                           
  1075                           ;Config register CONFIG2H @ 0x300003
  1076                           ;	Watchdog Timer Enable bit
  1077                           ;	WDTEN = OFF, WDT is controlled by SWDTEN bit of the WDTCON register
  1078                           ;	Watchdog Timer Postscale Select bits
  1079                           ;	WDTPS = 32768, 1:32768
  1080   300003                     	org	3145731
  1081   300003  1E                 	db	30
  1082                           
  1083                           ; Padding undefined space
  1084   300004                     	org	3145732
  1085   300004  FF                 	db	255
  1086                           
  1087                           ;Config register CONFIG3H @ 0x300005
  1088                           ;	CCP2 MUX bit
  1089                           ;	CCP2MX = PORTC, CCP2 input/output is multiplexed with RC1
  1090                           ;	PORTB A/D Enable bit
  1091                           ;	PBADEN = OFF, PORTB<4:0> pins are configured as digital I/O on Reset
  1092                           ;	Low-Power Timer1 Oscillator Enable bit
  1093                           ;	LPT1OSC = OFF, Timer1 configured for higher power operation
  1094                           ;	HFINTOSC Fast Start-up
  1095                           ;	HFOFST = ON, HFINTOSC starts clocking the CPU without waiting for the oscillator to st
      +                          ablize.
  1096                           ;	MCLR Pin Enable bit
  1097                           ;	MCLRE = ON, MCLR pin enabled; RE3 input pin disabled
  1098   300005                     	org	3145733
  1099   300005  89                 	db	137
  1100                           
  1101                           ;Config register CONFIG4L @ 0x300006
  1102                           ;	Stack Full/Underflow Reset Enable bit
  1103                           ;	STVREN = ON, Stack full/underflow will cause Reset
  1104                           ;	Single-Supply ICSP Enable bit
  1105                           ;	LVP = OFF, Single-Supply ICSP disabled
  1106                           ;	Extended Instruction Set Enable bit
  1107                           ;	XINST = OFF, Instruction set extension and Indexed Addressing mode disabled (Legacy mo
      +                          de)
  1108                           ;	Background Debugger Enable bit
  1109                           ;	DEBUG = 0x1, unprogrammed default
  1110   300006                     	org	3145734
  1111   300006  81                 	db	129
  1112                           
  1113                           ; Padding undefined space
  1114   300007                     	org	3145735
  1115   300007  FF                 	db	255
  1116                           
  1117                           ;Config register CONFIG5L @ 0x300008
  1118                           ;	Code Protection Block 0
  1119                           ;	CP0 = OFF, Block 0 (000800-003FFFh) not code-protected
  1120                           ;	Code Protection Block 1
  1121                           ;	CP1 = OFF, Block 1 (004000-007FFFh) not code-protected
  1122                           ;	Code Protection Block 2
  1123                           ;	CP2 = OFF, Block 2 (008000-00BFFFh) not code-protected
  1124                           ;	Code Protection Block 3
  1125                           ;	CP3 = OFF, Block 3 (00C000-00FFFFh) not code-protected
  1126   300008                     	org	3145736
  1127   300008  0F                 	db	15
  1128                           
  1129                           ;Config register CONFIG5H @ 0x300009
  1130                           ;	Boot Block Code Protection bit
  1131                           ;	CPB = OFF, Boot block (000000-0007FFh) not code-protected
  1132                           ;	Data EEPROM Code Protection bit
  1133                           ;	CPD = OFF, Data EEPROM not code-protected
  1134   300009                     	org	3145737
  1135   300009  C0                 	db	192
  1136                           
  1137                           ;Config register CONFIG6L @ 0x30000A
  1138                           ;	Write Protection Block 0
  1139                           ;	WRT0 = OFF, Block 0 (000800-003FFFh) not write-protected
  1140                           ;	Write Protection Block 1
  1141                           ;	WRT1 = OFF, Block 1 (004000-007FFFh) not write-protected
  1142                           ;	Write Protection Block 2
  1143                           ;	WRT2 = OFF, Block 2 (008000-00BFFFh) not write-protected
  1144                           ;	Write Protection Block 3
  1145                           ;	WRT3 = OFF, Block 3 (00C000h-00FFFFh) not write-protected
  1146   30000A                     	org	3145738
  1147   30000A  0F                 	db	15
  1148                           
  1149                           ;Config register CONFIG6H @ 0x30000B
  1150                           ;	Configuration Register Write Protection bit
  1151                           ;	WRTC = OFF, Configuration registers (300000-3000FFh) not write-protected
  1152                           ;	Boot Block Write Protection bit
  1153                           ;	WRTB = OFF, Boot Block (000000-0007FFh) not write-protected
  1154                           ;	Data EEPROM Write Protection bit
  1155                           ;	WRTD = OFF, Data EEPROM not write-protected
  1156   30000B                     	org	3145739
  1157   30000B  E0                 	db	224
  1158                           
  1159                           ;Config register CONFIG7L @ 0x30000C
  1160                           ;	Table Read Protection Block 0
  1161                           ;	EBTR0 = OFF, Block 0 (000800-003FFFh) not protected from table reads executed in other
      +                           blocks
  1162                           ;	Table Read Protection Block 1
  1163                           ;	EBTR1 = OFF, Block 1 (004000-007FFFh) not protected from table reads executed in other
      +                           blocks
  1164                           ;	Table Read Protection Block 2
  1165                           ;	EBTR2 = OFF, Block 2 (008000-00BFFFh) not protected from table reads executed in other
      +                           blocks
  1166                           ;	Table Read Protection Block 3
  1167                           ;	EBTR3 = OFF, Block 3 (00C000-00FFFFh) not protected from table reads executed in other
      +                           blocks
  1168   30000C                     	org	3145740
  1169   30000C  0F                 	db	15
  1170                           
  1171                           ;Config register CONFIG7H @ 0x30000D
  1172                           ;	Boot Block Table Read Protection bit
  1173                           ;	EBTRB = OFF, Boot Block (000000-0007FFh) not protected from table reads executed in ot
      +                          her blocks
  1174   30000D                     	org	3145741
  1175   30000D  40                 	db	64
  1176                           tosu	equ	0xFFF
  1177                           tosh	equ	0xFFE
  1178                           tosl	equ	0xFFD
  1179                           stkptr	equ	0xFFC
  1180                           pclatu	equ	0xFFB
  1181                           pclath	equ	0xFFA
  1182                           pcl	equ	0xFF9
  1183                           tblptru	equ	0xFF8
  1184                           tblptrh	equ	0xFF7
  1185                           tblptrl	equ	0xFF6
  1186                           tablat	equ	0xFF5
  1187                           prodh	equ	0xFF4
  1188                           prodl	equ	0xFF3
  1189                           indf0	equ	0xFEF
  1190                           postinc0	equ	0xFEE
  1191                           postdec0	equ	0xFED
  1192                           preinc0	equ	0xFEC
  1193                           plusw0	equ	0xFEB
  1194                           fsr0h	equ	0xFEA
  1195                           fsr0l	equ	0xFE9
  1196                           wreg	equ	0xFE8
  1197                           indf1	equ	0xFE7
  1198                           postinc1	equ	0xFE6
  1199                           postdec1	equ	0xFE5
  1200                           preinc1	equ	0xFE4
  1201                           plusw1	equ	0xFE3
  1202                           fsr1h	equ	0xFE2
  1203                           fsr1l	equ	0xFE1
  1204                           bsr	equ	0xFE0
  1205                           indf2	equ	0xFDF
  1206                           postinc2	equ	0xFDE
  1207                           postdec2	equ	0xFDD
  1208                           preinc2	equ	0xFDC
  1209                           plusw2	equ	0xFDB
  1210                           fsr2h	equ	0xFDA
  1211                           fsr2l	equ	0xFD9
  1212                           status	equ	0xFD8

Data Sizes:
    Strings     0
    Constant    16
    Data        38
    BSS         8
    Persistent  0
    Stack       0

Auto Spaces:
    Space          Size  Autos    Used
    COMRAM           95     17      63
    BANK0           160      0       0
    BANK1           256      0       0
    BANK2           256      0       0
    BANK3           256      0       0
    BANK4           256      0       0
    BANK5           256      0       0
    BANK6           256      0       0
    BANK7           256      0       0
    BANK8           256      0       0
    BANK9           256      0       0
    BANK10          256      0       0
    BANK11          256      0       0
    BANK12          256      0       0
    BANK13          256      0       0
    BANK14          256      0       0
    BANK15           96      0       0

Pointer List with Targets:

    GPIO_PIN_DIRECTION_INITIALIZE@_PIN_CONFIG	PTR const struct . size(1) Largest target is 8
		 -> keypad1(COMRAM[8]), keypad1$KEYPAD_COLUMNS_PINS(COMRAM[4]), keypad1$KEYPAD_ROWS_PINS(COMRAM[4]), LED_INITIALIZE@PIN_OBJ(COMRAM[1]), 
		 -> RELAY_INITIALIZE@pin(COMRAM[1]), 

    GPIO_PIN_INITIALIZE@_PIN_CONFIG	PTR const struct . size(1) Largest target is 8
		 -> keypad1(COMRAM[8]), keypad1$KEYPAD_ROWS_PINS(COMRAM[4]), LED_INITIALIZE@PIN_OBJ(COMRAM[1]), RELAY_INITIALIZE@pin(COMRAM[1]), 

    GPIO_PIN_WRITE_LOGIC@_PIN_CONFIG	PTR const struct . size(1) Largest target is 8
		 -> keypad1(COMRAM[8]), keypad1$KEYPAD_ROWS_PINS(COMRAM[4]), LED_INITIALIZE@PIN_OBJ(COMRAM[1]), LED_Turn_OFF@PIN_OBJ(COMRAM[1]), 
		 -> LED_Turn_ON@PIN_OBJ(COMRAM[1]), RELAY_INITIALIZE@pin(COMRAM[1]), RELAY_TURN_OFF@pin(COMRAM[1]), RELAY_TURN_ON@pin(COMRAM[1]), 

    KEYPAD_INITIALIZE@keypad	PTR const struct . size(1) Largest target is 8
		 -> keypad1(COMRAM[8]), 

    LAT_REG	PTR volatile unsigned char [5] size(2) Largest target is 1
		 -> LATA(BITBIGSFRlhl[1]), LATB(BITBIGSFRlhh[1]), LATC(BITBIGSFRlhh[1]), LATD(BITBIGSFRlhh[1]), 
		 -> LATE(BITBIGSFRlhh[1]), 

    PORT_REG	PTR volatile unsigned char [5] size(2) Largest target is 1
		 -> PORTA(BITBIGSFRll[1]), PORTB(BITBIGSFRlhl[1]), PORTC(BITBIGSFRlhl[1]), PORTD(BITBIGSFRlhl[1]), 
		 -> PORTE(BITBIGSFRlhl[1]), 

    TRIS_REG	PTR volatile unsigned char [5] size(2) Largest target is 1
		 -> TRISA(BITBIGSFRll[1]), TRISB(BITBIGSFRh[1]), TRISC(BITBIGSFRh[1]), TRISD(BITBIGSFRh[1]), 
		 -> TRISE(BITBIGSFRh[1]), 


Critical Paths under _main in COMRAM

    _ECU_LAYER_INITIALIZE->_KEYPAD_INITIALIZE
    _KEYPAD_INITIALIZE->_GPIO_PIN_INITIALIZE
    _GPIO_PIN_INITIALIZE->_GPIO_PIN_WRITE_LOGIC

Critical Paths under _main in BANK0

    None.

Critical Paths under _main in BANK1

    None.

Critical Paths under _main in BANK2

    None.

Critical Paths under _main in BANK3

    None.

Critical Paths under _main in BANK4

    None.

Critical Paths under _main in BANK5

    None.

Critical Paths under _main in BANK6

    None.

Critical Paths under _main in BANK7

    None.

Critical Paths under _main in BANK8

    None.

Critical Paths under _main in BANK9

    None.

Critical Paths under _main in BANK10

    None.

Critical Paths under _main in BANK11

    None.

Critical Paths under _main in BANK12

    None.

Critical Paths under _main in BANK13

    None.

Critical Paths under _main in BANK14

    None.

Critical Paths under _main in BANK15

    None.

Call Graph Tables:

 ---------------------------------------------------------------------------------
 (Depth) Function   	        Calls       Base Space   Used Autos Params    Refs
 ---------------------------------------------------------------------------------
 (0) _main                                                 0     0      0    3720
              _Application_intialize
 ---------------------------------------------------------------------------------
 (1) _Application_intialize                                0     0      0    3720
               _ECU_LAYER_INITIALIZE
 ---------------------------------------------------------------------------------
 (2) _ECU_LAYER_INITIALIZE                                 1     1      0    3720
                  _KEYPAD_INITIALIZE
 ---------------------------------------------------------------------------------
 (3) _KEYPAD_INITIALIZE                                    6     5      1    3718
                                             11 COMRAM     6     5      1
      _GPIO_PIN_DIRECTION_INITIALIZE
                _GPIO_PIN_INITIALIZE
 ---------------------------------------------------------------------------------
 (4) _GPIO_PIN_INITIALIZE                                  3     2      1    3005
                                              8 COMRAM     3     2      1
      _GPIO_PIN_DIRECTION_INITIALIZE
               _GPIO_PIN_WRITE_LOGIC
 ---------------------------------------------------------------------------------
 (5) _GPIO_PIN_WRITE_LOGIC                                 8     6      2    2005
                                              0 COMRAM     8     6      2
 ---------------------------------------------------------------------------------
 (5) _GPIO_PIN_DIRECTION_INITIALIZE                        7     6      1     409
                                              0 COMRAM     7     6      1
 ---------------------------------------------------------------------------------
 Estimated maximum stack depth 5
 ---------------------------------------------------------------------------------

 Call Graph Graphs:

 _main (ROOT)
   _Application_intialize
     _ECU_LAYER_INITIALIZE
       _KEYPAD_INITIALIZE
         _GPIO_PIN_DIRECTION_INITIALIZE
         _GPIO_PIN_INITIALIZE
           _GPIO_PIN_DIRECTION_INITIALIZE
           _GPIO_PIN_WRITE_LOGIC

 Address spaces:
Name               Size   Autos  Total    Cost      Usage
BIGRAM             F5F      0       0      41        0.0%
EEDATA             400      0       0       0        0.0%
BITBANK14          100      0       0      32        0.0%
BANK14             100      0       0      33        0.0%
BITBANK13          100      0       0      30        0.0%
BANK13             100      0       0      31        0.0%
BITBANK12          100      0       0      28        0.0%
BANK12             100      0       0      29        0.0%
BITBANK11          100      0       0      26        0.0%
BANK11             100      0       0      27        0.0%
BITBANK10          100      0       0      24        0.0%
BANK10             100      0       0      25        0.0%
BITBANK9           100      0       0      22        0.0%
BANK9              100      0       0      23        0.0%
BITBANK8           100      0       0      20        0.0%
BANK8              100      0       0      21        0.0%
BITBANK7           100      0       0      18        0.0%
BANK7              100      0       0      19        0.0%
BITBANK6           100      0       0      16        0.0%
BANK6              100      0       0      17        0.0%
BITBANK5           100      0       0      14        0.0%
BANK5              100      0       0      15        0.0%
BITBANK4           100      0       0      12        0.0%
BANK4              100      0       0      13        0.0%
BITBANK3           100      0       0      10        0.0%
BANK3              100      0       0      11        0.0%
BITBANK2           100      0       0       8        0.0%
BANK2              100      0       0       9        0.0%
BITBANK1           100      0       0       6        0.0%
BANK1              100      0       0       7        0.0%
BITBANK0            A0      0       0       4        0.0%
BANK0               A0      0       0       5        0.0%
BITBIGSFRh          69      0       0      36        0.0%
BITBANK15           60      0       0      34        0.0%
BANK15              60      0       0      35        0.0%
BITCOMRAM           5F      0       0       0        0.0%
COMRAM              5F     11      3F       1       66.3%
BITBIGSFRll         20      0       0      39        0.0%
BITBIGSFRlhh         4      0       0      37        0.0%
BITBIGSFRlhl         4      0       0      38        0.0%
BIGSFR               0      0       0     200        0.0%
BITSFR               0      0       0     200        0.0%
SFR                  0      0       0     200        0.0%
STACK                0      0       0       2        0.0%
NULL                 0      0       0       0        0.0%
ABS                  0      0      3F      40        0.0%
DATA                 0      0      3F       3        0.0%
CODE                 0      0       0       0        0.0%


Microchip Technology PIC18 Macro Assembler V2.46 build 20240104201356 
Symbol Table                                                                                   Tue Oct 01 18:56:06 2024

                     ??_KEYPAD_INITIALIZE 0033                    ??_GPIO_PIN_WRITE_LOGIC 0029  
                                     l215 1314                                       l261 138C  
                                     l175 1122                                       l255 1376  
                                     l256 1376                                       l194 1232  
                                     l290 1386                                       l276 12B6  
                                     u700 1022                                       u701 101E  
                                     u710 1042                                       u711 103E  
                                     u740 110A                                       u724 1068  
                                     u660 1134                                       u741 1104  
                                     u725 1064                                       u661 1130  
                                     u734 10C2                                       u670 1154  
                                     u750 12C8                                       u735 10BE  
                                     u671 1150                                       u751 12C4  
                                     u760 12E8                                       u761 12E4  
                                     u746 110C                                       u770 1244  
                                     u771 1240                                       u684 117A  
                                     u780 127E                                       u685 1176  
                                     u781 127A                                       u694 11D4  
                                     u790 12B4                                       u695 11D0  
                                     u791 12B0                                       _Ret 0038  
                                     wreg 0FE8                                      l1500 12B8  
                                    l1510 1312                                      l1502 12C8  
                                    l1504 12E8                                      l1450 1134  
                                    l1506 12F0                                      l1530 127E  
                                    l1514 1234                                      l1452 1154  
                                    l1508 130E                                      l1540 1298  
                                    l1524 1254                                      l1516 1244  
                                    l1454 115C                                      l1526 125E  
                                    l1542 12B4                                      l1518 124C  
                                    l1550 1388                                      l1480 1042  
                                    l1456 11AE                                      l1448 1124  
                                    l1536 1286                                      l1528 1262  
                                    l1482 104A                                      l1458 11B6  
                                    l1466 1206                                      l1538 1294  
                                    l1546 137E                                      l1484 109C  
                                    l1476 1012                                      l1468 1230  
                                    l1548 137E                                      l1486 10A4  
                                    l1494 10F4                                      l1478 1022  
                                    l1496 1120                                      l1760 1372  
                                    l1766 121A                 __end_of_KEYPAD_INITIALIZE 12B8  
                                    _LATA 0F89                                      _LATB 0F8A  
                                    _LATC 0F8B                                      _LATD 0F8C  
                                    _LATE 0F8D                       LED_INITIALIZE@F3148 003F  
                                    _main 1372                                      fsr2h 0FDA  
                                    indf2 0FDF                                      fsr1l 0FE1  
                                    fsr2l 0FD9                                      prodl 0FF3  
                                    start 0004                             _KEYPAD_VALUES 1001  
                            ___param_bank 0000                                     ?_main 0027  
                                   _PORTA 0F80                                     _PORTB 0F81  
                                   _PORTC 0F82                                     _PORTD 0F83  
                                   _PORTE 0F84                                     _TRISA 0F92  
                                   _TRISB 0F93                                     _TRISC 0F94  
                                   _TRISD 0F95                                     _TRISE 0F96  
                  ?_Application_intialize 0027                                     tablat 0FF5  
                                   status 0FD8                           __initialization 1316  
                            __end_of_main 137E              __end_of_ECU_LAYER_INITIALIZE 1388  
                                  ??_main 0038                             __activetblptr 0002  
                                  clear_0 133C                                    isa$std 0001  
                        LED_Turn_ON@F3153 003E                              __pdataCOMRAM 0001  
                            __mediumconst 0000                                    tblptrh 0FF7  
                                  tblptrl 0FF6                                    tblptru 0FF8  
                              __accesstop 0060                   __end_of__initialization 1342  
                           ___rparam_used 0001                            __pcstackCOMRAM 0027  
                     _GPIO_PIN_INITIALIZE 12B8            ?_GPIO_PIN_DIRECTION_INITIALIZE 0027  
                    ?_GPIO_PIN_INITIALIZE 002F                      _ECU_LAYER_INITIALIZE 137E  
                                 _LAT_REG 0001                   ??_Application_intialize 0038  
                   ??_GPIO_PIN_INITIALIZE 0030                     ?_ECU_LAYER_INITIALIZE 0027  
                     RELAY_TURN_OFF@F3158 0039                                   __Hparam 0000  
                                 __Lparam 0000                              __psmallconst 1000  
                                 __pcinit 1316                                   __ramtop 1000  
                                 __ptext0 1372                                   __ptext1 1388  
                                 __ptext2 137E                                   __ptext3 1234  
                                 __ptext4 12B8                                   __ptext5 1124  
                                 __ptext6 1012                                   _keypad1 001F  
                       LED_Turn_OFF@F3158 003D                      end_of_initialization 1342  
                           __Lmediumconst 0000                                   postdec1 0FE5  
                                 postdec2 0FDD                                   postinc0 0FEE  
                                 postinc2 0FDE                    ??_ECU_LAYER_INITIALIZE 0038  
          GPIO_PIN_INITIALIZE@_PIN_CONFIG 002F                             __pidataCOMRAM 134C  
                     start_initialization 1316           ??_GPIO_PIN_DIRECTION_INITIALIZE 0028  
              GPIO_PIN_WRITE_LOGIC@Retval 002E                        KEYPAD_INITIALIZE@c 0036  
                      KEYPAD_INITIALIZE@r 0034                     __end_of_KEYPAD_VALUES 1011  
                             __pbssCOMRAM 0038             __end_of_Application_intialize 138E  
            __end_of_GPIO_PIN_WRITE_LOGIC 1234                   KEYPAD_INITIALIZE@Retval 0033  
                 KEYPAD_INITIALIZE@keypad 0032  GPIO_PIN_DIRECTION_INITIALIZE@_PIN_CONFIG 0027  
             __end_of_GPIO_PIN_INITIALIZE 1316                               __smallconst 1000  
                      RELAY_TURN_ON@F3152 003A           GPIO_PIN_WRITE_LOGIC@_PIN_CONFIG 0027  
   __end_of_GPIO_PIN_DIRECTION_INITIALIZE 1124             _GPIO_PIN_DIRECTION_INITIALIZE 1012  
                                _PORT_REG 000B                 GPIO_PIN_INITIALIZE@Retval 0031  
                                _TRIS_REG 0015                                 copy_data0 132A  
               GPIO_PIN_WRITE_LOGIC@LOGIC 0028                                  __Hrparam 0000  
                                __Lrparam 0000                      _GPIO_PIN_WRITE_LOGIC 1124  
     GPIO_PIN_DIRECTION_INITIALIZE@Retval 002D                                  isa$xinst 0000  
                         LED_TOGGLE@F3163 003C                     ?_GPIO_PIN_WRITE_LOGIC 0027  
                   _Application_intialize 1388                         _KEYPAD_INITIALIZE 1234  
                      ?_KEYPAD_INITIALIZE 0032                     RELAY_INITIALIZE@F3146 003B  
