

Microchip MPLAB XC8 Assembler V2.46 build 20240104201356 
                                                                                               Tue Oct 01 18:56:02 2024

Microchip MPLAB XC8 C Compiler v2.46 (Free license) build 20240104201356 Og1 
     1                           	processor	18F46K20
     2                           	fnconf	rparam,??,?,0
     3                           	pagewidth 120
     4                           	opt	flic
     5                           	psect	idataCOMRAM,global,class=CODE,delta=1,noexec
     6                           	psect	smallconst,global,reloc=2,class=SMALLCONST,delta=1,noexec
     7                           	psect	cinit,global,reloc=2,class=CODE,delta=1
     8                           	psect	bssCOMRAM,global,class=COMRAM,space=1,delta=1,lowdata,noexec
     9                           	psect	dataCOMRAM,global,class=COMRAM,space=1,delta=1,lowdata,noexec
    10                           	psect	cstackCOMRAM,global,class=COMRAM,space=1,delta=1,lowdata,noexec
    11                           	psect	text0,global,reloc=2,class=CODE,delta=1
    12                           	psect	text1,global,reloc=2,class=CODE,delta=1
    13                           	psect	text2,global,reloc=2,class=CODE,delta=1
    14                           	psect	text3,global,reloc=2,class=CODE,delta=1
    15                           	psect	text4,global,reloc=2,class=CODE,delta=1
    16                           	psect	text5,global,reloc=2,class=CODE,delta=1
    17                           	psect	text6,global,reloc=2,class=CODE,delta=1
    18                           	psect	intsave_regs,global,class=BIGRAM,space=1,delta=1,noexec
    19                           	psect	rparam,global,class=COMRAM,space=1,delta=1,noexec
    20                           	psect	config,global,abs,ovrld,class=CONFIG,space=4,delta=1,noexec
    21   000000                     
    22                           ; Generated 12/10/2023 GMT
    23                           ; 
    24                           ; Copyright © 2023, Microchip Technology Inc. and its subsidiaries ("Microchip")
    25                           ; All rights reserved.
    26                           ; 
    27                           ; This software is developed by Microchip Technology Inc. and its subsidiaries ("Microch
      +                          ip").
    28                           ; 
    29                           ; Redistribution and use in source and binary forms, with or without modification, are
    30                           ; permitted provided that the following conditions are met:
    31                           ; 
    32                           ;     1. Redistributions of source code must retain the above copyright notice, this lis
      +                          t of
    33                           ;        conditions and the following disclaimer.
    34                           ; 
    35                           ;     2. Redistributions in binary form must reproduce the above copyright notice, this 
      +                          list
    36                           ;        of conditions and the following disclaimer in the documentation and/or other
    37                           ;        materials provided with the distribution. Publication is not required when
    38                           ;        this file is used in an embedded application.
    39                           ; 
    40                           ;     3. Microchip's name may not be used to endorse or promote products derived from th
      +                          is
    41                           ;        software without specific prior written permission.
    42                           ; 
    43                           ; THIS SOFTWARE IS PROVIDED BY MICROCHIP "AS IS" AND ANY EXPRESS OR IMPLIED WARRANTIES,
    44                           ; INCLUDING, BUT NOT LIMITED TO, THE IMPLIED WARRANTIES OF MERCHANTABILITY AND FITNESS F
      +                          OR
    45                           ; PURPOSE ARE DISCLAIMED.  IN NO EVENT SHALL MICROCHIP BE LIABLE FOR ANY DIRECT, INDIREC
      +                          T,
    46                           ; INCIDENTAL, SPECIAL, EXEMPLARY, OR CONSEQUENTIAL DAMAGES (INCLUDING BUT NOT LIMITED TO
    47                           ; PROCUREMENT OF SUBSTITUTE GOODS OR SERVICES; LOSS OF USE, DATA OR PROFITS; OR BUSINESS
    48                           ; INTERRUPTION) HOWSOEVER CAUSED AND ON ANY THEORY OF LIABILITY, WHETHER IN CONTRACT, ST
      +                          RICT
    49                           ; LIABILITY, OR TORT (INCLUDING NEGLIGENCE OR OTHERWISE) ARISING IN ANY WAY OUT OF THE U
      +                          SE OF
    50                           ; THIS SOFTWARE, EVEN IF ADVISED OF THE POSSIBILITY OF SUCH DAMAGE.
    51                           ; 
    52                           ; 
    53                           ; Code-generator required, PIC18F46K20 Definitions
    54                           ; 
    55                           ; SFR Addresses
    56   000000                     
    57                           	psect	idataCOMRAM
    58   0012AE                     __pidataCOMRAM:
    59                           	callstack 0
    60                           
    61                           ;initializer for _LAT_REG
    62   0012AE  89                 	db	137
    63   0012AF  0F                 	db	15
    64   0012B0  8A                 	db	138
    65   0012B1  0F                 	db	15
    66   0012B2  8B                 	db	139
    67   0012B3  0F                 	db	15
    68   0012B4  8C                 	db	140
    69   0012B5  0F                 	db	15
    70   0012B6  8D                 	db	141
    71   0012B7  0F                 	db	15
    72                           
    73                           ;initializer for _PORT_REG
    74   0012B8  80                 	db	128
    75   0012B9  0F                 	db	15
    76   0012BA  81                 	db	129
    77   0012BB  0F                 	db	15
    78   0012BC  82                 	db	130
    79   0012BD  0F                 	db	15
    80   0012BE  83                 	db	131
    81   0012BF  0F                 	db	15
    82   0012C0  84                 	db	132
    83   0012C1  0F                 	db	15
    84                           
    85                           ;initializer for _TRIS_REG
    86   0012C2  92                 	db	146
    87   0012C3  0F                 	db	15
    88   0012C4  93                 	db	147
    89   0012C5  0F                 	db	15
    90   0012C6  94                 	db	148
    91   0012C7  0F                 	db	15
    92   0012C8  95                 	db	149
    93   0012C9  0F                 	db	15
    94   0012CA  96                 	db	150
    95   0012CB  0F                 	db	15
    96                           
    97                           ;initializer for _keypad1
    98   0012CC  02                 	db	2
    99   0012CD  0A                 	db	10
   100   0012CE  12                 	db	18
   101   0012CF  1A                 	db	26
   102   0012D0  62                 	db	98
   103   0012D1  6A                 	db	106
   104   0012D2  72                 	db	114
   105   0012D3  7A                 	db	122
   106                           
   107                           	psect	smallconst
   108   001000                     __psmallconst:
   109                           	callstack 0
   110   001000  00                 	db	0
   111   001001  37                 	db	55
   112   001002  38                 	db	56
   113   001003  39                 	db	57
   114   001004  2F                 	db	47
   115   001005  34                 	db	52
   116   001006  35                 	db	53
   117   001007  36                 	db	54
   118   001008  2A                 	db	42
   119   001009  31                 	db	49
   120   00100A  32                 	db	50
   121   00100B  33                 	db	51
   122   00100C  2D                 	db	45
   123   00100D  43                 	db	67
   124   00100E  30                 	db	48
   125   00100F  3D                 	db	61
   126   001010  2B                 	db	43
   127   001011                     __end_of_KEYPAD_VALUES:
   128                           	callstack 0
   129   000000                     _PORTA	set	3968
   130   000000                     _TRISA	set	3986
   131   000000                     _TRISE	set	3990
   132   000000                     _TRISD	set	3989
   133   000000                     _TRISC	set	3988
   134   000000                     _TRISB	set	3987
   135   000000                     _LATA	set	3977
   136   000000                     _PORTE	set	3972
   137   000000                     _PORTD	set	3971
   138   000000                     _PORTC	set	3970
   139   000000                     _PORTB	set	3969
   140   000000                     _LATE	set	3981
   141   000000                     _LATD	set	3980
   142   000000                     _LATC	set	3979
   143   000000                     _LATB	set	3978
   144   001011  00                 	db	0	; dummy byte at the end
   145   000000                     
   146                           ; #config settings
   147                           
   148                           	psect	cinit
   149   001278                     __pcinit:
   150                           	callstack 0
   151   001278                     start_initialization:
   152                           	callstack 0
   153   001278                     __initialization:
   154                           	callstack 0
   155                           
   156                           ; Initialize objects allocated to COMRAM (38 bytes)
   157                           ; load TBLPTR registers with __pidataCOMRAM
   158   001278  0EAE               	movlw	low __pidataCOMRAM
   159   00127A  6EF6               	movwf	tblptrl,c
   160   00127C  0E12               	movlw	high __pidataCOMRAM
   161   00127E  6EF7               	movwf	tblptrh,c
   162   001280  0E00               	movlw	low (__pidataCOMRAM shr (0+16))
   163   001282  6EF8               	movwf	tblptru,c
   164   001284  EE00  F001         	lfsr	0,__pdataCOMRAM
   165   001288  EE10 F026          	lfsr	1,38
   166   00128C                     copy_data0:
   167   00128C  0009               	tblrd		*+
   168   00128E  CFF5 FFEE          	movff	tablat,postinc0
   169   001292  50E5               	movf	postdec1,w,c
   170   001294  50E1               	movf	fsr1l,w,c
   171   001296  E1FA               	bnz	copy_data0
   172                           
   173                           ; Clear objects allocated to COMRAM (8 bytes)
   174   001298  EE00  F038         	lfsr	0,__pbssCOMRAM
   175   00129C  0E08               	movlw	8
   176   00129E                     clear_0:
   177   00129E  6AEE               	clrf	postinc0,c
   178   0012A0  06E8               	decf	wreg,f,c
   179   0012A2  E1FD               	bnz	clear_0
   180   0012A4                     end_of_initialization:
   181                           	callstack 0
   182   0012A4                     __end_of__initialization:
   183                           	callstack 0
   184   0012A4  0E00               	movlw	low (__Lmediumconst shr (0+16))
   185   0012A6  6EF8               	movwf	tblptru,c
   186   0012A8  0100               	movlb	0
   187   0012AA  EF6F  F009         	goto	_main	;jump to C main() function
   188                           
   189                           	psect	bssCOMRAM
   190   000038                     __pbssCOMRAM:
   191                           	callstack 0
   192   000038                     _Ret:
   193                           	callstack 0
   194   000038                     	ds	1
   195   000039                     RELAY_TURN_OFF@F3158:
   196                           	callstack 0
   197   000039                     	ds	1
   198   00003A                     RELAY_TURN_ON@F3152:
   199                           	callstack 0
   200   00003A                     	ds	1
   201   00003B                     RELAY_INITIALIZE@F3146:
   202                           	callstack 0
   203   00003B                     	ds	1
   204   00003C                     LED_TOGGLE@F3163:
   205                           	callstack 0
   206   00003C                     	ds	1
   207   00003D                     LED_Turn_OFF@F3158:
   208                           	callstack 0
   209   00003D                     	ds	1
   210   00003E                     LED_Turn_ON@F3153:
   211                           	callstack 0
   212   00003E                     	ds	1
   213   00003F                     LED_INITIALIZE@F3148:
   214                           	callstack 0
   215   00003F                     	ds	1
   216                           
   217                           	psect	dataCOMRAM
   218   000001                     __pdataCOMRAM:
   219                           	callstack 0
   220   000001                     _LAT_REG:
   221                           	callstack 0
   222   000001                     	ds	10
   223   00000B                     _PORT_REG:
   224                           	callstack 0
   225   00000B                     	ds	10
   226   000015                     _TRIS_REG:
   227                           	callstack 0
   228   000015                     	ds	10
   229   00001F                     _keypad1:
   230                           	callstack 0
   231   00001F                     	ds	8
   232                           
   233                           	psect	cstackCOMRAM
   234   000027                     __pcstackCOMRAM:
   235                           	callstack 0
   236   000027                     GPIO_PIN_DIRECTION_INITIALIZE@_PIN_CONFIG:
   237                           	callstack 0
   238   000027                     GPIO_PIN_WRITE_LOGIC@_PIN_CONFIG:
   239                           	callstack 0
   240                           
   241                           ; 1 bytes @ 0x0
   242   000027                     	ds	1
   243   000028                     ??_GPIO_PIN_DIRECTION_INITIALIZE:
   244   000028                     GPIO_PIN_WRITE_LOGIC@LOGIC:
   245                           	callstack 0
   246                           
   247                           ; 1 bytes @ 0x1
   248   000028                     	ds	1
   249   000029                     ??_GPIO_PIN_WRITE_LOGIC:
   250                           
   251                           ; 1 bytes @ 0x2
   252   000029                     	ds	4
   253   00002D                     GPIO_PIN_DIRECTION_INITIALIZE@Retval:
   254                           	callstack 0
   255                           
   256                           ; 1 bytes @ 0x6
   257   00002D                     	ds	1
   258   00002E                     GPIO_PIN_WRITE_LOGIC@Retval:
   259                           	callstack 0
   260                           
   261                           ; 1 bytes @ 0x7
   262   00002E                     	ds	1
   263   00002F                     GPIO_PIN_INITIALIZE@_PIN_CONFIG:
   264                           	callstack 0
   265                           
   266                           ; 1 bytes @ 0x8
   267   00002F                     	ds	1
   268   000030                     ??_GPIO_PIN_INITIALIZE:
   269                           
   270                           ; 1 bytes @ 0x9
   271   000030                     	ds	1
   272   000031                     GPIO_PIN_INITIALIZE@Retval:
   273                           	callstack 0
   274                           
   275                           ; 1 bytes @ 0xA
   276   000031                     	ds	1
   277   000032                     KEYPAD_INITIALIZE@keypad:
   278                           	callstack 0
   279                           
   280                           ; 1 bytes @ 0xB
   281   000032                     	ds	1
   282   000033                     KEYPAD_INITIALIZE@Retval:
   283                           	callstack 0
   284                           
   285                           ; 1 bytes @ 0xC
   286   000033                     	ds	1
   287   000034                     KEYPAD_INITIALIZE@r:
   288                           	callstack 0
   289                           
   290                           ; 2 bytes @ 0xD
   291   000034                     	ds	2
   292   000036                     KEYPAD_INITIALIZE@c:
   293                           	callstack 0
   294                           
   295                           ; 2 bytes @ 0xF
   296   000036                     	ds	2
   297   000038                     
   298                           ; 1 bytes @ 0x11
   299 ;;
   300 ;;Main: autosize = 0, tempsize = 0, incstack = 0, save=0
   301 ;;
   302 ;; *************** function _main *****************
   303 ;; Defined at:
   304 ;;		line 12 in file "Drivers_Main.c"
   305 ;; Parameters:    Size  Location     Type
   306 ;;		None
   307 ;; Auto vars:     Size  Location     Type
   308 ;;		None
   309 ;; Return value:  Size  Location     Type
   310 ;;                  2  254[None  ] int 
   311 ;; Registers used:
   312 ;;		wreg, fsr2l, fsr2h, status,2, status,0, prodl, prodh, cstack
   313 ;; Tracked objects:
   314 ;;		On entry : 0/0
   315 ;;		On exit  : 0/0
   316 ;;		Unchanged: 0/0
   317 ;; Data sizes:     COMRAM   BANK0   BANK1   BANK2   BANK3   BANK4   BANK5   BANK6   BANK7   BANK8   BANK9  BANK10  BANK1
      +1  BANK12  BANK13  BANK14  BANK15
   318 ;;      Params:         0       0       0       0       0       0       0       0       0       0       0       0       
      +0       0       0       0       0
   319 ;;      Locals:         0       0       0       0       0       0       0       0       0       0       0       0       
      +0       0       0       0       0
   320 ;;      Temps:          0       0       0       0       0       0       0       0       0       0       0       0       
      +0       0       0       0       0
   321 ;;      Totals:         0       0       0       0       0       0       0       0       0       0       0       0       
      +0       0       0       0       0
   322 ;;Total ram usage:        0 bytes
   323 ;; Hardware stack levels required when called: 5
   324 ;; This function calls:
   325 ;;		_Application_intialize
   326 ;; This function is called by:
   327 ;;		Startup code after reset
   328 ;; This function uses a non-reentrant model
   329 ;;
   330                           
   331                           	psect	text0
   332   0012DE                     __ptext0:
   333                           	callstack 0
   334   0012DE                     _main:
   335                           	callstack 26
   336                           
   337                           ;Drivers_Main.c: 13:     Application_intialize();
   338                           
   339                           ;incstack = 0
   340   0012DE  EC72  F009         	call	_Application_intialize	;wreg free
   341   0012E2                     l255:
   342                           
   343                           ;Drivers_Main.c: 16:     }
   344   0012E2  D7FF               	goto	l255
   345   0012E4                     __end_of_main:
   346                           	callstack 0
   347                           
   348 ;; *************** function _Application_intialize *****************
   349 ;; Defined at:
   350 ;;		line 20 in file "Drivers_Main.c"
   351 ;; Parameters:    Size  Location     Type
   352 ;;		None
   353 ;; Auto vars:     Size  Location     Type
   354 ;;		None
   355 ;; Return value:  Size  Location     Type
   356 ;;                  1    wreg      void 
   357 ;; Registers used:
   358 ;;		wreg, fsr2l, fsr2h, status,2, status,0, prodl, prodh, cstack
   359 ;; Tracked objects:
   360 ;;		On entry : 0/0
   361 ;;		On exit  : 0/0
   362 ;;		Unchanged: 0/0
   363 ;; Data sizes:     COMRAM   BANK0   BANK1   BANK2   BANK3   BANK4   BANK5   BANK6   BANK7   BANK8   BANK9  BANK10  BANK1
      +1  BANK12  BANK13  BANK14  BANK15
   364 ;;      Params:         0       0       0       0       0       0       0       0       0       0       0       0       
      +0       0       0       0       0
   365 ;;      Locals:         0       0       0       0       0       0       0       0       0       0       0       0       
      +0       0       0       0       0
   366 ;;      Temps:          0       0       0       0       0       0       0       0       0       0       0       0       
      +0       0       0       0       0
   367 ;;      Totals:         0       0       0       0       0       0       0       0       0       0       0       0       
      +0       0       0       0       0
   368 ;;Total ram usage:        0 bytes
   369 ;; Hardware stack levels used: 1
   370 ;; Hardware stack levels required when called: 4
   371 ;; This function calls:
   372 ;;		_ECU_LAYER_INITIALIZE
   373 ;; This function is called by:
   374 ;;		_main
   375 ;; This function uses a non-reentrant model
   376 ;;
   377                           
   378                           	psect	text1
   379   0012E4                     __ptext1:
   380                           	callstack 0
   381   0012E4                     _Application_intialize:
   382                           	callstack 26
   383                           
   384                           ;Drivers_Main.c: 21:     ECU_LAYER_INITIALIZE();
   385                           
   386                           ;incstack = 0
   387   0012E4  EC6A  F009         	call	_ECU_LAYER_INITIALIZE	;wreg free
   388   0012E8  0012               	return		;funcret
   389   0012EA                     __end_of_Application_intialize:
   390                           	callstack 0
   391                           
   392 ;; *************** function _ECU_LAYER_INITIALIZE *****************
   393 ;; Defined at:
   394 ;;		line 50 in file "ECUAL/ECU_INIT.c"
   395 ;; Parameters:    Size  Location     Type
   396 ;;		None
   397 ;; Auto vars:     Size  Location     Type
   398 ;;  Ret             1    0        enum E3063
   399 ;; Return value:  Size  Location     Type
   400 ;;                  1    wreg      void 
   401 ;; Registers used:
   402 ;;		wreg, fsr2l, fsr2h, status,2, status,0, prodl, prodh, cstack
   403 ;; Tracked objects:
   404 ;;		On entry : 0/0
   405 ;;		On exit  : 0/0
   406 ;;		Unchanged: 0/0
   407 ;; Data sizes:     COMRAM   BANK0   BANK1   BANK2   BANK3   BANK4   BANK5   BANK6   BANK7   BANK8   BANK9  BANK10  BANK1
      +1  BANK12  BANK13  BANK14  BANK15
   408 ;;      Params:         0       0       0       0       0       0       0       0       0       0       0       0       
      +0       0       0       0       0
   409 ;;      Locals:         0       0       0       0       0       0       0       0       0       0       0       0       
      +0       0       0       0       0
   410 ;;      Temps:          0       0       0       0       0       0       0       0       0       0       0       0       
      +0       0       0       0       0
   411 ;;      Totals:         0       0       0       0       0       0       0       0       0       0       0       0       
      +0       0       0       0       0
   412 ;;Total ram usage:        0 bytes
   413 ;; Hardware stack levels used: 1
   414 ;; Hardware stack levels required when called: 3
   415 ;; This function calls:
   416 ;;		_KEYPAD_INITIALIZE
   417 ;; This function is called by:
   418 ;;		_Application_intialize
   419 ;; This function uses a non-reentrant model
   420 ;;
   421                           
   422                           	psect	text2
   423   0012D4                     __ptext2:
   424                           	callstack 0
   425   0012D4                     _ECU_LAYER_INITIALIZE:
   426                           	callstack 26
   427                           
   428                           ;incstack = 0
   429   0012D4  0E1F               	movlw	low _keypad1
   430   0012D6  6E32               	movwf	KEYPAD_INITIALIZE@keypad^0,c
   431   0012D8  ECE9  F008         	call	_KEYPAD_INITIALIZE	;wreg free
   432   0012DC  0012               	return		;funcret
   433   0012DE                     __end_of_ECU_LAYER_INITIALIZE:
   434                           	callstack 0
   435                           
   436 ;; *************** function _KEYPAD_INITIALIZE *****************
   437 ;; Defined at:
   438 ;;		line 22 in file "ECUAL/Keypad/ECU_KEYPAD.c"
   439 ;; Parameters:    Size  Location     Type
   440 ;;  keypad          1   11[COMRAM] PTR const struct .
   441 ;;		 -> keypad1(8), 
   442 ;; Auto vars:     Size  Location     Type
   443 ;;  c               2   15[COMRAM] int 
   444 ;;  r               2   13[COMRAM] int 
   445 ;;  Retval          1   12[COMRAM] enum E3063
   446 ;; Return value:  Size  Location     Type
   447 ;;                  1    wreg      enum E3063
   448 ;; Registers used:
   449 ;;		wreg, fsr2l, fsr2h, status,2, status,0, prodl, prodh, cstack
   450 ;; Tracked objects:
   451 ;;		On entry : 0/0
   452 ;;		On exit  : 0/0
   453 ;;		Unchanged: 0/0
   454 ;; Data sizes:     COMRAM   BANK0   BANK1   BANK2   BANK3   BANK4   BANK5   BANK6   BANK7   BANK8   BANK9  BANK10  BANK1
      +1  BANK12  BANK13  BANK14  BANK15
   455 ;;      Params:         1       0       0       0       0       0       0       0       0       0       0       0       
      +0       0       0       0       0
   456 ;;      Locals:         5       0       0       0       0       0       0       0       0       0       0       0       
      +0       0       0       0       0
   457 ;;      Temps:          0       0       0       0       0       0       0       0       0       0       0       0       
      +0       0       0       0       0
   458 ;;      Totals:         6       0       0       0       0       0       0       0       0       0       0       0       
      +0       0       0       0       0
   459 ;;Total ram usage:        6 bytes
   460 ;; Hardware stack levels used: 1
   461 ;; Hardware stack levels required when called: 2
   462 ;; This function calls:
   463 ;;		_GPIO_PIN_DIRECTION_INITIALIZE
   464 ;;		_GPIO_PIN_INITIALIZE
   465 ;; This function is called by:
   466 ;;		_ECU_LAYER_INITIALIZE
   467 ;; This function uses a non-reentrant model
   468 ;;
   469                           
   470                           	psect	text3
   471   0011D2                     __ptext3:
   472                           	callstack 0
   473   0011D2                     _KEYPAD_INITIALIZE:
   474                           	callstack 26
   475                           
   476                           ;ECUAL/Keypad/ECU_KEYPAD.c: 24:     if(((void*)0) == keypad){
   477                           
   478                           ;incstack = 0
   479   0011D2  5032               	movf	KEYPAD_INITIALIZE@keypad^0,w,c
   480   0011D4  A4D8               	btfss	status,2,c
   481   0011D6  D003               	goto	l1518
   482                           
   483                           ;ECUAL/Keypad/ECU_KEYPAD.c: 25:         Retval = E_NOT_OK;
   484   0011D8  0E00               	movlw	0
   485   0011DA  6E33               	movwf	KEYPAD_INITIALIZE@Retval^0,c
   486                           
   487                           ;ECUAL/Keypad/ECU_KEYPAD.c: 26:     }
   488   0011DC  D028               	goto	u790
   489   0011DE                     l1518:
   490                           
   491                           ;ECUAL/Keypad/ECU_KEYPAD.c: 28:         for(int r = 0x00; r < 0x04 ; r++){
   492   0011DE  0E00               	movlw	0
   493   0011E0  6E35               	movwf	(KEYPAD_INITIALIZE@r+1)^0,c
   494   0011E2  0E00               	movlw	0
   495   0011E4  6E34               	movwf	KEYPAD_INITIALIZE@r^0,c
   496   0011E6                     l1524:
   497   0011E6  5032               	movf	KEYPAD_INITIALIZE@keypad^0,w,c
   498   0011E8  2434               	addwf	KEYPAD_INITIALIZE@r^0,w,c
   499   0011EA  6E2F               	movwf	GPIO_PIN_INITIALIZE@_PIN_CONFIG^0,c
   500   0011EC  EC19  F009         	call	_GPIO_PIN_INITIALIZE	;wreg free
   501                           
   502                           ;ECUAL/Keypad/ECU_KEYPAD.c: 30:         }
   503   0011F0  4A34               	infsnz	KEYPAD_INITIALIZE@r^0,f,c
   504   0011F2  2A35               	incf	(KEYPAD_INITIALIZE@r+1)^0,f,c
   505   0011F4  BE35               	btfsc	(KEYPAD_INITIALIZE@r+1)^0,7,c
   506   0011F6  D7F7               	goto	l1524
   507   0011F8  5035               	movf	(KEYPAD_INITIALIZE@r+1)^0,w,c
   508   0011FA  E104               	bnz	u780
   509   0011FC  0E04               	movlw	4
   510   0011FE  5C34               	subwf	KEYPAD_INITIALIZE@r^0,w,c
   511   001200  A0D8               	btfss	status,0,c
   512   001202  D7F1               	goto	l1524
   513   001204                     u780:
   514                           
   515                           ;ECUAL/Keypad/ECU_KEYPAD.c: 31:         for(int c = 0x00; c < 0x04 ; c++){
   516   001204  0E00               	movlw	0
   517   001206  6E37               	movwf	(KEYPAD_INITIALIZE@c+1)^0,c
   518   001208  0E00               	movlw	0
   519   00120A  6E36               	movwf	KEYPAD_INITIALIZE@c^0,c
   520   00120C                     l1536:
   521                           
   522                           ;ECUAL/Keypad/ECU_KEYPAD.c: 32:             Retval = GPIO_PIN_DIRECTION_INITIALIZE(&(key
      +                          pad->KEYPAD_COLUMNS_PINS[c]));
   523   00120C  5032               	movf	KEYPAD_INITIALIZE@keypad^0,w,c
   524   00120E  2436               	addwf	KEYPAD_INITIALIZE@c^0,w,c
   525   001210  0F04               	addlw	4
   526   001212  6E27               	movwf	GPIO_PIN_DIRECTION_INITIALIZE@_PIN_CONFIG^0,c
   527   001214  EC79  F008         	call	_GPIO_PIN_DIRECTION_INITIALIZE	;wreg free
   528   001218  6E33               	movwf	KEYPAD_INITIALIZE@Retval^0,c
   529                           
   530                           ;ECUAL/Keypad/ECU_KEYPAD.c: 33:         }
   531   00121A  4A36               	infsnz	KEYPAD_INITIALIZE@c^0,f,c
   532   00121C  2A37               	incf	(KEYPAD_INITIALIZE@c+1)^0,f,c
   533   00121E  BE37               	btfsc	(KEYPAD_INITIALIZE@c+1)^0,7,c
   534   001220  D7F5               	goto	l1536
   535   001222  5037               	movf	(KEYPAD_INITIALIZE@c+1)^0,w,c
   536   001224  E104               	bnz	u790
   537   001226  0E04               	movlw	4
   538   001228  5C36               	subwf	KEYPAD_INITIALIZE@c^0,w,c
   539   00122A  A0D8               	btfss	status,0,c
   540   00122C  D7EF               	goto	l1536
   541   00122E                     u790:
   542                           
   543                           ;ECUAL/Keypad/ECU_KEYPAD.c: 35:     return Retval;
   544   00122E  5033               	movf	KEYPAD_INITIALIZE@Retval^0,w,c
   545   001230  0012               	return		;funcret
   546   001232                     __end_of_KEYPAD_INITIALIZE:
   547                           	callstack 0
   548                           
   549 ;; *************** function _GPIO_PIN_INITIALIZE *****************
   550 ;; Defined at:
   551 ;;		line 156 in file "MCAL/GPIO/HAL_GPIO.c"
   552 ;; Parameters:    Size  Location     Type
   553 ;;  _PIN_CONFIG     1    8[COMRAM] PTR const struct .
   554 ;;		 -> keypad1$KEYPAD_ROWS_PINS(4), keypad1(8), RELAY_INITIALIZE@pin(1), LED_INITIALIZE@PIN_OBJ(1), 
   555 ;; Auto vars:     Size  Location     Type
   556 ;;  Retval          1   10[COMRAM] enum E3063
   557 ;; Return value:  Size  Location     Type
   558 ;;                  1    wreg      enum E3063
   559 ;; Registers used:
   560 ;;		wreg, fsr2l, fsr2h, status,2, status,0, prodl, prodh, cstack
   561 ;; Tracked objects:
   562 ;;		On entry : 0/0
   563 ;;		On exit  : 0/0
   564 ;;		Unchanged: 0/0
   565 ;; Data sizes:     COMRAM   BANK0   BANK1   BANK2   BANK3   BANK4   BANK5   BANK6   BANK7   BANK8   BANK9  BANK10  BANK1
      +1  BANK12  BANK13  BANK14  BANK15
   566 ;;      Params:         1       0       0       0       0       0       0       0       0       0       0       0       
      +0       0       0       0       0
   567 ;;      Locals:         1       0       0       0       0       0       0       0       0       0       0       0       
      +0       0       0       0       0
   568 ;;      Temps:          1       0       0       0       0       0       0       0       0       0       0       0       
      +0       0       0       0       0
   569 ;;      Totals:         3       0       0       0       0       0       0       0       0       0       0       0       
      +0       0       0       0       0
   570 ;;Total ram usage:        3 bytes
   571 ;; Hardware stack levels used: 1
   572 ;; Hardware stack levels required when called: 1
   573 ;; This function calls:
   574 ;;		_GPIO_PIN_DIRECTION_INITIALIZE
   575 ;;		_GPIO_PIN_WRITE_LOGIC
   576 ;; This function is called by:
   577 ;;		_KEYPAD_INITIALIZE
   578 ;;		_SEGMENT_INITIALIZE
   579 ;;		_DC_MOTOR_INITIALIZE
   580 ;;		_LED_INITIALIZE
   581 ;;		_RELAY_INITIALIZE
   582 ;; This function uses a non-reentrant model
   583 ;;
   584                           
   585                           	psect	text4
   586   001232                     __ptext4:
   587                           	callstack 0
   588   001232                     _GPIO_PIN_INITIALIZE:
   589                           	callstack 26
   590                           
   591                           ;MCAL/GPIO/HAL_GPIO.c: 158:     if(((void*)0) == _PIN_CONFIG || _PIN_CONFIG->PIN >= 8){
   592                           
   593                           ;incstack = 0
   594   001232  502F               	movf	GPIO_PIN_INITIALIZE@_PIN_CONFIG^0,w,c
   595   001234  B4D8               	btfsc	status,2,c
   596   001236  D00B               	goto	u760
   597   001238  502F               	movf	GPIO_PIN_INITIALIZE@_PIN_CONFIG^0,w,c
   598   00123A  6ED9               	movwf	fsr2l,c
   599   00123C  6ADA               	clrf	fsr2h,c
   600   00123E  30DF               	rrcf	223,w,c
   601   001240  32E8               	rrcf	wreg,f,c
   602   001242  32E8               	rrcf	wreg,f,c
   603   001244  0B07               	andlw	7
   604   001246  6E30               	movwf	??_GPIO_PIN_INITIALIZE^0,c
   605   001248  0E07               	movlw	7
   606   00124A  6430               	cpfsgt	??_GPIO_PIN_INITIALIZE^0,c
   607   00124C  D002               	goto	l1506
   608   00124E                     u760:
   609                           
   610                           ;MCAL/GPIO/HAL_GPIO.c: 159:         Retval = E_NOT_OK;
   611   00124E  0E00               	movlw	0
   612   001250  D010               	goto	L1
   613   001252                     l1506:
   614                           
   615                           ;MCAL/GPIO/HAL_GPIO.c: 162:         GPIO_PIN_DIRECTION_INITIALIZE(_PIN_CONFIG);
   616   001252  C02F  F027         	movff	GPIO_PIN_INITIALIZE@_PIN_CONFIG,GPIO_PIN_DIRECTION_INITIALIZE@_PIN_CONFIG
   617   001256  EC79  F008         	call	_GPIO_PIN_DIRECTION_INITIALIZE	;wreg free
   618                           
   619                           ;MCAL/GPIO/HAL_GPIO.c: 163:         GPIO_PIN_WRITE_LOGIC(_PIN_CONFIG,_PIN_CONFIG->LOGIC)
      +                          ;
   620   00125A  C02F  F027         	movff	GPIO_PIN_INITIALIZE@_PIN_CONFIG,GPIO_PIN_WRITE_LOGIC@_PIN_CONFIG
   621   00125E  502F               	movf	GPIO_PIN_INITIALIZE@_PIN_CONFIG^0,w,c
   622   001260  6ED9               	movwf	fsr2l,c
   623   001262  6ADA               	clrf	fsr2h,c
   624   001264  0E00               	movlw	0
   625   001266  BEDF               	btfsc	indf2,7,c
   626   001268  0E01               	movlw	1
   627   00126A  6E28               	movwf	GPIO_PIN_WRITE_LOGIC@LOGIC^0,c
   628   00126C  EC09  F008         	call	_GPIO_PIN_WRITE_LOGIC	;wreg free
   629                           
   630                           ;MCAL/GPIO/HAL_GPIO.c: 164:         Retval = E_OK;
   631   001270  0E01               	movlw	1
   632   001272                     L1:
   633   001272  6E31               	movwf	GPIO_PIN_INITIALIZE@Retval^0,c
   634                           
   635                           ;MCAL/GPIO/HAL_GPIO.c: 166:     return Retval;
   636   001274  5031               	movf	GPIO_PIN_INITIALIZE@Retval^0,w,c
   637   001276  0012               	return		;funcret
   638   001278                     __end_of_GPIO_PIN_INITIALIZE:
   639                           	callstack 0
   640                           
   641 ;; *************** function _GPIO_PIN_WRITE_LOGIC *****************
   642 ;; Defined at:
   643 ;;		line 84 in file "MCAL/GPIO/HAL_GPIO.c"
   644 ;; Parameters:    Size  Location     Type
   645 ;;  _PIN_CONFIG     1    0[COMRAM] PTR const struct .
   646 ;;		 -> keypad1$KEYPAD_ROWS_PINS(4), keypad1(8), RELAY_TURN_OFF@pin(1), RELAY_TURN_ON@pin(1), 
   647 ;;		 -> RELAY_INITIALIZE@pin(1), LED_Turn_OFF@PIN_OBJ(1), LED_Turn_ON@PIN_OBJ(1), LED_INITIALIZE@PIN_OBJ(1), 
   648 ;;  LOGIC           1    1[COMRAM] enum E3067
   649 ;; Auto vars:     Size  Location     Type
   650 ;;  Retval          1    7[COMRAM] enum E3063
   651 ;; Return value:  Size  Location     Type
   652 ;;                  1    wreg      enum E3063
   653 ;; Registers used:
   654 ;;		wreg, fsr2l, fsr2h, status,2, status,0, prodl, prodh
   655 ;; Tracked objects:
   656 ;;		On entry : 0/0
   657 ;;		On exit  : 0/0
   658 ;;		Unchanged: 0/0
   659 ;; Data sizes:     COMRAM   BANK0   BANK1   BANK2   BANK3   BANK4   BANK5   BANK6   BANK7   BANK8   BANK9  BANK10  BANK1
      +1  BANK12  BANK13  BANK14  BANK15
   660 ;;      Params:         2       0       0       0       0       0       0       0       0       0       0       0       
      +0       0       0       0       0
   661 ;;      Locals:         1       0       0       0       0       0       0       0       0       0       0       0       
      +0       0       0       0       0
   662 ;;      Temps:          5       0       0       0       0       0       0       0       0       0       0       0       
      +0       0       0       0       0
   663 ;;      Totals:         8       0       0       0       0       0       0       0       0       0       0       0       
      +0       0       0       0       0
   664 ;;Total ram usage:        8 bytes
   665 ;; Hardware stack levels used: 1
   666 ;; This function calls:
   667 ;;		Nothing
   668 ;; This function is called by:
   669 ;;		_GPIO_PIN_INITIALIZE
   670 ;;		_SEGMENT_WRITE_NUMBER
   671 ;;		_DC_MOTOR_ROTATE_CW
   672 ;;		_DC_MOTOR_ROTATE_CCW
   673 ;;		_DC_MOTOR_STOP
   674 ;;		_LED_Turn_ON
   675 ;;		_LED_Turn_OFF
   676 ;;		_RELAY_TURN_ON
   677 ;;		_RELAY_TURN_OFF
   678 ;; This function uses a non-reentrant model
   679 ;;
   680                           
   681                           	psect	text5
   682   001012                     __ptext5:
   683                           	callstack 0
   684   001012                     _GPIO_PIN_WRITE_LOGIC:
   685                           	callstack 26
   686                           
   687                           ;MCAL/GPIO/HAL_GPIO.c: 86:     if(((void*)0) == _PIN_CONFIG || _PIN_CONFIG->PIN >= 8){
   688                           
   689                           ;incstack = 0
   690   001012  5027               	movf	GPIO_PIN_WRITE_LOGIC@_PIN_CONFIG^0,w,c
   691   001014  B4D8               	btfsc	status,2,c
   692   001016  D00B               	goto	u670
   693   001018  5027               	movf	GPIO_PIN_WRITE_LOGIC@_PIN_CONFIG^0,w,c
   694   00101A  6ED9               	movwf	fsr2l,c
   695   00101C  6ADA               	clrf	fsr2h,c
   696   00101E  30DF               	rrcf	223,w,c
   697   001020  32E8               	rrcf	wreg,f,c
   698   001022  32E8               	rrcf	wreg,f,c
   699   001024  0B07               	andlw	7
   700   001026  6E29               	movwf	??_GPIO_PIN_WRITE_LOGIC^0,c
   701   001028  0E07               	movlw	7
   702   00102A  6429               	cpfsgt	??_GPIO_PIN_WRITE_LOGIC^0,c
   703   00102C  D051               	goto	l1466
   704   00102E                     u670:
   705                           
   706                           ;MCAL/GPIO/HAL_GPIO.c: 87:         Retval= E_NOT_OK;
   707   00102E  0E00               	movlw	0
   708   001030  D028               	goto	L2
   709   001032                     l1454:
   710                           
   711                           ;MCAL/GPIO/HAL_GPIO.c: 92:                 (*LAT_REG[_PIN_CONFIG->PORT] &= ~(((uint8)0x0
      +                          1) << _PIN_CONFIG->PIN));
   712   001032  5027               	movf	GPIO_PIN_WRITE_LOGIC@_PIN_CONFIG^0,w,c
   713   001034  6ED9               	movwf	fsr2l,c
   714   001036  6ADA               	clrf	fsr2h,c
   715   001038  30DF               	rrcf	223,w,c
   716   00103A  32E8               	rrcf	wreg,f,c
   717   00103C  32E8               	rrcf	wreg,f,c
   718   00103E  0B07               	andlw	7
   719   001040  6E29               	movwf	??_GPIO_PIN_WRITE_LOGIC^0,c
   720   001042  0E01               	movlw	1
   721   001044  6E2A               	movwf	(??_GPIO_PIN_WRITE_LOGIC+1)^0,c
   722   001046  2A29               	incf	??_GPIO_PIN_WRITE_LOGIC^0,f,c
   723   001048  D002               	goto	u684
   724   00104A                     u685:
   725   00104A  90D8               	bcf	status,0,c
   726   00104C  362A               	rlcf	(??_GPIO_PIN_WRITE_LOGIC+1)^0,f,c
   727   00104E                     u684:
   728   00104E  2E29               	decfsz	??_GPIO_PIN_WRITE_LOGIC^0,f,c
   729   001050  D7FC               	goto	u685
   730   001052  502A               	movf	(??_GPIO_PIN_WRITE_LOGIC+1)^0,w,c
   731   001054  0AFF               	xorlw	255
   732   001056  6E2B               	movwf	(??_GPIO_PIN_WRITE_LOGIC+2)^0,c
   733   001058  5027               	movf	GPIO_PIN_WRITE_LOGIC@_PIN_CONFIG^0,w,c
   734   00105A  6ED9               	movwf	fsr2l,c
   735   00105C  6ADA               	clrf	fsr2h,c
   736   00105E  50DF               	movf	223,w,c
   737   001060  0B07               	andlw	7
   738   001062  0D02               	mullw	2
   739   001064  50F3               	movf	243,w,c
   740   001066  0F01               	addlw	low _LAT_REG
   741   001068  6ED9               	movwf	fsr2l,c
   742   00106A  6ADA               	clrf	fsr2h,c
   743   00106C  CFDE F02C          	movff	postinc2,??_GPIO_PIN_WRITE_LOGIC+3
   744   001070  CFDD F02D          	movff	postdec2,??_GPIO_PIN_WRITE_LOGIC+4
   745   001074  C02C  FFD9         	movff	??_GPIO_PIN_WRITE_LOGIC+3,fsr2l
   746   001078  C02D  FFDA         	movff	??_GPIO_PIN_WRITE_LOGIC+4,fsr2h
   747   00107C  502B               	movf	(??_GPIO_PIN_WRITE_LOGIC+2)^0,w,c
   748   00107E  16DF               	andwf	indf2,f,c
   749   001080                     l1456:
   750                           
   751                           ;MCAL/GPIO/HAL_GPIO.c: 93:                 Retval = E_OK;
   752   001080  0E01               	movlw	1
   753   001082                     L2:
   754   001082  6E2E               	movwf	GPIO_PIN_WRITE_LOGIC@Retval^0,c
   755                           
   756                           ;MCAL/GPIO/HAL_GPIO.c: 94:                 break;
   757   001084  D034               	goto	l1468
   758   001086                     l1458:
   759                           
   760                           ;MCAL/GPIO/HAL_GPIO.c: 96:                 (*LAT_REG[_PIN_CONFIG->PORT] |= (((uint8)0x01
      +                          ) << _PIN_CONFIG->PIN));
   761   001086  5027               	movf	GPIO_PIN_WRITE_LOGIC@_PIN_CONFIG^0,w,c
   762   001088  6ED9               	movwf	fsr2l,c
   763   00108A  6ADA               	clrf	fsr2h,c
   764   00108C  30DF               	rrcf	223,w,c
   765   00108E  32E8               	rrcf	wreg,f,c
   766   001090  32E8               	rrcf	wreg,f,c
   767   001092  0B07               	andlw	7
   768   001094  6E29               	movwf	??_GPIO_PIN_WRITE_LOGIC^0,c
   769   001096  0E01               	movlw	1
   770   001098  6E2A               	movwf	(??_GPIO_PIN_WRITE_LOGIC+1)^0,c
   771   00109A  2A29               	incf	??_GPIO_PIN_WRITE_LOGIC^0,f,c
   772   00109C  D002               	goto	u694
   773   00109E                     u695:
   774   00109E  90D8               	bcf	status,0,c
   775   0010A0  362A               	rlcf	(??_GPIO_PIN_WRITE_LOGIC+1)^0,f,c
   776   0010A2                     u694:
   777   0010A2  2E29               	decfsz	??_GPIO_PIN_WRITE_LOGIC^0,f,c
   778   0010A4  D7FC               	goto	u695
   779   0010A6  5027               	movf	GPIO_PIN_WRITE_LOGIC@_PIN_CONFIG^0,w,c
   780   0010A8  6ED9               	movwf	fsr2l,c
   781   0010AA  6ADA               	clrf	fsr2h,c
   782   0010AC  50DF               	movf	223,w,c
   783   0010AE  0B07               	andlw	7
   784   0010B0  0D02               	mullw	2
   785   0010B2  50F3               	movf	243,w,c
   786   0010B4  0F01               	addlw	low _LAT_REG
   787   0010B6  6ED9               	movwf	fsr2l,c
   788   0010B8  6ADA               	clrf	fsr2h,c
   789   0010BA  CFDE F02B          	movff	postinc2,??_GPIO_PIN_WRITE_LOGIC+2
   790   0010BE  CFDD F02C          	movff	postdec2,??_GPIO_PIN_WRITE_LOGIC+3
   791   0010C2  C02B  FFD9         	movff	??_GPIO_PIN_WRITE_LOGIC+2,fsr2l
   792   0010C6  C02C  FFDA         	movff	??_GPIO_PIN_WRITE_LOGIC+3,fsr2h
   793   0010CA  502A               	movf	(??_GPIO_PIN_WRITE_LOGIC+1)^0,w,c
   794   0010CC  12DF               	iorwf	indf2,f,c
   795   0010CE  D7D8               	goto	l1456
   796   0010D0                     l1466:
   797   0010D0  5028               	movf	GPIO_PIN_WRITE_LOGIC@LOGIC^0,w,c
   798   0010D2  6E29               	movwf	??_GPIO_PIN_WRITE_LOGIC^0,c
   799   0010D4  6A2A               	clrf	(??_GPIO_PIN_WRITE_LOGIC+1)^0,c
   800                           
   801                           ; Switch on 2 bytes has been partitioned into a top level switch of size 1, and 1 sub-sw
      +                          itches
   802                           ; Switch size 1, requested type "simple"
   803                           ; Number of cases is 1, Range of values is 0 to 0
   804                           ; switch strategies available:
   805                           ; Name         Instructions Cycles
   806                           ; simple_byte            4     3 (average)
   807                           ;	Chosen strategy is simple_byte
   808   0010D6  502A               	movf	(??_GPIO_PIN_WRITE_LOGIC+1)^0,w,c
   809   0010D8  0A00               	xorlw	0	; case 0
   810   0010DA  A4D8               	btfss	status,2,c
   811   0010DC  D7A8               	goto	u670
   812                           
   813                           ; Switch size 1, requested type "simple"
   814                           ; Number of cases is 2, Range of values is 0 to 1
   815                           ; switch strategies available:
   816                           ; Name         Instructions Cycles
   817                           ; simple_byte            7     4 (average)
   818                           ;	Chosen strategy is simple_byte
   819   0010DE  5029               	movf	??_GPIO_PIN_WRITE_LOGIC^0,w,c
   820   0010E0  0A00               	xorlw	0	; case 0
   821   0010E2  B4D8               	btfsc	status,2,c
   822   0010E4  D7A6               	goto	l1454
   823   0010E6  0A01               	xorlw	1	; case 1
   824   0010E8  B4D8               	btfsc	status,2,c
   825   0010EA  D7CD               	goto	l1458
   826   0010EC  D7A0               	goto	u670
   827   0010EE                     l1468:
   828                           
   829                           ;MCAL/GPIO/HAL_GPIO.c: 104:     return Retval;
   830   0010EE  502E               	movf	GPIO_PIN_WRITE_LOGIC@Retval^0,w,c
   831   0010F0  0012               	return		;funcret
   832   0010F2                     __end_of_GPIO_PIN_WRITE_LOGIC:
   833                           	callstack 0
   834                           
   835 ;; *************** function _GPIO_PIN_DIRECTION_INITIALIZE *****************
   836 ;; Defined at:
   837 ;;		line 29 in file "MCAL/GPIO/HAL_GPIO.c"
   838 ;; Parameters:    Size  Location     Type
   839 ;;  _PIN_CONFIG     1    0[COMRAM] PTR const struct .
   840 ;;		 -> keypad1$KEYPAD_COLUMNS_PINS(4), keypad1$KEYPAD_ROWS_PINS(4), keypad1(8), RELAY_INITIALIZE@pin(1), 
   841 ;;		 -> LED_INITIALIZE@PIN_OBJ(1), 
   842 ;; Auto vars:     Size  Location     Type
   843 ;;  Retval          1    6[COMRAM] enum E3063
   844 ;; Return value:  Size  Location     Type
   845 ;;                  1    wreg      enum E3063
   846 ;; Registers used:
   847 ;;		wreg, fsr2l, fsr2h, status,2, status,0, prodl, prodh
   848 ;; Tracked objects:
   849 ;;		On entry : 0/0
   850 ;;		On exit  : 0/0
   851 ;;		Unchanged: 0/0
   852 ;; Data sizes:     COMRAM   BANK0   BANK1   BANK2   BANK3   BANK4   BANK5   BANK6   BANK7   BANK8   BANK9  BANK10  BANK1
      +1  BANK12  BANK13  BANK14  BANK15
   853 ;;      Params:         1       0       0       0       0       0       0       0       0       0       0       0       
      +0       0       0       0       0
   854 ;;      Locals:         1       0       0       0       0       0       0       0       0       0       0       0       
      +0       0       0       0       0
   855 ;;      Temps:          5       0       0       0       0       0       0       0       0       0       0       0       
      +0       0       0       0       0
   856 ;;      Totals:         7       0       0       0       0       0       0       0       0       0       0       0       
      +0       0       0       0       0
   857 ;;Total ram usage:        7 bytes
   858 ;; Hardware stack levels used: 1
   859 ;; This function calls:
   860 ;;		Nothing
   861 ;; This function is called by:
   862 ;;		_GPIO_PIN_INITIALIZE
   863 ;;		_KEYPAD_INITIALIZE
   864 ;;		_BUTTON_INITIALIZE
   865 ;; This function uses a non-reentrant model
   866 ;;
   867                           
   868                           	psect	text6
   869   0010F2                     __ptext6:
   870                           	callstack 0
   871   0010F2                     _GPIO_PIN_DIRECTION_INITIALIZE:
   872                           	callstack 26
   873                           
   874                           ;MCAL/GPIO/HAL_GPIO.c: 31:     if(((void*)0) == _PIN_CONFIG || _PIN_CONFIG->PIN >= 8){
   875                           
   876                           ;incstack = 0
   877   0010F2  5027               	movf	GPIO_PIN_DIRECTION_INITIALIZE@_PIN_CONFIG^0,w,c
   878   0010F4  B4D8               	btfsc	status,2,c
   879   0010F6  D00B               	goto	u710
   880   0010F8  5027               	movf	GPIO_PIN_DIRECTION_INITIALIZE@_PIN_CONFIG^0,w,c
   881   0010FA  6ED9               	movwf	fsr2l,c
   882   0010FC  6ADA               	clrf	fsr2h,c
   883   0010FE  30DF               	rrcf	223,w,c
   884   001100  32E8               	rrcf	wreg,f,c
   885   001102  32E8               	rrcf	wreg,f,c
   886   001104  0B07               	andlw	7
   887   001106  6E28               	movwf	??_GPIO_PIN_DIRECTION_INITIALIZE^0,c
   888   001108  0E07               	movlw	7
   889   00110A  6428               	cpfsgt	??_GPIO_PIN_DIRECTION_INITIALIZE^0,c
   890   00110C  D051               	goto	l1494
   891   00110E                     u710:
   892                           
   893                           ;MCAL/GPIO/HAL_GPIO.c: 32:         Retval = E_NOT_OK;
   894   00110E  0E00               	movlw	0
   895   001110  D028               	goto	L3
   896   001112                     l1482:
   897                           
   898                           ;MCAL/GPIO/HAL_GPIO.c: 37:                 (*TRIS_REG[_PIN_CONFIG->PORT] &= ~(((uint8)0x
      +                          01) << _PIN_CONFIG->PIN));
   899   001112  5027               	movf	GPIO_PIN_DIRECTION_INITIALIZE@_PIN_CONFIG^0,w,c
   900   001114  6ED9               	movwf	fsr2l,c
   901   001116  6ADA               	clrf	fsr2h,c
   902   001118  30DF               	rrcf	223,w,c
   903   00111A  32E8               	rrcf	wreg,f,c
   904   00111C  32E8               	rrcf	wreg,f,c
   905   00111E  0B07               	andlw	7
   906   001120  6E28               	movwf	??_GPIO_PIN_DIRECTION_INITIALIZE^0,c
   907   001122  0E01               	movlw	1
   908   001124  6E29               	movwf	(??_GPIO_PIN_DIRECTION_INITIALIZE+1)^0,c
   909   001126  2A28               	incf	??_GPIO_PIN_DIRECTION_INITIALIZE^0,f,c
   910   001128  D002               	goto	u724
   911   00112A                     u725:
   912   00112A  90D8               	bcf	status,0,c
   913   00112C  3629               	rlcf	(??_GPIO_PIN_DIRECTION_INITIALIZE+1)^0,f,c
   914   00112E                     u724:
   915   00112E  2E28               	decfsz	??_GPIO_PIN_DIRECTION_INITIALIZE^0,f,c
   916   001130  D7FC               	goto	u725
   917   001132  5029               	movf	(??_GPIO_PIN_DIRECTION_INITIALIZE+1)^0,w,c
   918   001134  0AFF               	xorlw	255
   919   001136  6E2A               	movwf	(??_GPIO_PIN_DIRECTION_INITIALIZE+2)^0,c
   920   001138  5027               	movf	GPIO_PIN_DIRECTION_INITIALIZE@_PIN_CONFIG^0,w,c
   921   00113A  6ED9               	movwf	fsr2l,c
   922   00113C  6ADA               	clrf	fsr2h,c
   923   00113E  50DF               	movf	223,w,c
   924   001140  0B07               	andlw	7
   925   001142  0D02               	mullw	2
   926   001144  50F3               	movf	243,w,c
   927   001146  0F15               	addlw	low _TRIS_REG
   928   001148  6ED9               	movwf	fsr2l,c
   929   00114A  6ADA               	clrf	fsr2h,c
   930   00114C  CFDE F02B          	movff	postinc2,??_GPIO_PIN_DIRECTION_INITIALIZE+3
   931   001150  CFDD F02C          	movff	postdec2,??_GPIO_PIN_DIRECTION_INITIALIZE+4
   932   001154  C02B  FFD9         	movff	??_GPIO_PIN_DIRECTION_INITIALIZE+3,fsr2l
   933   001158  C02C  FFDA         	movff	??_GPIO_PIN_DIRECTION_INITIALIZE+4,fsr2h
   934   00115C  502A               	movf	(??_GPIO_PIN_DIRECTION_INITIALIZE+2)^0,w,c
   935   00115E  16DF               	andwf	indf2,f,c
   936   001160                     l1484:
   937                           
   938                           ;MCAL/GPIO/HAL_GPIO.c: 38:                 Retval = E_OK;
   939   001160  0E01               	movlw	1
   940   001162                     L3:
   941   001162  6E2D               	movwf	GPIO_PIN_DIRECTION_INITIALIZE@Retval^0,c
   942                           
   943                           ;MCAL/GPIO/HAL_GPIO.c: 39:                 break;
   944   001164  D034               	goto	l1496
   945   001166                     l1486:
   946                           
   947                           ;MCAL/GPIO/HAL_GPIO.c: 41:                 (*TRIS_REG[_PIN_CONFIG->PORT] |= (((uint8)0x0
      +                          1) << _PIN_CONFIG->PIN));
   948   001166  5027               	movf	GPIO_PIN_DIRECTION_INITIALIZE@_PIN_CONFIG^0,w,c
   949   001168  6ED9               	movwf	fsr2l,c
   950   00116A  6ADA               	clrf	fsr2h,c
   951   00116C  30DF               	rrcf	223,w,c
   952   00116E  32E8               	rrcf	wreg,f,c
   953   001170  32E8               	rrcf	wreg,f,c
   954   001172  0B07               	andlw	7
   955   001174  6E28               	movwf	??_GPIO_PIN_DIRECTION_INITIALIZE^0,c
   956   001176  0E01               	movlw	1
   957   001178  6E29               	movwf	(??_GPIO_PIN_DIRECTION_INITIALIZE+1)^0,c
   958   00117A  2A28               	incf	??_GPIO_PIN_DIRECTION_INITIALIZE^0,f,c
   959   00117C  D002               	goto	u734
   960   00117E                     u735:
   961   00117E  90D8               	bcf	status,0,c
   962   001180  3629               	rlcf	(??_GPIO_PIN_DIRECTION_INITIALIZE+1)^0,f,c
   963   001182                     u734:
   964   001182  2E28               	decfsz	??_GPIO_PIN_DIRECTION_INITIALIZE^0,f,c
   965   001184  D7FC               	goto	u735
   966   001186  5027               	movf	GPIO_PIN_DIRECTION_INITIALIZE@_PIN_CONFIG^0,w,c
   967   001188  6ED9               	movwf	fsr2l,c
   968   00118A  6ADA               	clrf	fsr2h,c
   969   00118C  50DF               	movf	223,w,c
   970   00118E  0B07               	andlw	7
   971   001190  0D02               	mullw	2
   972   001192  50F3               	movf	243,w,c
   973   001194  0F15               	addlw	low _TRIS_REG
   974   001196  6ED9               	movwf	fsr2l,c
   975   001198  6ADA               	clrf	fsr2h,c
   976   00119A  CFDE F02A          	movff	postinc2,??_GPIO_PIN_DIRECTION_INITIALIZE+2
   977   00119E  CFDD F02B          	movff	postdec2,??_GPIO_PIN_DIRECTION_INITIALIZE+3
   978   0011A2  C02A  FFD9         	movff	??_GPIO_PIN_DIRECTION_INITIALIZE+2,fsr2l
   979   0011A6  C02B  FFDA         	movff	??_GPIO_PIN_DIRECTION_INITIALIZE+3,fsr2h
   980   0011AA  5029               	movf	(??_GPIO_PIN_DIRECTION_INITIALIZE+1)^0,w,c
   981   0011AC  12DF               	iorwf	indf2,f,c
   982   0011AE  D7D8               	goto	l1484
   983   0011B0                     l1494:
   984   0011B0  5027               	movf	GPIO_PIN_DIRECTION_INITIALIZE@_PIN_CONFIG^0,w,c
   985   0011B2  6ED9               	movwf	fsr2l,c
   986   0011B4  6ADA               	clrf	fsr2h,c
   987   0011B6  ACDF               	btfss	indf2,6,c
   988   0011B8  D002               	goto	u740
   989   0011BA  0E01               	movlw	1
   990   0011BC  D001               	goto	u746
   991   0011BE                     u740:
   992   0011BE  0E00               	movlw	0
   993   0011C0                     u746:
   994                           
   995                           ; Switch size 1, requested type "simple"
   996                           ; Number of cases is 2, Range of values is 0 to 1
   997                           ; switch strategies available:
   998                           ; Name         Instructions Cycles
   999                           ; simple_byte            7     4 (average)
  1000                           ;	Chosen strategy is simple_byte
  1001   0011C0  0A00               	xorlw	0	; case 0
  1002   0011C2  B4D8               	btfsc	status,2,c
  1003   0011C4  D7A6               	goto	l1482
  1004   0011C6  0A01               	xorlw	1	; case 1
  1005   0011C8  B4D8               	btfsc	status,2,c
  1006   0011CA  D7CD               	goto	l1486
  1007   0011CC  D7A0               	goto	u710
  1008   0011CE                     l1496:
  1009                           
  1010                           ;MCAL/GPIO/HAL_GPIO.c: 49:     return Retval;
  1011   0011CE  502D               	movf	GPIO_PIN_DIRECTION_INITIALIZE@Retval^0,w,c
  1012   0011D0  0012               	return		;funcret
  1013   0011D2                     __end_of_GPIO_PIN_DIRECTION_INITIALIZE:
  1014                           	callstack 0
  1015                           
  1016                           	psect	rparam
  1017   000000                     
  1018                           	psect	config
  1019                           
  1020                           ; Padding undefined space
  1021   300000                     	org	3145728
  1022   300000  FF                 	db	255
  1023                           
  1024                           ;Config register CONFIG1H @ 0x300001
  1025                           ;	Oscillator Selection bits
  1026                           ;	FOSC = HS, HS oscillator
  1027                           ;	Fail-Safe Clock Monitor Enable bit
  1028                           ;	FCMEN = OFF, Fail-Safe Clock Monitor disabled
  1029                           ;	Internal/External Oscillator Switchover bit
  1030                           ;	IESO = OFF, Oscillator Switchover mode disabled
  1031   300001                     	org	3145729
  1032   300001  02                 	db	2
  1033                           
  1034                           ;Config register CONFIG2L @ 0x300002
  1035                           ;	Power-up Timer Enable bit
  1036                           ;	PWRTEN = OFF, PWRT disabled
  1037                           ;	Brown-out Reset Enable bits
  1038                           ;	BOREN = OFF, Brown-out Reset disabled in hardware and software
  1039                           ;	Brown Out Reset Voltage bits
  1040                           ;	BORV = 18, VBOR set to 1.8 V nominal
  1041   300002                     	org	3145730
  1042   300002  19                 	db	25
  1043                           
  1044                           ;Config register CONFIG2H @ 0x300003
  1045                           ;	Watchdog Timer Enable bit
  1046                           ;	WDTEN = OFF, WDT is controlled by SWDTEN bit of the WDTCON register
  1047                           ;	Watchdog Timer Postscale Select bits
  1048                           ;	WDTPS = 32768, 1:32768
  1049   300003                     	org	3145731
  1050   300003  1E                 	db	30
  1051                           
  1052                           ; Padding undefined space
  1053   300004                     	org	3145732
  1054   300004  FF                 	db	255
  1055                           
  1056                           ;Config register CONFIG3H @ 0x300005
  1057                           ;	CCP2 MUX bit
  1058                           ;	CCP2MX = PORTC, CCP2 input/output is multiplexed with RC1
  1059                           ;	PORTB A/D Enable bit
  1060                           ;	PBADEN = OFF, PORTB<4:0> pins are configured as digital I/O on Reset
  1061                           ;	Low-Power Timer1 Oscillator Enable bit
  1062                           ;	LPT1OSC = OFF, Timer1 configured for higher power operation
  1063                           ;	HFINTOSC Fast Start-up
  1064                           ;	HFOFST = ON, HFINTOSC starts clocking the CPU without waiting for the oscillator to st
      +                          ablize.
  1065                           ;	MCLR Pin Enable bit
  1066                           ;	MCLRE = ON, MCLR pin enabled; RE3 input pin disabled
  1067   300005                     	org	3145733
  1068   300005  89                 	db	137
  1069                           
  1070                           ;Config register CONFIG4L @ 0x300006
  1071                           ;	Stack Full/Underflow Reset Enable bit
  1072                           ;	STVREN = ON, Stack full/underflow will cause Reset
  1073                           ;	Single-Supply ICSP Enable bit
  1074                           ;	LVP = OFF, Single-Supply ICSP disabled
  1075                           ;	Extended Instruction Set Enable bit
  1076                           ;	XINST = OFF, Instruction set extension and Indexed Addressing mode disabled (Legacy mo
      +                          de)
  1077                           ;	Background Debugger Enable bit
  1078                           ;	DEBUG = 0x1, unprogrammed default
  1079   300006                     	org	3145734
  1080   300006  81                 	db	129
  1081                           
  1082                           ; Padding undefined space
  1083   300007                     	org	3145735
  1084   300007  FF                 	db	255
  1085                           
  1086                           ;Config register CONFIG5L @ 0x300008
  1087                           ;	Code Protection Block 0
  1088                           ;	CP0 = OFF, Block 0 (000800-003FFFh) not code-protected
  1089                           ;	Code Protection Block 1
  1090                           ;	CP1 = OFF, Block 1 (004000-007FFFh) not code-protected
  1091                           ;	Code Protection Block 2
  1092                           ;	CP2 = OFF, Block 2 (008000-00BFFFh) not code-protected
  1093                           ;	Code Protection Block 3
  1094                           ;	CP3 = OFF, Block 3 (00C000-00FFFFh) not code-protected
  1095   300008                     	org	3145736
  1096   300008  0F                 	db	15
  1097                           
  1098                           ;Config register CONFIG5H @ 0x300009
  1099                           ;	Boot Block Code Protection bit
  1100                           ;	CPB = OFF, Boot block (000000-0007FFh) not code-protected
  1101                           ;	Data EEPROM Code Protection bit
  1102                           ;	CPD = OFF, Data EEPROM not code-protected
  1103   300009                     	org	3145737
  1104   300009  C0                 	db	192
  1105                           
  1106                           ;Config register CONFIG6L @ 0x30000A
  1107                           ;	Write Protection Block 0
  1108                           ;	WRT0 = OFF, Block 0 (000800-003FFFh) not write-protected
  1109                           ;	Write Protection Block 1
  1110                           ;	WRT1 = OFF, Block 1 (004000-007FFFh) not write-protected
  1111                           ;	Write Protection Block 2
  1112                           ;	WRT2 = OFF, Block 2 (008000-00BFFFh) not write-protected
  1113                           ;	Write Protection Block 3
  1114                           ;	WRT3 = OFF, Block 3 (00C000h-00FFFFh) not write-protected
  1115   30000A                     	org	3145738
  1116   30000A  0F                 	db	15
  1117                           
  1118                           ;Config register CONFIG6H @ 0x30000B
  1119                           ;	Configuration Register Write Protection bit
  1120                           ;	WRTC = OFF, Configuration registers (300000-3000FFh) not write-protected
  1121                           ;	Boot Block Write Protection bit
  1122                           ;	WRTB = OFF, Boot Block (000000-0007FFh) not write-protected
  1123                           ;	Data EEPROM Write Protection bit
  1124                           ;	WRTD = OFF, Data EEPROM not write-protected
  1125   30000B                     	org	3145739
  1126   30000B  E0                 	db	224
  1127                           
  1128                           ;Config register CONFIG7L @ 0x30000C
  1129                           ;	Table Read Protection Block 0
  1130                           ;	EBTR0 = OFF, Block 0 (000800-003FFFh) not protected from table reads executed in other
      +                           blocks
  1131                           ;	Table Read Protection Block 1
  1132                           ;	EBTR1 = OFF, Block 1 (004000-007FFFh) not protected from table reads executed in other
      +                           blocks
  1133                           ;	Table Read Protection Block 2
  1134                           ;	EBTR2 = OFF, Block 2 (008000-00BFFFh) not protected from table reads executed in other
      +                           blocks
  1135                           ;	Table Read Protection Block 3
  1136                           ;	EBTR3 = OFF, Block 3 (00C000-00FFFFh) not protected from table reads executed in other
      +                           blocks
  1137   30000C                     	org	3145740
  1138   30000C  0F                 	db	15
  1139                           
  1140                           ;Config register CONFIG7H @ 0x30000D
  1141                           ;	Boot Block Table Read Protection bit
  1142                           ;	EBTRB = OFF, Boot Block (000000-0007FFh) not protected from table reads executed in ot
      +                          her blocks
  1143   30000D                     	org	3145741
  1144   30000D  40                 	db	64
  1145                           tosu	equ	0xFFF
  1146                           tosh	equ	0xFFE
  1147                           tosl	equ	0xFFD
  1148                           stkptr	equ	0xFFC
  1149                           pclatu	equ	0xFFB
  1150                           pclath	equ	0xFFA
  1151                           pcl	equ	0xFF9
  1152                           tblptru	equ	0xFF8
  1153                           tblptrh	equ	0xFF7
  1154                           tblptrl	equ	0xFF6
  1155                           tablat	equ	0xFF5
  1156                           prodh	equ	0xFF4
  1157                           prodl	equ	0xFF3
  1158                           indf0	equ	0xFEF
  1159                           postinc0	equ	0xFEE
  1160                           postdec0	equ	0xFED
  1161                           preinc0	equ	0xFEC
  1162                           plusw0	equ	0xFEB
  1163                           fsr0h	equ	0xFEA
  1164                           fsr0l	equ	0xFE9
  1165                           wreg	equ	0xFE8
  1166                           indf1	equ	0xFE7
  1167                           postinc1	equ	0xFE6
  1168                           postdec1	equ	0xFE5
  1169                           preinc1	equ	0xFE4
  1170                           plusw1	equ	0xFE3
  1171                           fsr1h	equ	0xFE2
  1172                           fsr1l	equ	0xFE1
  1173                           bsr	equ	0xFE0
  1174                           indf2	equ	0xFDF
  1175                           postinc2	equ	0xFDE
  1176                           postdec2	equ	0xFDD
  1177                           preinc2	equ	0xFDC
  1178                           plusw2	equ	0xFDB
  1179                           fsr2h	equ	0xFDA
  1180                           fsr2l	equ	0xFD9
  1181                           status	equ	0xFD8

Data Sizes:
    Strings     0
    Constant    16
    Data        38
    BSS         8
    Persistent  0
    Stack       0

Auto Spaces:
    Space          Size  Autos    Used
    COMRAM           95     17      63
    BANK0           160      0       0
    BANK1           256      0       0
    BANK2           256      0       0
    BANK3           256      0       0
    BANK4           256      0       0
    BANK5           256      0       0
    BANK6           256      0       0
    BANK7           256      0       0
    BANK8           256      0       0
    BANK9           256      0       0
    BANK10          256      0       0
    BANK11          256      0       0
    BANK12          256      0       0
    BANK13          256      0       0
    BANK14          256      0       0
    BANK15           96      0       0

Pointer List with Targets:

    GPIO_PIN_DIRECTION_INITIALIZE@_PIN_CONFIG	PTR const struct . size(1) Largest target is 8
		 -> keypad1(COMRAM[8]), keypad1$KEYPAD_COLUMNS_PINS(COMRAM[4]), keypad1$KEYPAD_ROWS_PINS(COMRAM[4]), LED_INITIALIZE@PIN_OBJ(COMRAM[1]), 
		 -> RELAY_INITIALIZE@pin(COMRAM[1]), 

    GPIO_PIN_INITIALIZE@_PIN_CONFIG	PTR const struct . size(1) Largest target is 8
		 -> keypad1(COMRAM[8]), keypad1$KEYPAD_ROWS_PINS(COMRAM[4]), LED_INITIALIZE@PIN_OBJ(COMRAM[1]), RELAY_INITIALIZE@pin(COMRAM[1]), 

    GPIO_PIN_WRITE_LOGIC@_PIN_CONFIG	PTR const struct . size(1) Largest target is 8
		 -> keypad1(COMRAM[8]), keypad1$KEYPAD_ROWS_PINS(COMRAM[4]), LED_INITIALIZE@PIN_OBJ(COMRAM[1]), LED_Turn_OFF@PIN_OBJ(COMRAM[1]), 
		 -> LED_Turn_ON@PIN_OBJ(COMRAM[1]), RELAY_INITIALIZE@pin(COMRAM[1]), RELAY_TURN_OFF@pin(COMRAM[1]), RELAY_TURN_ON@pin(COMRAM[1]), 

    KEYPAD_INITIALIZE@keypad	PTR const struct . size(1) Largest target is 8
		 -> keypad1(COMRAM[8]), 

    LAT_REG	PTR volatile unsigned char [5] size(2) Largest target is 1
		 -> LATA(BITBIGSFRlhl[1]), LATB(BITBIGSFRlhh[1]), LATC(BITBIGSFRlhh[1]), LATD(BITBIGSFRlhh[1]), 
		 -> LATE(BITBIGSFRlhh[1]), 

    PORT_REG	PTR volatile unsigned char [5] size(2) Largest target is 1
		 -> PORTA(BITBIGSFRll[1]), PORTB(BITBIGSFRlhl[1]), PORTC(BITBIGSFRlhl[1]), PORTD(BITBIGSFRlhl[1]), 
		 -> PORTE(BITBIGSFRlhl[1]), 

    TRIS_REG	PTR volatile unsigned char [5] size(2) Largest target is 1
		 -> TRISA(BITBIGSFRll[1]), TRISB(BITBIGSFRh[1]), TRISC(BITBIGSFRh[1]), TRISD(BITBIGSFRh[1]), 
		 -> TRISE(BITBIGSFRh[1]), 


Critical Paths under _main in COMRAM

    _ECU_LAYER_INITIALIZE->_KEYPAD_INITIALIZE
    _KEYPAD_INITIALIZE->_GPIO_PIN_INITIALIZE
    _GPIO_PIN_INITIALIZE->_GPIO_PIN_WRITE_LOGIC

Critical Paths under _main in BANK0

    None.

Critical Paths under _main in BANK1

    None.

Critical Paths under _main in BANK2

    None.

Critical Paths under _main in BANK3

    None.

Critical Paths under _main in BANK4

    None.

Critical Paths under _main in BANK5

    None.

Critical Paths under _main in BANK6

    None.

Critical Paths under _main in BANK7

    None.

Critical Paths under _main in BANK8

    None.

Critical Paths under _main in BANK9

    None.

Critical Paths under _main in BANK10

    None.

Critical Paths under _main in BANK11

    None.

Critical Paths under _main in BANK12

    None.

Critical Paths under _main in BANK13

    None.

Critical Paths under _main in BANK14

    None.

Critical Paths under _main in BANK15

    None.

Call Graph Tables:

 ---------------------------------------------------------------------------------
 (Depth) Function   	        Calls       Base Space   Used Autos Params    Refs
 ---------------------------------------------------------------------------------
 (0) _main                                                 0     0      0    3720
              _Application_intialize
 ---------------------------------------------------------------------------------
 (1) _Application_intialize                                0     0      0    3720
               _ECU_LAYER_INITIALIZE
 ---------------------------------------------------------------------------------
 (2) _ECU_LAYER_INITIALIZE                                 1     1      0    3720
                  _KEYPAD_INITIALIZE
 ---------------------------------------------------------------------------------
 (3) _KEYPAD_INITIALIZE                                    6     5      1    3718
                                             11 COMRAM     6     5      1
      _GPIO_PIN_DIRECTION_INITIALIZE
                _GPIO_PIN_INITIALIZE
 ---------------------------------------------------------------------------------
 (4) _GPIO_PIN_INITIALIZE                                  3     2      1    3005
                                              8 COMRAM     3     2      1
      _GPIO_PIN_DIRECTION_INITIALIZE
               _GPIO_PIN_WRITE_LOGIC
 ---------------------------------------------------------------------------------
 (5) _GPIO_PIN_WRITE_LOGIC                                 8     6      2    2005
                                              0 COMRAM     8     6      2
 ---------------------------------------------------------------------------------
 (5) _GPIO_PIN_DIRECTION_INITIALIZE                        7     6      1     409
                                              0 COMRAM     7     6      1
 ---------------------------------------------------------------------------------
 Estimated maximum stack depth 5
 ---------------------------------------------------------------------------------

 Call Graph Graphs:

 _main (ROOT)
   _Application_intialize
     _ECU_LAYER_INITIALIZE
       _KEYPAD_INITIALIZE
         _GPIO_PIN_DIRECTION_INITIALIZE
         _GPIO_PIN_INITIALIZE
           _GPIO_PIN_DIRECTION_INITIALIZE
           _GPIO_PIN_WRITE_LOGIC

 Address spaces:
Name               Size   Autos  Total    Cost      Usage
BIGRAM             F5F      0       0      41        0.0%
EEDATA             400      0       0       0        0.0%
BITBANK14          100      0       0      32        0.0%
BANK14             100      0       0      33        0.0%
BITBANK13          100      0       0      30        0.0%
BANK13             100      0       0      31        0.0%
BITBANK12          100      0       0      28        0.0%
BANK12             100      0       0      29        0.0%
BITBANK11          100      0       0      26        0.0%
BANK11             100      0       0      27        0.0%
BITBANK10          100      0       0      24        0.0%
BANK10             100      0       0      25        0.0%
BITBANK9           100      0       0      22        0.0%
BANK9              100      0       0      23        0.0%
BITBANK8           100      0       0      20        0.0%
BANK8              100      0       0      21        0.0%
BITBANK7           100      0       0      18        0.0%
BANK7              100      0       0      19        0.0%
BITBANK6           100      0       0      16        0.0%
BANK6              100      0       0      17        0.0%
BITBANK5           100      0       0      14        0.0%
BANK5              100      0       0      15        0.0%
BITBANK4           100      0       0      12        0.0%
BANK4              100      0       0      13        0.0%
BITBANK3           100      0       0      10        0.0%
BANK3              100      0       0      11        0.0%
BITBANK2           100      0       0       8        0.0%
BANK2              100      0       0       9        0.0%
BITBANK1           100      0       0       6        0.0%
BANK1              100      0       0       7        0.0%
BITBANK0            A0      0       0       4        0.0%
BANK0               A0      0       0       5        0.0%
BITBIGSFRh          69      0       0      36        0.0%
BITBANK15           60      0       0      34        0.0%
BANK15              60      0       0      35        0.0%
BITCOMRAM           5F      0       0       0        0.0%
COMRAM              5F     11      3F       1       66.3%
BITBIGSFRll         20      0       0      39        0.0%
BITBIGSFRlhh         4      0       0      37        0.0%
BITBIGSFRlhl         4      0       0      38        0.0%
BIGSFR               0      0       0     200        0.0%
BITSFR               0      0       0     200        0.0%
SFR                  0      0       0     200        0.0%
STACK                0      0       0       2        0.0%
NULL                 0      0       0       0        0.0%
ABS                  0      0      3F      40        0.0%
DATA                 0      0      3F       3        0.0%
CODE                 0      0       0       0        0.0%


Microchip Technology PIC18 Macro Assembler V2.46 build 20240104201356 
Symbol Table                                                                                   Tue Oct 01 18:56:02 2024

                     ??_KEYPAD_INITIALIZE 0033                    ??_GPIO_PIN_WRITE_LOGIC 0029  
                                     l255 12E2                                       u710 110E  
                                     u740 11BE                                       u724 112E  
                                     u725 112A                                       u734 1182  
                                     u670 102E                                       u735 117E  
                                     u760 124E                                       u746 11C0  
                                     u684 104E                                       u780 1204  
                                     u685 104A                                       u694 10A2  
                                     u790 122E                                       u695 109E  
                                     _Ret 0038                                       wreg 0FE8  
                                    l1506 1252                                      l1524 11E6  
                                    l1454 1032                                      l1518 11DE  
                                    l1456 1080                                      l1536 120C  
                                    l1482 1112                                      l1458 1086  
                                    l1466 10D0                                      l1484 1160  
                                    l1468 10EE                                      l1486 1166  
                                    l1494 11B0                                      l1496 11CE  
               __end_of_KEYPAD_INITIALIZE 1232                                      _LATA 0F89  
                                    _LATB 0F8A                                      _LATC 0F8B  
                                    _LATD 0F8C                                      _LATE 0F8D  
                     LED_INITIALIZE@F3148 003F                                      _main 12DE  
                                    fsr2h 0FDA                                      indf2 0FDF  
                                    fsr1l 0FE1                                      fsr2l 0FD9  
                                    prodl 0FF3                                      start 0004  
                           _KEYPAD_VALUES 1001                              ___param_bank 0000  
                                   ?_main 0027                                     _PORTA 0F80  
                                   _PORTB 0F81                                     _PORTC 0F82  
                                   _PORTD 0F83                                     _PORTE 0F84  
                                   _TRISA 0F92                                     _TRISB 0F93  
                                   _TRISC 0F94                                     _TRISD 0F95  
                                   _TRISE 0F96                    ?_Application_intialize 0027  
                                   tablat 0FF5                                     status 0FD8  
                         __initialization 1278                              __end_of_main 12E4  
            __end_of_ECU_LAYER_INITIALIZE 12DE                                    ??_main 0038  
                           __activetblptr 0002                                    clear_0 129E  
                                  isa$std 0001                          LED_Turn_ON@F3153 003E  
                            __pdataCOMRAM 0001                              __mediumconst 0000  
                                  tblptrh 0FF7                                    tblptrl 0FF6  
                                  tblptru 0FF8                                __accesstop 0060  
                 __end_of__initialization 12A4                             ___rparam_used 0001  
                          __pcstackCOMRAM 0027                       _GPIO_PIN_INITIALIZE 1232  
          ?_GPIO_PIN_DIRECTION_INITIALIZE 0027                      ?_GPIO_PIN_INITIALIZE 002F  
                    _ECU_LAYER_INITIALIZE 12D4                                   _LAT_REG 0001  
                 ??_Application_intialize 0038                     ??_GPIO_PIN_INITIALIZE 0030  
                   ?_ECU_LAYER_INITIALIZE 0027                       RELAY_TURN_OFF@F3158 0039  
                                 __Hparam 0000                                   __Lparam 0000  
                            __psmallconst 1000                                   __pcinit 1278  
                                 __ramtop 1000                                   __ptext0 12DE  
                                 __ptext1 12E4                                   __ptext2 12D4  
                                 __ptext3 11D2                                   __ptext4 1232  
                                 __ptext5 1012                                   __ptext6 10F2  
                                 _keypad1 001F                         LED_Turn_OFF@F3158 003D  
                    end_of_initialization 12A4                             __Lmediumconst 0000  
                                 postdec1 0FE5                                   postdec2 0FDD  
                                 postinc0 0FEE                                   postinc2 0FDE  
                  ??_ECU_LAYER_INITIALIZE 0038            GPIO_PIN_INITIALIZE@_PIN_CONFIG 002F  
                           __pidataCOMRAM 12AE                       start_initialization 1278  
         ??_GPIO_PIN_DIRECTION_INITIALIZE 0028                GPIO_PIN_WRITE_LOGIC@Retval 002E  
                      KEYPAD_INITIALIZE@c 0036                        KEYPAD_INITIALIZE@r 0034  
                   __end_of_KEYPAD_VALUES 1011                               __pbssCOMRAM 0038  
           __end_of_Application_intialize 12EA              __end_of_GPIO_PIN_WRITE_LOGIC 10F2  
                 KEYPAD_INITIALIZE@Retval 0033                   KEYPAD_INITIALIZE@keypad 0032  
GPIO_PIN_DIRECTION_INITIALIZE@_PIN_CONFIG 0027               __end_of_GPIO_PIN_INITIALIZE 1278  
                             __smallconst 1000                        RELAY_TURN_ON@F3152 003A  
         GPIO_PIN_WRITE_LOGIC@_PIN_CONFIG 0027     __end_of_GPIO_PIN_DIRECTION_INITIALIZE 11D2  
           _GPIO_PIN_DIRECTION_INITIALIZE 10F2                                  _PORT_REG 000B  
               GPIO_PIN_INITIALIZE@Retval 0031                                  _TRIS_REG 0015  
                               copy_data0 128C                 GPIO_PIN_WRITE_LOGIC@LOGIC 0028  
                                __Hrparam 0000                                  __Lrparam 0000  
                    _GPIO_PIN_WRITE_LOGIC 1012       GPIO_PIN_DIRECTION_INITIALIZE@Retval 002D  
                                isa$xinst 0000                           LED_TOGGLE@F3163 003C  
                   ?_GPIO_PIN_WRITE_LOGIC 0027                     _Application_intialize 12E4  
                       _KEYPAD_INITIALIZE 11D2                        ?_KEYPAD_INITIALIZE 0032  
                   RELAY_INITIALIZE@F3146 003B  
