

Microchip MPLAB XC8 Assembler V2.46 build 20240104201356 
                                                                                               Tue Oct 01 18:56:03 2024

Microchip MPLAB XC8 C Compiler v2.46 (Free license) build 20240104201356 Og9 
     1                           	processor	18F46K20
     2                           	fnconf	rparam,??,?,0
     3                           	pagewidth 120
     4                           	opt	flic
     5                           	psect	idataCOMRAM,global,class=CODE,delta=1,noexec
     6                           	psect	smallconst,global,reloc=2,class=SMALLCONST,delta=1,noexec
     7                           	psect	cinit,global,reloc=2,class=CODE,delta=1
     8                           	psect	bssCOMRAM,global,class=COMRAM,space=1,delta=1,lowdata,noexec
     9                           	psect	dataCOMRAM,global,class=COMRAM,space=1,delta=1,lowdata,noexec
    10                           	psect	cstackCOMRAM,global,class=COMRAM,space=1,delta=1,lowdata,noexec
    11                           	psect	text0,global,reloc=2,class=CODE,delta=1
    12                           	psect	text1,global,reloc=2,class=CODE,delta=1
    13                           	psect	text2,global,reloc=2,class=CODE,delta=1
    14                           	psect	text3,global,reloc=2,class=CODE,delta=1
    15                           	psect	text4,global,reloc=2,class=CODE,delta=1
    16                           	psect	text5,global,reloc=2,class=CODE,delta=1
    17                           	psect	text6,global,reloc=2,class=CODE,delta=1
    18                           	psect	intsave_regs,global,class=BIGRAM,space=1,delta=1,noexec
    19                           	psect	rparam,global,class=COMRAM,space=1,delta=1,noexec
    20                           	psect	config,global,abs,ovrld,class=CONFIG,space=4,delta=1,noexec
    21   000000                     
    22                           ; Generated 12/10/2023 GMT
    23                           ; 
    24                           ; Copyright © 2023, Microchip Technology Inc. and its subsidiaries ("Microchip")
    25                           ; All rights reserved.
    26                           ; 
    27                           ; This software is developed by Microchip Technology Inc. and its subsidiaries ("Microch
      +                          ip").
    28                           ; 
    29                           ; Redistribution and use in source and binary forms, with or without modification, are
    30                           ; permitted provided that the following conditions are met:
    31                           ; 
    32                           ;     1. Redistributions of source code must retain the above copyright notice, this lis
      +                          t of
    33                           ;        conditions and the following disclaimer.
    34                           ; 
    35                           ;     2. Redistributions in binary form must reproduce the above copyright notice, this 
      +                          list
    36                           ;        of conditions and the following disclaimer in the documentation and/or other
    37                           ;        materials provided with the distribution. Publication is not required when
    38                           ;        this file is used in an embedded application.
    39                           ; 
    40                           ;     3. Microchip's name may not be used to endorse or promote products derived from th
      +                          is
    41                           ;        software without specific prior written permission.
    42                           ; 
    43                           ; THIS SOFTWARE IS PROVIDED BY MICROCHIP "AS IS" AND ANY EXPRESS OR IMPLIED WARRANTIES,
    44                           ; INCLUDING, BUT NOT LIMITED TO, THE IMPLIED WARRANTIES OF MERCHANTABILITY AND FITNESS F
      +                          OR
    45                           ; PURPOSE ARE DISCLAIMED.  IN NO EVENT SHALL MICROCHIP BE LIABLE FOR ANY DIRECT, INDIREC
      +                          T,
    46                           ; INCIDENTAL, SPECIAL, EXEMPLARY, OR CONSEQUENTIAL DAMAGES (INCLUDING BUT NOT LIMITED TO
    47                           ; PROCUREMENT OF SUBSTITUTE GOODS OR SERVICES; LOSS OF USE, DATA OR PROFITS; OR BUSINESS
    48                           ; INTERRUPTION) HOWSOEVER CAUSED AND ON ANY THEORY OF LIABILITY, WHETHER IN CONTRACT, ST
      +                          RICT
    49                           ; LIABILITY, OR TORT (INCLUDING NEGLIGENCE OR OTHERWISE) ARISING IN ANY WAY OUT OF THE U
      +                          SE OF
    50                           ; THIS SOFTWARE, EVEN IF ADVISED OF THE POSSIBILITY OF SUCH DAMAGE.
    51                           ; 
    52                           ; 
    53                           ; Code-generator required, PIC18F46K20 Definitions
    54                           ; 
    55                           ; SFR Addresses
    56   000000                     
    57                           	psect	idataCOMRAM
    58   0012AE                     __pidataCOMRAM:
    59                           	callstack 0
    60                           
    61                           ;initializer for _LAT_REG
    62   0012AE  89                 	db	137
    63   0012AF  0F                 	db	15
    64   0012B0  8A                 	db	138
    65   0012B1  0F                 	db	15
    66   0012B2  8B                 	db	139
    67   0012B3  0F                 	db	15
    68   0012B4  8C                 	db	140
    69   0012B5  0F                 	db	15
    70   0012B6  8D                 	db	141
    71   0012B7  0F                 	db	15
    72                           
    73                           ;initializer for _PORT_REG
    74   0012B8  80                 	db	128
    75   0012B9  0F                 	db	15
    76   0012BA  81                 	db	129
    77   0012BB  0F                 	db	15
    78   0012BC  82                 	db	130
    79   0012BD  0F                 	db	15
    80   0012BE  83                 	db	131
    81   0012BF  0F                 	db	15
    82   0012C0  84                 	db	132
    83   0012C1  0F                 	db	15
    84                           
    85                           ;initializer for _TRIS_REG
    86   0012C2  92                 	db	146
    87   0012C3  0F                 	db	15
    88   0012C4  93                 	db	147
    89   0012C5  0F                 	db	15
    90   0012C6  94                 	db	148
    91   0012C7  0F                 	db	15
    92   0012C8  95                 	db	149
    93   0012C9  0F                 	db	15
    94   0012CA  96                 	db	150
    95   0012CB  0F                 	db	15
    96                           
    97                           ;initializer for _keypad1
    98   0012CC  02                 	db	2
    99   0012CD  0A                 	db	10
   100   0012CE  12                 	db	18
   101   0012CF  1A                 	db	26
   102   0012D0  62                 	db	98
   103   0012D1  6A                 	db	106
   104   0012D2  72                 	db	114
   105   0012D3  7A                 	db	122
   106                           
   107                           	psect	smallconst
   108   001000                     __psmallconst:
   109                           	callstack 0
   110   001000  00                 	db	0
   111   001001  37                 	db	55
   112   001002  38                 	db	56
   113   001003  39                 	db	57
   114   001004  2F                 	db	47
   115   001005  34                 	db	52
   116   001006  35                 	db	53
   117   001007  36                 	db	54
   118   001008  2A                 	db	42
   119   001009  31                 	db	49
   120   00100A  32                 	db	50
   121   00100B  33                 	db	51
   122   00100C  2D                 	db	45
   123   00100D  43                 	db	67
   124   00100E  30                 	db	48
   125   00100F  3D                 	db	61
   126   001010  2B                 	db	43
   127   001011                     __end_of_KEYPAD_VALUES:
   128                           	callstack 0
   129   000000                     _PORTA	set	3968
   130   000000                     _TRISA	set	3986
   131   000000                     _TRISE	set	3990
   132   000000                     _TRISD	set	3989
   133   000000                     _TRISC	set	3988
   134   000000                     _TRISB	set	3987
   135   000000                     _LATA	set	3977
   136   000000                     _PORTE	set	3972
   137   000000                     _PORTD	set	3971
   138   000000                     _PORTC	set	3970
   139   000000                     _PORTB	set	3969
   140   000000                     _LATE	set	3981
   141   000000                     _LATD	set	3980
   142   000000                     _LATC	set	3979
   143   000000                     _LATB	set	3978
   144   001011  00                 	db	0	; dummy byte at the end
   145   000000                     
   146                           ; #config settings
   147                           
   148                           	psect	cinit
   149   001278                     __pcinit:
   150                           	callstack 0
   151   001278                     start_initialization:
   152                           	callstack 0
   153   001278                     __initialization:
   154                           	callstack 0
   155                           
   156                           ; Initialize objects allocated to COMRAM (38 bytes)
   157                           ; load TBLPTR registers with __pidataCOMRAM
   158   001278  0EAE               	movlw	low __pidataCOMRAM
   159   00127A  6EF6               	movwf	tblptrl,c
   160   00127C  0E12               	movlw	high __pidataCOMRAM
   161   00127E  6EF7               	movwf	tblptrh,c
   162   001280  0E00               	movlw	low (__pidataCOMRAM shr (0+16))
   163   001282  6EF8               	movwf	tblptru,c
   164   001284  EE00  F001         	lfsr	0,__pdataCOMRAM
   165   001288  EE10 F026          	lfsr	1,38
   166   00128C                     copy_data0:
   167   00128C  0009               	tblrd		*+
   168   00128E  CFF5 FFEE          	movff	tablat,postinc0
   169   001292  50E5               	movf	postdec1,w,c
   170   001294  50E1               	movf	fsr1l,w,c
   171   001296  E1FA               	bnz	copy_data0
   172                           
   173                           ; Clear objects allocated to COMRAM (8 bytes)
   174   001298  EE00  F038         	lfsr	0,__pbssCOMRAM
   175   00129C  0E08               	movlw	8
   176   00129E                     clear_0:
   177   00129E  6AEE               	clrf	postinc0,c
   178   0012A0  06E8               	decf	wreg,f,c
   179   0012A2  E1FD               	bnz	clear_0
   180   0012A4                     end_of_initialization:
   181                           	callstack 0
   182   0012A4                     __end_of__initialization:
   183                           	callstack 0
   184   0012A4  0E00               	movlw	low (__Lmediumconst shr (0+16))
   185   0012A6  6EF8               	movwf	tblptru,c
   186   0012A8  0100               	movlb	0
   187   0012AA  EF6F  F009         	goto	_main	;jump to C main() function
   188                           
   189                           	psect	bssCOMRAM
   190   000038                     __pbssCOMRAM:
   191                           	callstack 0
   192   000038                     _Ret:
   193                           	callstack 0
   194   000038                     	ds	1
   195   000039                     	ds	1
   196   00003A                     	ds	1
   197   00003B                     	ds	1
   198   00003C                     	ds	1
   199   00003D                     	ds	1
   200   00003E                     	ds	1
   201   00003F                     	ds	1
   202                           
   203                           	psect	dataCOMRAM
   204   000001                     __pdataCOMRAM:
   205                           	callstack 0
   206   000001                     _LAT_REG:
   207                           	callstack 0
   208   000001                     	ds	10
   209   00000B                     _PORT_REG:
   210                           	callstack 0
   211   00000B                     	ds	10
   212   000015                     _TRIS_REG:
   213                           	callstack 0
   214   000015                     	ds	10
   215   00001F                     _keypad1:
   216                           	callstack 0
   217   00001F                     	ds	8
   218                           
   219                           	psect	cstackCOMRAM
   220   000027                     __pcstackCOMRAM:
   221                           	callstack 0
   222   000027                     GPIO_PIN_DIRECTION_INITIALIZE@_PIN_CONFIG:
   223                           	callstack 0
   224   000027                     GPIO_PIN_WRITE_LOGIC@_PIN_CONFIG:
   225                           	callstack 0
   226                           
   227                           ; 1 bytes @ 0x0
   228   000027                     	ds	1
   229   000028                     ??_GPIO_PIN_DIRECTION_INITIALIZE:
   230   000028                     GPIO_PIN_WRITE_LOGIC@LOGIC:
   231                           	callstack 0
   232                           
   233                           ; 1 bytes @ 0x1
   234   000028                     	ds	1
   235   000029                     ??_GPIO_PIN_WRITE_LOGIC:
   236                           
   237                           ; 1 bytes @ 0x2
   238   000029                     	ds	4
   239   00002D                     GPIO_PIN_DIRECTION_INITIALIZE@Retval:
   240                           	callstack 0
   241                           
   242                           ; 1 bytes @ 0x6
   243   00002D                     	ds	1
   244   00002E                     GPIO_PIN_WRITE_LOGIC@Retval:
   245                           	callstack 0
   246                           
   247                           ; 1 bytes @ 0x7
   248   00002E                     	ds	1
   249   00002F                     GPIO_PIN_INITIALIZE@_PIN_CONFIG:
   250                           	callstack 0
   251                           
   252                           ; 1 bytes @ 0x8
   253   00002F                     	ds	1
   254   000030                     ??_GPIO_PIN_INITIALIZE:
   255                           
   256                           ; 1 bytes @ 0x9
   257   000030                     	ds	1
   258   000031                     GPIO_PIN_INITIALIZE@Retval:
   259                           	callstack 0
   260                           
   261                           ; 1 bytes @ 0xA
   262   000031                     	ds	1
   263   000032                     KEYPAD_INITIALIZE@keypad:
   264                           	callstack 0
   265                           
   266                           ; 1 bytes @ 0xB
   267   000032                     	ds	1
   268   000033                     KEYPAD_INITIALIZE@Retval:
   269                           	callstack 0
   270                           
   271                           ; 1 bytes @ 0xC
   272   000033                     	ds	1
   273   000034                     KEYPAD_INITIALIZE@r:
   274                           	callstack 0
   275                           
   276                           ; 2 bytes @ 0xD
   277   000034                     	ds	2
   278   000036                     KEYPAD_INITIALIZE@c:
   279                           	callstack 0
   280                           
   281                           ; 2 bytes @ 0xF
   282   000036                     	ds	2
   283   000038                     
   284                           ; 1 bytes @ 0x11
   285 ;;
   286 ;;Main: autosize = 0, tempsize = 0, incstack = 0, save=0
   287 ;;
   288 ;; *************** function _main *****************
   289 ;; Defined at:
   290 ;;		line 12 in file "Drivers_Main.c"
   291 ;; Parameters:    Size  Location     Type
   292 ;;		None
   293 ;; Auto vars:     Size  Location     Type
   294 ;;		None
   295 ;; Return value:  Size  Location     Type
   296 ;;                  2  254[None  ] int 
   297 ;; Registers used:
   298 ;;		wreg, fsr2l, fsr2h, status,2, status,0, prodl, prodh, cstack
   299 ;; Tracked objects:
   300 ;;		On entry : 0/0
   301 ;;		On exit  : 0/0
   302 ;;		Unchanged: 0/0
   303 ;; Data sizes:     COMRAM   BANK0   BANK1   BANK2   BANK3   BANK4   BANK5   BANK6   BANK7   BANK8   BANK9  BANK10  BANK1
      +1  BANK12  BANK13  BANK14  BANK15
   304 ;;      Params:         0       0       0       0       0       0       0       0       0       0       0       0       
      +0       0       0       0       0
   305 ;;      Locals:         0       0       0       0       0       0       0       0       0       0       0       0       
      +0       0       0       0       0
   306 ;;      Temps:          0       0       0       0       0       0       0       0       0       0       0       0       
      +0       0       0       0       0
   307 ;;      Totals:         0       0       0       0       0       0       0       0       0       0       0       0       
      +0       0       0       0       0
   308 ;;Total ram usage:        0 bytes
   309 ;; Hardware stack levels required when called: 5
   310 ;; This function calls:
   311 ;;		_Application_intialize
   312 ;; This function is called by:
   313 ;;		Startup code after reset
   314 ;; This function uses a non-reentrant model
   315 ;;
   316                           
   317                           	psect	text0
   318   0012DE                     __ptext0:
   319                           	callstack 0
   320   0012DE                     _main:
   321                           	callstack 26
   322                           
   323                           ;Drivers_Main.c: 13:     Application_intialize();
   324                           
   325                           ;incstack = 0
   326   0012DE  EC72  F009         	call	_Application_intialize	;wreg free
   327   0012E2                     l255:
   328                           
   329                           ;Drivers_Main.c: 16:     }
   330   0012E2  D7FF               	goto	l255
   331   0012E4                     __end_of_main:
   332                           	callstack 0
   333                           
   334 ;; *************** function _Application_intialize *****************
   335 ;; Defined at:
   336 ;;		line 20 in file "Drivers_Main.c"
   337 ;; Parameters:    Size  Location     Type
   338 ;;		None
   339 ;; Auto vars:     Size  Location     Type
   340 ;;		None
   341 ;; Return value:  Size  Location     Type
   342 ;;                  1    wreg      void 
   343 ;; Registers used:
   344 ;;		wreg, fsr2l, fsr2h, status,2, status,0, prodl, prodh, cstack
   345 ;; Tracked objects:
   346 ;;		On entry : 0/0
   347 ;;		On exit  : 0/0
   348 ;;		Unchanged: 0/0
   349 ;; Data sizes:     COMRAM   BANK0   BANK1   BANK2   BANK3   BANK4   BANK5   BANK6   BANK7   BANK8   BANK9  BANK10  BANK1
      +1  BANK12  BANK13  BANK14  BANK15
   350 ;;      Params:         0       0       0       0       0       0       0       0       0       0       0       0       
      +0       0       0       0       0
   351 ;;      Locals:         0       0       0       0       0       0       0       0       0       0       0       0       
      +0       0       0       0       0
   352 ;;      Temps:          0       0       0       0       0       0       0       0       0       0       0       0       
      +0       0       0       0       0
   353 ;;      Totals:         0       0       0       0       0       0       0       0       0       0       0       0       
      +0       0       0       0       0
   354 ;;Total ram usage:        0 bytes
   355 ;; Hardware stack levels used: 1
   356 ;; Hardware stack levels required when called: 4
   357 ;; This function calls:
   358 ;;		_ECU_LAYER_INITIALIZE
   359 ;; This function is called by:
   360 ;;		_main
   361 ;; This function uses a non-reentrant model
   362 ;;
   363                           
   364                           	psect	text1
   365   0012E4                     __ptext1:
   366                           	callstack 0
   367   0012E4                     _Application_intialize:
   368                           	callstack 26
   369                           
   370                           ;Drivers_Main.c: 21:     ECU_LAYER_INITIALIZE();
   371                           
   372                           ;incstack = 0
   373   0012E4  EC6A  F009         	call	_ECU_LAYER_INITIALIZE	;wreg free
   374   0012E8  0012               	return		;funcret
   375   0012EA                     __end_of_Application_intialize:
   376                           	callstack 0
   377                           
   378 ;; *************** function _ECU_LAYER_INITIALIZE *****************
   379 ;; Defined at:
   380 ;;		line 50 in file "ECUAL/ECU_INIT.c"
   381 ;; Parameters:    Size  Location     Type
   382 ;;		None
   383 ;; Auto vars:     Size  Location     Type
   384 ;;  Ret             1    0        enum E3063
   385 ;; Return value:  Size  Location     Type
   386 ;;                  1    wreg      void 
   387 ;; Registers used:
   388 ;;		wreg, fsr2l, fsr2h, status,2, status,0, prodl, prodh, cstack
   389 ;; Tracked objects:
   390 ;;		On entry : 0/0
   391 ;;		On exit  : 0/0
   392 ;;		Unchanged: 0/0
   393 ;; Data sizes:     COMRAM   BANK0   BANK1   BANK2   BANK3   BANK4   BANK5   BANK6   BANK7   BANK8   BANK9  BANK10  BANK1
      +1  BANK12  BANK13  BANK14  BANK15
   394 ;;      Params:         0       0       0       0       0       0       0       0       0       0       0       0       
      +0       0       0       0       0
   395 ;;      Locals:         0       0       0       0       0       0       0       0       0       0       0       0       
      +0       0       0       0       0
   396 ;;      Temps:          0       0       0       0       0       0       0       0       0       0       0       0       
      +0       0       0       0       0
   397 ;;      Totals:         0       0       0       0       0       0       0       0       0       0       0       0       
      +0       0       0       0       0
   398 ;;Total ram usage:        0 bytes
   399 ;; Hardware stack levels used: 1
   400 ;; Hardware stack levels required when called: 3
   401 ;; This function calls:
   402 ;;		_KEYPAD_INITIALIZE
   403 ;; This function is called by:
   404 ;;		_Application_intialize
   405 ;; This function uses a non-reentrant model
   406 ;;
   407                           
   408                           	psect	text2
   409   0012D4                     __ptext2:
   410                           	callstack 0
   411   0012D4                     _ECU_LAYER_INITIALIZE:
   412                           	callstack 26
   413                           
   414                           ;incstack = 0
   415   0012D4  0E1F               	movlw	low _keypad1
   416   0012D6  6E32               	movwf	KEYPAD_INITIALIZE@keypad^0,c
   417   0012D8  ECE9  F008         	call	_KEYPAD_INITIALIZE	;wreg free
   418   0012DC  0012               	return		;funcret
   419   0012DE                     __end_of_ECU_LAYER_INITIALIZE:
   420                           	callstack 0
   421                           
   422 ;; *************** function _KEYPAD_INITIALIZE *****************
   423 ;; Defined at:
   424 ;;		line 22 in file "ECUAL/Keypad/ECU_KEYPAD.c"
   425 ;; Parameters:    Size  Location     Type
   426 ;;  keypad          1   11[COMRAM] PTR const struct .
   427 ;;		 -> keypad1(8), 
   428 ;; Auto vars:     Size  Location     Type
   429 ;;  c               2   15[COMRAM] int 
   430 ;;  r               2   13[COMRAM] int 
   431 ;;  Retval          1   12[COMRAM] enum E3063
   432 ;; Return value:  Size  Location     Type
   433 ;;                  1    wreg      enum E3063
   434 ;; Registers used:
   435 ;;		wreg, fsr2l, fsr2h, status,2, status,0, prodl, prodh, cstack
   436 ;; Tracked objects:
   437 ;;		On entry : 0/0
   438 ;;		On exit  : 0/0
   439 ;;		Unchanged: 0/0
   440 ;; Data sizes:     COMRAM   BANK0   BANK1   BANK2   BANK3   BANK4   BANK5   BANK6   BANK7   BANK8   BANK9  BANK10  BANK1
      +1  BANK12  BANK13  BANK14  BANK15
   441 ;;      Params:         1       0       0       0       0       0       0       0       0       0       0       0       
      +0       0       0       0       0
   442 ;;      Locals:         5       0       0       0       0       0       0       0       0       0       0       0       
      +0       0       0       0       0
   443 ;;      Temps:          0       0       0       0       0       0       0       0       0       0       0       0       
      +0       0       0       0       0
   444 ;;      Totals:         6       0       0       0       0       0       0       0       0       0       0       0       
      +0       0       0       0       0
   445 ;;Total ram usage:        6 bytes
   446 ;; Hardware stack levels used: 1
   447 ;; Hardware stack levels required when called: 2
   448 ;; This function calls:
   449 ;;		_GPIO_PIN_DIRECTION_INITIALIZE
   450 ;;		_GPIO_PIN_INITIALIZE
   451 ;; This function is called by:
   452 ;;		_ECU_LAYER_INITIALIZE
   453 ;; This function uses a non-reentrant model
   454 ;;
   455                           
   456                           	psect	text3
   457   0011D2                     __ptext3:
   458                           	callstack 0
   459   0011D2                     _KEYPAD_INITIALIZE:
   460                           	callstack 26
   461                           
   462                           ;ECUAL/Keypad/ECU_KEYPAD.c: 24:     if(((void*)0) == keypad){
   463                           
   464                           ;incstack = 0
   465   0011D2  5032               	movf	KEYPAD_INITIALIZE@keypad^0,w,c
   466   0011D4  A4D8               	btfss	status,2,c
   467   0011D6  D003               	goto	l1146
   468                           
   469                           ;ECUAL/Keypad/ECU_KEYPAD.c: 25:         Retval = E_NOT_OK;
   470   0011D8  0E00               	movlw	0
   471   0011DA  6E33               	movwf	KEYPAD_INITIALIZE@Retval^0,c
   472                           
   473                           ;ECUAL/Keypad/ECU_KEYPAD.c: 26:     }
   474   0011DC  D028               	goto	u280
   475   0011DE                     l1146:
   476                           
   477                           ;ECUAL/Keypad/ECU_KEYPAD.c: 28:         for(int r = 0x00; r < 0x04 ; r++){
   478   0011DE  0E00               	movlw	0
   479   0011E0  6E35               	movwf	(KEYPAD_INITIALIZE@r+1)^0,c
   480   0011E2  0E00               	movlw	0
   481   0011E4  6E34               	movwf	KEYPAD_INITIALIZE@r^0,c
   482   0011E6                     l1152:
   483   0011E6  5032               	movf	KEYPAD_INITIALIZE@keypad^0,w,c
   484   0011E8  2434               	addwf	KEYPAD_INITIALIZE@r^0,w,c
   485   0011EA  6E2F               	movwf	GPIO_PIN_INITIALIZE@_PIN_CONFIG^0,c
   486   0011EC  EC19  F009         	call	_GPIO_PIN_INITIALIZE	;wreg free
   487                           
   488                           ;ECUAL/Keypad/ECU_KEYPAD.c: 30:         }
   489   0011F0  4A34               	infsnz	KEYPAD_INITIALIZE@r^0,f,c
   490   0011F2  2A35               	incf	(KEYPAD_INITIALIZE@r+1)^0,f,c
   491   0011F4  BE35               	btfsc	(KEYPAD_INITIALIZE@r+1)^0,7,c
   492   0011F6  D7F7               	goto	l1152
   493   0011F8  5035               	movf	(KEYPAD_INITIALIZE@r+1)^0,w,c
   494   0011FA  E104               	bnz	u270
   495   0011FC  0E04               	movlw	4
   496   0011FE  5C34               	subwf	KEYPAD_INITIALIZE@r^0,w,c
   497   001200  A0D8               	btfss	status,0,c
   498   001202  D7F1               	goto	l1152
   499   001204                     u270:
   500                           
   501                           ;ECUAL/Keypad/ECU_KEYPAD.c: 31:         for(int c = 0x00; c < 0x04 ; c++){
   502   001204  0E00               	movlw	0
   503   001206  6E37               	movwf	(KEYPAD_INITIALIZE@c+1)^0,c
   504   001208  0E00               	movlw	0
   505   00120A  6E36               	movwf	KEYPAD_INITIALIZE@c^0,c
   506   00120C                     l1164:
   507                           
   508                           ;ECUAL/Keypad/ECU_KEYPAD.c: 32:             Retval = GPIO_PIN_DIRECTION_INITIALIZE(&(key
      +                          pad->KEYPAD_COLUMNS_PINS[c]));
   509   00120C  5032               	movf	KEYPAD_INITIALIZE@keypad^0,w,c
   510   00120E  2436               	addwf	KEYPAD_INITIALIZE@c^0,w,c
   511   001210  0F04               	addlw	4
   512   001212  6E27               	movwf	GPIO_PIN_DIRECTION_INITIALIZE@_PIN_CONFIG^0,c
   513   001214  EC79  F008         	call	_GPIO_PIN_DIRECTION_INITIALIZE	;wreg free
   514   001218  6E33               	movwf	KEYPAD_INITIALIZE@Retval^0,c
   515                           
   516                           ;ECUAL/Keypad/ECU_KEYPAD.c: 33:         }
   517   00121A  4A36               	infsnz	KEYPAD_INITIALIZE@c^0,f,c
   518   00121C  2A37               	incf	(KEYPAD_INITIALIZE@c+1)^0,f,c
   519   00121E  BE37               	btfsc	(KEYPAD_INITIALIZE@c+1)^0,7,c
   520   001220  D7F5               	goto	l1164
   521   001222  5037               	movf	(KEYPAD_INITIALIZE@c+1)^0,w,c
   522   001224  E104               	bnz	u280
   523   001226  0E04               	movlw	4
   524   001228  5C36               	subwf	KEYPAD_INITIALIZE@c^0,w,c
   525   00122A  A0D8               	btfss	status,0,c
   526   00122C  D7EF               	goto	l1164
   527   00122E                     u280:
   528                           
   529                           ;ECUAL/Keypad/ECU_KEYPAD.c: 35:     return Retval;
   530   00122E  5033               	movf	KEYPAD_INITIALIZE@Retval^0,w,c
   531   001230  0012               	return		;funcret
   532   001232                     __end_of_KEYPAD_INITIALIZE:
   533                           	callstack 0
   534                           
   535 ;; *************** function _GPIO_PIN_INITIALIZE *****************
   536 ;; Defined at:
   537 ;;		line 156 in file "MCAL/GPIO/HAL_GPIO.c"
   538 ;; Parameters:    Size  Location     Type
   539 ;;  _PIN_CONFIG     1    8[COMRAM] PTR const struct .
   540 ;;		 -> keypad1$KEYPAD_ROWS_PINS(4), keypad1(8), RELAY_INITIALIZE@pin(1), LED_INITIALIZE@PIN_OBJ(1), 
   541 ;; Auto vars:     Size  Location     Type
   542 ;;  Retval          1   10[COMRAM] enum E3063
   543 ;; Return value:  Size  Location     Type
   544 ;;                  1    wreg      enum E3063
   545 ;; Registers used:
   546 ;;		wreg, fsr2l, fsr2h, status,2, status,0, prodl, prodh, cstack
   547 ;; Tracked objects:
   548 ;;		On entry : 0/0
   549 ;;		On exit  : 0/0
   550 ;;		Unchanged: 0/0
   551 ;; Data sizes:     COMRAM   BANK0   BANK1   BANK2   BANK3   BANK4   BANK5   BANK6   BANK7   BANK8   BANK9  BANK10  BANK1
      +1  BANK12  BANK13  BANK14  BANK15
   552 ;;      Params:         1       0       0       0       0       0       0       0       0       0       0       0       
      +0       0       0       0       0
   553 ;;      Locals:         1       0       0       0       0       0       0       0       0       0       0       0       
      +0       0       0       0       0
   554 ;;      Temps:          1       0       0       0       0       0       0       0       0       0       0       0       
      +0       0       0       0       0
   555 ;;      Totals:         3       0       0       0       0       0       0       0       0       0       0       0       
      +0       0       0       0       0
   556 ;;Total ram usage:        3 bytes
   557 ;; Hardware stack levels used: 1
   558 ;; Hardware stack levels required when called: 1
   559 ;; This function calls:
   560 ;;		_GPIO_PIN_DIRECTION_INITIALIZE
   561 ;;		_GPIO_PIN_WRITE_LOGIC
   562 ;; This function is called by:
   563 ;;		_KEYPAD_INITIALIZE
   564 ;; This function uses a non-reentrant model
   565 ;;
   566                           
   567                           	psect	text4
   568   001232                     __ptext4:
   569                           	callstack 0
   570   001232                     _GPIO_PIN_INITIALIZE:
   571                           	callstack 26
   572                           
   573                           ;MCAL/GPIO/HAL_GPIO.c: 158:     if(((void*)0) == _PIN_CONFIG || _PIN_CONFIG->PIN >= 8){
   574                           
   575                           ;incstack = 0
   576   001232  502F               	movf	GPIO_PIN_INITIALIZE@_PIN_CONFIG^0,w,c
   577   001234  B4D8               	btfsc	status,2,c
   578   001236  D00B               	goto	u250
   579   001238  502F               	movf	GPIO_PIN_INITIALIZE@_PIN_CONFIG^0,w,c
   580   00123A  6ED9               	movwf	fsr2l,c
   581   00123C  6ADA               	clrf	fsr2h,c
   582   00123E  30DF               	rrcf	223,w,c
   583   001240  32E8               	rrcf	wreg,f,c
   584   001242  32E8               	rrcf	wreg,f,c
   585   001244  0B07               	andlw	7
   586   001246  6E30               	movwf	??_GPIO_PIN_INITIALIZE^0,c
   587   001248  0E07               	movlw	7
   588   00124A  6430               	cpfsgt	??_GPIO_PIN_INITIALIZE^0,c
   589   00124C  D002               	goto	l1134
   590   00124E                     u250:
   591                           
   592                           ;MCAL/GPIO/HAL_GPIO.c: 159:         Retval = E_NOT_OK;
   593   00124E  0E00               	movlw	0
   594   001250  D010               	goto	L1
   595   001252                     l1134:
   596                           
   597                           ;MCAL/GPIO/HAL_GPIO.c: 162:         GPIO_PIN_DIRECTION_INITIALIZE(_PIN_CONFIG);
   598   001252  C02F  F027         	movff	GPIO_PIN_INITIALIZE@_PIN_CONFIG,GPIO_PIN_DIRECTION_INITIALIZE@_PIN_CONFIG
   599   001256  EC79  F008         	call	_GPIO_PIN_DIRECTION_INITIALIZE	;wreg free
   600                           
   601                           ;MCAL/GPIO/HAL_GPIO.c: 163:         GPIO_PIN_WRITE_LOGIC(_PIN_CONFIG,_PIN_CONFIG->LOGIC)
      +                          ;
   602   00125A  C02F  F027         	movff	GPIO_PIN_INITIALIZE@_PIN_CONFIG,GPIO_PIN_WRITE_LOGIC@_PIN_CONFIG
   603   00125E  502F               	movf	GPIO_PIN_INITIALIZE@_PIN_CONFIG^0,w,c
   604   001260  6ED9               	movwf	fsr2l,c
   605   001262  6ADA               	clrf	fsr2h,c
   606   001264  0E00               	movlw	0
   607   001266  BEDF               	btfsc	indf2,7,c
   608   001268  0E01               	movlw	1
   609   00126A  6E28               	movwf	GPIO_PIN_WRITE_LOGIC@LOGIC^0,c
   610   00126C  EC09  F008         	call	_GPIO_PIN_WRITE_LOGIC	;wreg free
   611                           
   612                           ;MCAL/GPIO/HAL_GPIO.c: 164:         Retval = E_OK;
   613   001270  0E01               	movlw	1
   614   001272                     L1:
   615   001272  6E31               	movwf	GPIO_PIN_INITIALIZE@Retval^0,c
   616                           
   617                           ;MCAL/GPIO/HAL_GPIO.c: 166:     return Retval;
   618   001274  5031               	movf	GPIO_PIN_INITIALIZE@Retval^0,w,c
   619   001276  0012               	return		;funcret
   620   001278                     __end_of_GPIO_PIN_INITIALIZE:
   621                           	callstack 0
   622                           
   623 ;; *************** function _GPIO_PIN_WRITE_LOGIC *****************
   624 ;; Defined at:
   625 ;;		line 84 in file "MCAL/GPIO/HAL_GPIO.c"
   626 ;; Parameters:    Size  Location     Type
   627 ;;  _PIN_CONFIG     1    0[COMRAM] PTR const struct .
   628 ;;		 -> keypad1$KEYPAD_ROWS_PINS(4), keypad1(8), RELAY_TURN_OFF@pin(1), RELAY_TURN_ON@pin(1), 
   629 ;;		 -> RELAY_INITIALIZE@pin(1), LED_Turn_OFF@PIN_OBJ(1), LED_Turn_ON@PIN_OBJ(1), LED_INITIALIZE@PIN_OBJ(1), 
   630 ;;  LOGIC           1    1[COMRAM] enum E3067
   631 ;; Auto vars:     Size  Location     Type
   632 ;;  Retval          1    7[COMRAM] enum E3063
   633 ;; Return value:  Size  Location     Type
   634 ;;                  1    wreg      enum E3063
   635 ;; Registers used:
   636 ;;		wreg, fsr2l, fsr2h, status,2, status,0, prodl, prodh
   637 ;; Tracked objects:
   638 ;;		On entry : 0/0
   639 ;;		On exit  : 0/0
   640 ;;		Unchanged: 0/0
   641 ;; Data sizes:     COMRAM   BANK0   BANK1   BANK2   BANK3   BANK4   BANK5   BANK6   BANK7   BANK8   BANK9  BANK10  BANK1
      +1  BANK12  BANK13  BANK14  BANK15
   642 ;;      Params:         2       0       0       0       0       0       0       0       0       0       0       0       
      +0       0       0       0       0
   643 ;;      Locals:         1       0       0       0       0       0       0       0       0       0       0       0       
      +0       0       0       0       0
   644 ;;      Temps:          5       0       0       0       0       0       0       0       0       0       0       0       
      +0       0       0       0       0
   645 ;;      Totals:         8       0       0       0       0       0       0       0       0       0       0       0       
      +0       0       0       0       0
   646 ;;Total ram usage:        8 bytes
   647 ;; Hardware stack levels used: 1
   648 ;; This function calls:
   649 ;;		Nothing
   650 ;; This function is called by:
   651 ;;		_GPIO_PIN_INITIALIZE
   652 ;; This function uses a non-reentrant model
   653 ;;
   654                           
   655                           	psect	text5
   656   001012                     __ptext5:
   657                           	callstack 0
   658   001012                     _GPIO_PIN_WRITE_LOGIC:
   659                           	callstack 26
   660                           
   661                           ;MCAL/GPIO/HAL_GPIO.c: 86:     if(((void*)0) == _PIN_CONFIG || _PIN_CONFIG->PIN >= 8){
   662                           
   663                           ;incstack = 0
   664   001012  5027               	movf	GPIO_PIN_WRITE_LOGIC@_PIN_CONFIG^0,w,c
   665   001014  B4D8               	btfsc	status,2,c
   666   001016  D00B               	goto	u160
   667   001018  5027               	movf	GPIO_PIN_WRITE_LOGIC@_PIN_CONFIG^0,w,c
   668   00101A  6ED9               	movwf	fsr2l,c
   669   00101C  6ADA               	clrf	fsr2h,c
   670   00101E  30DF               	rrcf	223,w,c
   671   001020  32E8               	rrcf	wreg,f,c
   672   001022  32E8               	rrcf	wreg,f,c
   673   001024  0B07               	andlw	7
   674   001026  6E29               	movwf	??_GPIO_PIN_WRITE_LOGIC^0,c
   675   001028  0E07               	movlw	7
   676   00102A  6429               	cpfsgt	??_GPIO_PIN_WRITE_LOGIC^0,c
   677   00102C  D051               	goto	l1094
   678   00102E                     u160:
   679                           
   680                           ;MCAL/GPIO/HAL_GPIO.c: 87:         Retval= E_NOT_OK;
   681   00102E  0E00               	movlw	0
   682   001030  D028               	goto	L2
   683   001032                     l1082:
   684                           
   685                           ;MCAL/GPIO/HAL_GPIO.c: 92:                 (*LAT_REG[_PIN_CONFIG->PORT] &= ~(((uint8)0x0
      +                          1) << _PIN_CONFIG->PIN));
   686   001032  5027               	movf	GPIO_PIN_WRITE_LOGIC@_PIN_CONFIG^0,w,c
   687   001034  6ED9               	movwf	fsr2l,c
   688   001036  6ADA               	clrf	fsr2h,c
   689   001038  30DF               	rrcf	223,w,c
   690   00103A  32E8               	rrcf	wreg,f,c
   691   00103C  32E8               	rrcf	wreg,f,c
   692   00103E  0B07               	andlw	7
   693   001040  6E29               	movwf	??_GPIO_PIN_WRITE_LOGIC^0,c
   694   001042  0E01               	movlw	1
   695   001044  6E2A               	movwf	(??_GPIO_PIN_WRITE_LOGIC+1)^0,c
   696   001046  2A29               	incf	??_GPIO_PIN_WRITE_LOGIC^0,f,c
   697   001048  D002               	goto	u174
   698   00104A                     u175:
   699   00104A  90D8               	bcf	status,0,c
   700   00104C  362A               	rlcf	(??_GPIO_PIN_WRITE_LOGIC+1)^0,f,c
   701   00104E                     u174:
   702   00104E  2E29               	decfsz	??_GPIO_PIN_WRITE_LOGIC^0,f,c
   703   001050  D7FC               	goto	u175
   704   001052  502A               	movf	(??_GPIO_PIN_WRITE_LOGIC+1)^0,w,c
   705   001054  0AFF               	xorlw	255
   706   001056  6E2B               	movwf	(??_GPIO_PIN_WRITE_LOGIC+2)^0,c
   707   001058  5027               	movf	GPIO_PIN_WRITE_LOGIC@_PIN_CONFIG^0,w,c
   708   00105A  6ED9               	movwf	fsr2l,c
   709   00105C  6ADA               	clrf	fsr2h,c
   710   00105E  50DF               	movf	223,w,c
   711   001060  0B07               	andlw	7
   712   001062  0D02               	mullw	2
   713   001064  50F3               	movf	243,w,c
   714   001066  0F01               	addlw	low _LAT_REG
   715   001068  6ED9               	movwf	fsr2l,c
   716   00106A  6ADA               	clrf	fsr2h,c
   717   00106C  CFDE F02C          	movff	postinc2,??_GPIO_PIN_WRITE_LOGIC+3
   718   001070  CFDD F02D          	movff	postdec2,??_GPIO_PIN_WRITE_LOGIC+4
   719   001074  C02C  FFD9         	movff	??_GPIO_PIN_WRITE_LOGIC+3,fsr2l
   720   001078  C02D  FFDA         	movff	??_GPIO_PIN_WRITE_LOGIC+4,fsr2h
   721   00107C  502B               	movf	(??_GPIO_PIN_WRITE_LOGIC+2)^0,w,c
   722   00107E  16DF               	andwf	indf2,f,c
   723   001080                     l1084:
   724                           
   725                           ;MCAL/GPIO/HAL_GPIO.c: 93:                 Retval = E_OK;
   726   001080  0E01               	movlw	1
   727   001082                     L2:
   728   001082  6E2E               	movwf	GPIO_PIN_WRITE_LOGIC@Retval^0,c
   729                           
   730                           ;MCAL/GPIO/HAL_GPIO.c: 94:                 break;
   731   001084  D034               	goto	l1096
   732   001086                     l1086:
   733                           
   734                           ;MCAL/GPIO/HAL_GPIO.c: 96:                 (*LAT_REG[_PIN_CONFIG->PORT] |= (((uint8)0x01
      +                          ) << _PIN_CONFIG->PIN));
   735   001086  5027               	movf	GPIO_PIN_WRITE_LOGIC@_PIN_CONFIG^0,w,c
   736   001088  6ED9               	movwf	fsr2l,c
   737   00108A  6ADA               	clrf	fsr2h,c
   738   00108C  30DF               	rrcf	223,w,c
   739   00108E  32E8               	rrcf	wreg,f,c
   740   001090  32E8               	rrcf	wreg,f,c
   741   001092  0B07               	andlw	7
   742   001094  6E29               	movwf	??_GPIO_PIN_WRITE_LOGIC^0,c
   743   001096  0E01               	movlw	1
   744   001098  6E2A               	movwf	(??_GPIO_PIN_WRITE_LOGIC+1)^0,c
   745   00109A  2A29               	incf	??_GPIO_PIN_WRITE_LOGIC^0,f,c
   746   00109C  D002               	goto	u184
   747   00109E                     u185:
   748   00109E  90D8               	bcf	status,0,c
   749   0010A0  362A               	rlcf	(??_GPIO_PIN_WRITE_LOGIC+1)^0,f,c
   750   0010A2                     u184:
   751   0010A2  2E29               	decfsz	??_GPIO_PIN_WRITE_LOGIC^0,f,c
   752   0010A4  D7FC               	goto	u185
   753   0010A6  5027               	movf	GPIO_PIN_WRITE_LOGIC@_PIN_CONFIG^0,w,c
   754   0010A8  6ED9               	movwf	fsr2l,c
   755   0010AA  6ADA               	clrf	fsr2h,c
   756   0010AC  50DF               	movf	223,w,c
   757   0010AE  0B07               	andlw	7
   758   0010B0  0D02               	mullw	2
   759   0010B2  50F3               	movf	243,w,c
   760   0010B4  0F01               	addlw	low _LAT_REG
   761   0010B6  6ED9               	movwf	fsr2l,c
   762   0010B8  6ADA               	clrf	fsr2h,c
   763   0010BA  CFDE F02B          	movff	postinc2,??_GPIO_PIN_WRITE_LOGIC+2
   764   0010BE  CFDD F02C          	movff	postdec2,??_GPIO_PIN_WRITE_LOGIC+3
   765   0010C2  C02B  FFD9         	movff	??_GPIO_PIN_WRITE_LOGIC+2,fsr2l
   766   0010C6  C02C  FFDA         	movff	??_GPIO_PIN_WRITE_LOGIC+3,fsr2h
   767   0010CA  502A               	movf	(??_GPIO_PIN_WRITE_LOGIC+1)^0,w,c
   768   0010CC  12DF               	iorwf	indf2,f,c
   769   0010CE  D7D8               	goto	l1084
   770   0010D0                     l1094:
   771   0010D0  5028               	movf	GPIO_PIN_WRITE_LOGIC@LOGIC^0,w,c
   772   0010D2  6E29               	movwf	??_GPIO_PIN_WRITE_LOGIC^0,c
   773   0010D4  6A2A               	clrf	(??_GPIO_PIN_WRITE_LOGIC+1)^0,c
   774                           
   775                           ; Switch on 2 bytes has been partitioned into a top level switch of size 1, and 1 sub-sw
      +                          itches
   776                           ; Switch size 1, requested type "simple"
   777                           ; Number of cases is 1, Range of values is 0 to 0
   778                           ; switch strategies available:
   779                           ; Name         Instructions Cycles
   780                           ; simple_byte            4     3 (average)
   781                           ;	Chosen strategy is simple_byte
   782   0010D6  502A               	movf	(??_GPIO_PIN_WRITE_LOGIC+1)^0,w,c
   783   0010D8  0A00               	xorlw	0	; case 0
   784   0010DA  A4D8               	btfss	status,2,c
   785   0010DC  D7A8               	goto	u160
   786                           
   787                           ; Switch size 1, requested type "simple"
   788                           ; Number of cases is 2, Range of values is 0 to 1
   789                           ; switch strategies available:
   790                           ; Name         Instructions Cycles
   791                           ; simple_byte            7     4 (average)
   792                           ;	Chosen strategy is simple_byte
   793   0010DE  5029               	movf	??_GPIO_PIN_WRITE_LOGIC^0,w,c
   794   0010E0  0A00               	xorlw	0	; case 0
   795   0010E2  B4D8               	btfsc	status,2,c
   796   0010E4  D7A6               	goto	l1082
   797   0010E6  0A01               	xorlw	1	; case 1
   798   0010E8  B4D8               	btfsc	status,2,c
   799   0010EA  D7CD               	goto	l1086
   800   0010EC  D7A0               	goto	u160
   801   0010EE                     l1096:
   802                           
   803                           ;MCAL/GPIO/HAL_GPIO.c: 104:     return Retval;
   804   0010EE  502E               	movf	GPIO_PIN_WRITE_LOGIC@Retval^0,w,c
   805   0010F0  0012               	return		;funcret
   806   0010F2                     __end_of_GPIO_PIN_WRITE_LOGIC:
   807                           	callstack 0
   808                           
   809 ;; *************** function _GPIO_PIN_DIRECTION_INITIALIZE *****************
   810 ;; Defined at:
   811 ;;		line 29 in file "MCAL/GPIO/HAL_GPIO.c"
   812 ;; Parameters:    Size  Location     Type
   813 ;;  _PIN_CONFIG     1    0[COMRAM] PTR const struct .
   814 ;;		 -> keypad1$KEYPAD_COLUMNS_PINS(4), keypad1$KEYPAD_ROWS_PINS(4), keypad1(8), RELAY_INITIALIZE@pin(1), 
   815 ;;		 -> LED_INITIALIZE@PIN_OBJ(1), 
   816 ;; Auto vars:     Size  Location     Type
   817 ;;  Retval          1    6[COMRAM] enum E3063
   818 ;; Return value:  Size  Location     Type
   819 ;;                  1    wreg      enum E3063
   820 ;; Registers used:
   821 ;;		wreg, fsr2l, fsr2h, status,2, status,0, prodl, prodh
   822 ;; Tracked objects:
   823 ;;		On entry : 0/0
   824 ;;		On exit  : 0/0
   825 ;;		Unchanged: 0/0
   826 ;; Data sizes:     COMRAM   BANK0   BANK1   BANK2   BANK3   BANK4   BANK5   BANK6   BANK7   BANK8   BANK9  BANK10  BANK1
      +1  BANK12  BANK13  BANK14  BANK15
   827 ;;      Params:         1       0       0       0       0       0       0       0       0       0       0       0       
      +0       0       0       0       0
   828 ;;      Locals:         1       0       0       0       0       0       0       0       0       0       0       0       
      +0       0       0       0       0
   829 ;;      Temps:          5       0       0       0       0       0       0       0       0       0       0       0       
      +0       0       0       0       0
   830 ;;      Totals:         7       0       0       0       0       0       0       0       0       0       0       0       
      +0       0       0       0       0
   831 ;;Total ram usage:        7 bytes
   832 ;; Hardware stack levels used: 1
   833 ;; This function calls:
   834 ;;		Nothing
   835 ;; This function is called by:
   836 ;;		_GPIO_PIN_INITIALIZE
   837 ;;		_KEYPAD_INITIALIZE
   838 ;; This function uses a non-reentrant model
   839 ;;
   840                           
   841                           	psect	text6
   842   0010F2                     __ptext6:
   843                           	callstack 0
   844   0010F2                     _GPIO_PIN_DIRECTION_INITIALIZE:
   845                           	callstack 26
   846                           
   847                           ;MCAL/GPIO/HAL_GPIO.c: 31:     if(((void*)0) == _PIN_CONFIG || _PIN_CONFIG->PIN >= 8){
   848                           
   849                           ;incstack = 0
   850   0010F2  5027               	movf	GPIO_PIN_DIRECTION_INITIALIZE@_PIN_CONFIG^0,w,c
   851   0010F4  B4D8               	btfsc	status,2,c
   852   0010F6  D00B               	goto	u200
   853   0010F8  5027               	movf	GPIO_PIN_DIRECTION_INITIALIZE@_PIN_CONFIG^0,w,c
   854   0010FA  6ED9               	movwf	fsr2l,c
   855   0010FC  6ADA               	clrf	fsr2h,c
   856   0010FE  30DF               	rrcf	223,w,c
   857   001100  32E8               	rrcf	wreg,f,c
   858   001102  32E8               	rrcf	wreg,f,c
   859   001104  0B07               	andlw	7
   860   001106  6E28               	movwf	??_GPIO_PIN_DIRECTION_INITIALIZE^0,c
   861   001108  0E07               	movlw	7
   862   00110A  6428               	cpfsgt	??_GPIO_PIN_DIRECTION_INITIALIZE^0,c
   863   00110C  D051               	goto	l1122
   864   00110E                     u200:
   865                           
   866                           ;MCAL/GPIO/HAL_GPIO.c: 32:         Retval = E_NOT_OK;
   867   00110E  0E00               	movlw	0
   868   001110  D028               	goto	L3
   869   001112                     l1110:
   870                           
   871                           ;MCAL/GPIO/HAL_GPIO.c: 37:                 (*TRIS_REG[_PIN_CONFIG->PORT] &= ~(((uint8)0x
      +                          01) << _PIN_CONFIG->PIN));
   872   001112  5027               	movf	GPIO_PIN_DIRECTION_INITIALIZE@_PIN_CONFIG^0,w,c
   873   001114  6ED9               	movwf	fsr2l,c
   874   001116  6ADA               	clrf	fsr2h,c
   875   001118  30DF               	rrcf	223,w,c
   876   00111A  32E8               	rrcf	wreg,f,c
   877   00111C  32E8               	rrcf	wreg,f,c
   878   00111E  0B07               	andlw	7
   879   001120  6E28               	movwf	??_GPIO_PIN_DIRECTION_INITIALIZE^0,c
   880   001122  0E01               	movlw	1
   881   001124  6E29               	movwf	(??_GPIO_PIN_DIRECTION_INITIALIZE+1)^0,c
   882   001126  2A28               	incf	??_GPIO_PIN_DIRECTION_INITIALIZE^0,f,c
   883   001128  D002               	goto	u214
   884   00112A                     u215:
   885   00112A  90D8               	bcf	status,0,c
   886   00112C  3629               	rlcf	(??_GPIO_PIN_DIRECTION_INITIALIZE+1)^0,f,c
   887   00112E                     u214:
   888   00112E  2E28               	decfsz	??_GPIO_PIN_DIRECTION_INITIALIZE^0,f,c
   889   001130  D7FC               	goto	u215
   890   001132  5029               	movf	(??_GPIO_PIN_DIRECTION_INITIALIZE+1)^0,w,c
   891   001134  0AFF               	xorlw	255
   892   001136  6E2A               	movwf	(??_GPIO_PIN_DIRECTION_INITIALIZE+2)^0,c
   893   001138  5027               	movf	GPIO_PIN_DIRECTION_INITIALIZE@_PIN_CONFIG^0,w,c
   894   00113A  6ED9               	movwf	fsr2l,c
   895   00113C  6ADA               	clrf	fsr2h,c
   896   00113E  50DF               	movf	223,w,c
   897   001140  0B07               	andlw	7
   898   001142  0D02               	mullw	2
   899   001144  50F3               	movf	243,w,c
   900   001146  0F15               	addlw	low _TRIS_REG
   901   001148  6ED9               	movwf	fsr2l,c
   902   00114A  6ADA               	clrf	fsr2h,c
   903   00114C  CFDE F02B          	movff	postinc2,??_GPIO_PIN_DIRECTION_INITIALIZE+3
   904   001150  CFDD F02C          	movff	postdec2,??_GPIO_PIN_DIRECTION_INITIALIZE+4
   905   001154  C02B  FFD9         	movff	??_GPIO_PIN_DIRECTION_INITIALIZE+3,fsr2l
   906   001158  C02C  FFDA         	movff	??_GPIO_PIN_DIRECTION_INITIALIZE+4,fsr2h
   907   00115C  502A               	movf	(??_GPIO_PIN_DIRECTION_INITIALIZE+2)^0,w,c
   908   00115E  16DF               	andwf	indf2,f,c
   909   001160                     l1112:
   910                           
   911                           ;MCAL/GPIO/HAL_GPIO.c: 38:                 Retval = E_OK;
   912   001160  0E01               	movlw	1
   913   001162                     L3:
   914   001162  6E2D               	movwf	GPIO_PIN_DIRECTION_INITIALIZE@Retval^0,c
   915                           
   916                           ;MCAL/GPIO/HAL_GPIO.c: 39:                 break;
   917   001164  D034               	goto	l1124
   918   001166                     l1114:
   919                           
   920                           ;MCAL/GPIO/HAL_GPIO.c: 41:                 (*TRIS_REG[_PIN_CONFIG->PORT] |= (((uint8)0x0
      +                          1) << _PIN_CONFIG->PIN));
   921   001166  5027               	movf	GPIO_PIN_DIRECTION_INITIALIZE@_PIN_CONFIG^0,w,c
   922   001168  6ED9               	movwf	fsr2l,c
   923   00116A  6ADA               	clrf	fsr2h,c
   924   00116C  30DF               	rrcf	223,w,c
   925   00116E  32E8               	rrcf	wreg,f,c
   926   001170  32E8               	rrcf	wreg,f,c
   927   001172  0B07               	andlw	7
   928   001174  6E28               	movwf	??_GPIO_PIN_DIRECTION_INITIALIZE^0,c
   929   001176  0E01               	movlw	1
   930   001178  6E29               	movwf	(??_GPIO_PIN_DIRECTION_INITIALIZE+1)^0,c
   931   00117A  2A28               	incf	??_GPIO_PIN_DIRECTION_INITIALIZE^0,f,c
   932   00117C  D002               	goto	u224
   933   00117E                     u225:
   934   00117E  90D8               	bcf	status,0,c
   935   001180  3629               	rlcf	(??_GPIO_PIN_DIRECTION_INITIALIZE+1)^0,f,c
   936   001182                     u224:
   937   001182  2E28               	decfsz	??_GPIO_PIN_DIRECTION_INITIALIZE^0,f,c
   938   001184  D7FC               	goto	u225
   939   001186  5027               	movf	GPIO_PIN_DIRECTION_INITIALIZE@_PIN_CONFIG^0,w,c
   940   001188  6ED9               	movwf	fsr2l,c
   941   00118A  6ADA               	clrf	fsr2h,c
   942   00118C  50DF               	movf	223,w,c
   943   00118E  0B07               	andlw	7
   944   001190  0D02               	mullw	2
   945   001192  50F3               	movf	243,w,c
   946   001194  0F15               	addlw	low _TRIS_REG
   947   001196  6ED9               	movwf	fsr2l,c
   948   001198  6ADA               	clrf	fsr2h,c
   949   00119A  CFDE F02A          	movff	postinc2,??_GPIO_PIN_DIRECTION_INITIALIZE+2
   950   00119E  CFDD F02B          	movff	postdec2,??_GPIO_PIN_DIRECTION_INITIALIZE+3
   951   0011A2  C02A  FFD9         	movff	??_GPIO_PIN_DIRECTION_INITIALIZE+2,fsr2l
   952   0011A6  C02B  FFDA         	movff	??_GPIO_PIN_DIRECTION_INITIALIZE+3,fsr2h
   953   0011AA  5029               	movf	(??_GPIO_PIN_DIRECTION_INITIALIZE+1)^0,w,c
   954   0011AC  12DF               	iorwf	indf2,f,c
   955   0011AE  D7D8               	goto	l1112
   956   0011B0                     l1122:
   957   0011B0  5027               	movf	GPIO_PIN_DIRECTION_INITIALIZE@_PIN_CONFIG^0,w,c
   958   0011B2  6ED9               	movwf	fsr2l,c
   959   0011B4  6ADA               	clrf	fsr2h,c
   960   0011B6  ACDF               	btfss	indf2,6,c
   961   0011B8  D002               	goto	u230
   962   0011BA  0E01               	movlw	1
   963   0011BC  D001               	goto	u236
   964   0011BE                     u230:
   965   0011BE  0E00               	movlw	0
   966   0011C0                     u236:
   967                           
   968                           ; Switch size 1, requested type "simple"
   969                           ; Number of cases is 2, Range of values is 0 to 1
   970                           ; switch strategies available:
   971                           ; Name         Instructions Cycles
   972                           ; simple_byte            7     4 (average)
   973                           ;	Chosen strategy is simple_byte
   974   0011C0  0A00               	xorlw	0	; case 0
   975   0011C2  B4D8               	btfsc	status,2,c
   976   0011C4  D7A6               	goto	l1110
   977   0011C6  0A01               	xorlw	1	; case 1
   978   0011C8  B4D8               	btfsc	status,2,c
   979   0011CA  D7CD               	goto	l1114
   980   0011CC  D7A0               	goto	u200
   981   0011CE                     l1124:
   982                           
   983                           ;MCAL/GPIO/HAL_GPIO.c: 49:     return Retval;
   984   0011CE  502D               	movf	GPIO_PIN_DIRECTION_INITIALIZE@Retval^0,w,c
   985   0011D0  0012               	return		;funcret
   986   0011D2                     __end_of_GPIO_PIN_DIRECTION_INITIALIZE:
   987                           	callstack 0
   988                           
   989                           	psect	rparam
   990   000000                     
   991                           	psect	config
   992                           
   993                           ; Padding undefined space
   994   300000                     	org	3145728
   995   300000  FF                 	db	255
   996                           
   997                           ;Config register CONFIG1H @ 0x300001
   998                           ;	Oscillator Selection bits
   999                           ;	FOSC = HS, HS oscillator
  1000                           ;	Fail-Safe Clock Monitor Enable bit
  1001                           ;	FCMEN = OFF, Fail-Safe Clock Monitor disabled
  1002                           ;	Internal/External Oscillator Switchover bit
  1003                           ;	IESO = OFF, Oscillator Switchover mode disabled
  1004   300001                     	org	3145729
  1005   300001  02                 	db	2
  1006                           
  1007                           ;Config register CONFIG2L @ 0x300002
  1008                           ;	Power-up Timer Enable bit
  1009                           ;	PWRTEN = OFF, PWRT disabled
  1010                           ;	Brown-out Reset Enable bits
  1011                           ;	BOREN = OFF, Brown-out Reset disabled in hardware and software
  1012                           ;	Brown Out Reset Voltage bits
  1013                           ;	BORV = 18, VBOR set to 1.8 V nominal
  1014   300002                     	org	3145730
  1015   300002  19                 	db	25
  1016                           
  1017                           ;Config register CONFIG2H @ 0x300003
  1018                           ;	Watchdog Timer Enable bit
  1019                           ;	WDTEN = OFF, WDT is controlled by SWDTEN bit of the WDTCON register
  1020                           ;	Watchdog Timer Postscale Select bits
  1021                           ;	WDTPS = 32768, 1:32768
  1022   300003                     	org	3145731
  1023   300003  1E                 	db	30
  1024                           
  1025                           ; Padding undefined space
  1026   300004                     	org	3145732
  1027   300004  FF                 	db	255
  1028                           
  1029                           ;Config register CONFIG3H @ 0x300005
  1030                           ;	CCP2 MUX bit
  1031                           ;	CCP2MX = PORTC, CCP2 input/output is multiplexed with RC1
  1032                           ;	PORTB A/D Enable bit
  1033                           ;	PBADEN = OFF, PORTB<4:0> pins are configured as digital I/O on Reset
  1034                           ;	Low-Power Timer1 Oscillator Enable bit
  1035                           ;	LPT1OSC = OFF, Timer1 configured for higher power operation
  1036                           ;	HFINTOSC Fast Start-up
  1037                           ;	HFOFST = ON, HFINTOSC starts clocking the CPU without waiting for the oscillator to st
      +                          ablize.
  1038                           ;	MCLR Pin Enable bit
  1039                           ;	MCLRE = ON, MCLR pin enabled; RE3 input pin disabled
  1040   300005                     	org	3145733
  1041   300005  89                 	db	137
  1042                           
  1043                           ;Config register CONFIG4L @ 0x300006
  1044                           ;	Stack Full/Underflow Reset Enable bit
  1045                           ;	STVREN = ON, Stack full/underflow will cause Reset
  1046                           ;	Single-Supply ICSP Enable bit
  1047                           ;	LVP = OFF, Single-Supply ICSP disabled
  1048                           ;	Extended Instruction Set Enable bit
  1049                           ;	XINST = OFF, Instruction set extension and Indexed Addressing mode disabled (Legacy mo
      +                          de)
  1050                           ;	Background Debugger Enable bit
  1051                           ;	DEBUG = 0x1, unprogrammed default
  1052   300006                     	org	3145734
  1053   300006  81                 	db	129
  1054                           
  1055                           ; Padding undefined space
  1056   300007                     	org	3145735
  1057   300007  FF                 	db	255
  1058                           
  1059                           ;Config register CONFIG5L @ 0x300008
  1060                           ;	Code Protection Block 0
  1061                           ;	CP0 = OFF, Block 0 (000800-003FFFh) not code-protected
  1062                           ;	Code Protection Block 1
  1063                           ;	CP1 = OFF, Block 1 (004000-007FFFh) not code-protected
  1064                           ;	Code Protection Block 2
  1065                           ;	CP2 = OFF, Block 2 (008000-00BFFFh) not code-protected
  1066                           ;	Code Protection Block 3
  1067                           ;	CP3 = OFF, Block 3 (00C000-00FFFFh) not code-protected
  1068   300008                     	org	3145736
  1069   300008  0F                 	db	15
  1070                           
  1071                           ;Config register CONFIG5H @ 0x300009
  1072                           ;	Boot Block Code Protection bit
  1073                           ;	CPB = OFF, Boot block (000000-0007FFh) not code-protected
  1074                           ;	Data EEPROM Code Protection bit
  1075                           ;	CPD = OFF, Data EEPROM not code-protected
  1076   300009                     	org	3145737
  1077   300009  C0                 	db	192
  1078                           
  1079                           ;Config register CONFIG6L @ 0x30000A
  1080                           ;	Write Protection Block 0
  1081                           ;	WRT0 = OFF, Block 0 (000800-003FFFh) not write-protected
  1082                           ;	Write Protection Block 1
  1083                           ;	WRT1 = OFF, Block 1 (004000-007FFFh) not write-protected
  1084                           ;	Write Protection Block 2
  1085                           ;	WRT2 = OFF, Block 2 (008000-00BFFFh) not write-protected
  1086                           ;	Write Protection Block 3
  1087                           ;	WRT3 = OFF, Block 3 (00C000h-00FFFFh) not write-protected
  1088   30000A                     	org	3145738
  1089   30000A  0F                 	db	15
  1090                           
  1091                           ;Config register CONFIG6H @ 0x30000B
  1092                           ;	Configuration Register Write Protection bit
  1093                           ;	WRTC = OFF, Configuration registers (300000-3000FFh) not write-protected
  1094                           ;	Boot Block Write Protection bit
  1095                           ;	WRTB = OFF, Boot Block (000000-0007FFh) not write-protected
  1096                           ;	Data EEPROM Write Protection bit
  1097                           ;	WRTD = OFF, Data EEPROM not write-protected
  1098   30000B                     	org	3145739
  1099   30000B  E0                 	db	224
  1100                           
  1101                           ;Config register CONFIG7L @ 0x30000C
  1102                           ;	Table Read Protection Block 0
  1103                           ;	EBTR0 = OFF, Block 0 (000800-003FFFh) not protected from table reads executed in other
      +                           blocks
  1104                           ;	Table Read Protection Block 1
  1105                           ;	EBTR1 = OFF, Block 1 (004000-007FFFh) not protected from table reads executed in other
      +                           blocks
  1106                           ;	Table Read Protection Block 2
  1107                           ;	EBTR2 = OFF, Block 2 (008000-00BFFFh) not protected from table reads executed in other
      +                           blocks
  1108                           ;	Table Read Protection Block 3
  1109                           ;	EBTR3 = OFF, Block 3 (00C000-00FFFFh) not protected from table reads executed in other
      +                           blocks
  1110   30000C                     	org	3145740
  1111   30000C  0F                 	db	15
  1112                           
  1113                           ;Config register CONFIG7H @ 0x30000D
  1114                           ;	Boot Block Table Read Protection bit
  1115                           ;	EBTRB = OFF, Boot Block (000000-0007FFh) not protected from table reads executed in ot
      +                          her blocks
  1116   30000D                     	org	3145741
  1117   30000D  40                 	db	64
  1118                           tosu	equ	0xFFF
  1119                           tosh	equ	0xFFE
  1120                           tosl	equ	0xFFD
  1121                           stkptr	equ	0xFFC
  1122                           pclatu	equ	0xFFB
  1123                           pclath	equ	0xFFA
  1124                           pcl	equ	0xFF9
  1125                           tblptru	equ	0xFF8
  1126                           tblptrh	equ	0xFF7
  1127                           tblptrl	equ	0xFF6
  1128                           tablat	equ	0xFF5
  1129                           prodh	equ	0xFF4
  1130                           prodl	equ	0xFF3
  1131                           indf0	equ	0xFEF
  1132                           postinc0	equ	0xFEE
  1133                           postdec0	equ	0xFED
  1134                           preinc0	equ	0xFEC
  1135                           plusw0	equ	0xFEB
  1136                           fsr0h	equ	0xFEA
  1137                           fsr0l	equ	0xFE9
  1138                           wreg	equ	0xFE8
  1139                           indf1	equ	0xFE7
  1140                           postinc1	equ	0xFE6
  1141                           postdec1	equ	0xFE5
  1142                           preinc1	equ	0xFE4
  1143                           plusw1	equ	0xFE3
  1144                           fsr1h	equ	0xFE2
  1145                           fsr1l	equ	0xFE1
  1146                           bsr	equ	0xFE0
  1147                           indf2	equ	0xFDF
  1148                           postinc2	equ	0xFDE
  1149                           postdec2	equ	0xFDD
  1150                           preinc2	equ	0xFDC
  1151                           plusw2	equ	0xFDB
  1152                           fsr2h	equ	0xFDA
  1153                           fsr2l	equ	0xFD9
  1154                           status	equ	0xFD8

Data Sizes:
    Strings     0
    Constant    16
    Data        38
    BSS         8
    Persistent  0
    Stack       0

Auto Spaces:
    Space          Size  Autos    Used
    COMRAM           95     17      63
    BANK0           160      0       0
    BANK1           256      0       0
    BANK2           256      0       0
    BANK3           256      0       0
    BANK4           256      0       0
    BANK5           256      0       0
    BANK6           256      0       0
    BANK7           256      0       0
    BANK8           256      0       0
    BANK9           256      0       0
    BANK10          256      0       0
    BANK11          256      0       0
    BANK12          256      0       0
    BANK13          256      0       0
    BANK14          256      0       0
    BANK15           96      0       0

Pointer List with Targets:

    GPIO_PIN_DIRECTION_INITIALIZE@_PIN_CONFIG	PTR const struct . size(1) Largest target is 8
		 -> keypad1(COMRAM[8]), keypad1$KEYPAD_COLUMNS_PINS(COMRAM[4]), keypad1$KEYPAD_ROWS_PINS(COMRAM[4]), LED_INITIALIZE@PIN_OBJ(COMRAM[1]), 
		 -> RELAY_INITIALIZE@pin(COMRAM[1]), 

    GPIO_PIN_INITIALIZE@_PIN_CONFIG	PTR const struct . size(1) Largest target is 8
		 -> keypad1(COMRAM[8]), keypad1$KEYPAD_ROWS_PINS(COMRAM[4]), LED_INITIALIZE@PIN_OBJ(COMRAM[1]), RELAY_INITIALIZE@pin(COMRAM[1]), 

    GPIO_PIN_WRITE_LOGIC@_PIN_CONFIG	PTR const struct . size(1) Largest target is 8
		 -> keypad1(COMRAM[8]), keypad1$KEYPAD_ROWS_PINS(COMRAM[4]), LED_INITIALIZE@PIN_OBJ(COMRAM[1]), LED_Turn_OFF@PIN_OBJ(COMRAM[1]), 
		 -> LED_Turn_ON@PIN_OBJ(COMRAM[1]), RELAY_INITIALIZE@pin(COMRAM[1]), RELAY_TURN_OFF@pin(COMRAM[1]), RELAY_TURN_ON@pin(COMRAM[1]), 

    KEYPAD_INITIALIZE@keypad	PTR const struct . size(1) Largest target is 8
		 -> keypad1(COMRAM[8]), 

    LAT_REG	PTR volatile unsigned char [5] size(2) Largest target is 1
		 -> LATA(BITBIGSFRlhl[1]), LATB(BITBIGSFRlhh[1]), LATC(BITBIGSFRlhh[1]), LATD(BITBIGSFRlhh[1]), 
		 -> LATE(BITBIGSFRlhh[1]), 

    PORT_REG	PTR volatile unsigned char [5] size(2) Largest target is 1
		 -> PORTA(BITBIGSFRll[1]), PORTB(BITBIGSFRlhl[1]), PORTC(BITBIGSFRlhl[1]), PORTD(BITBIGSFRlhl[1]), 
		 -> PORTE(BITBIGSFRlhl[1]), 

    TRIS_REG	PTR volatile unsigned char [5] size(2) Largest target is 1
		 -> TRISA(BITBIGSFRll[1]), TRISB(BITBIGSFRh[1]), TRISC(BITBIGSFRh[1]), TRISD(BITBIGSFRh[1]), 
		 -> TRISE(BITBIGSFRh[1]), 


Critical Paths under _main in COMRAM

    _ECU_LAYER_INITIALIZE->_KEYPAD_INITIALIZE
    _KEYPAD_INITIALIZE->_GPIO_PIN_INITIALIZE
    _GPIO_PIN_INITIALIZE->_GPIO_PIN_WRITE_LOGIC

Critical Paths under _main in BANK0

    None.

Critical Paths under _main in BANK1

    None.

Critical Paths under _main in BANK2

    None.

Critical Paths under _main in BANK3

    None.

Critical Paths under _main in BANK4

    None.

Critical Paths under _main in BANK5

    None.

Critical Paths under _main in BANK6

    None.

Critical Paths under _main in BANK7

    None.

Critical Paths under _main in BANK8

    None.

Critical Paths under _main in BANK9

    None.

Critical Paths under _main in BANK10

    None.

Critical Paths under _main in BANK11

    None.

Critical Paths under _main in BANK12

    None.

Critical Paths under _main in BANK13

    None.

Critical Paths under _main in BANK14

    None.

Critical Paths under _main in BANK15

    None.

Call Graph Tables:

 ---------------------------------------------------------------------------------
 (Depth) Function   	        Calls       Base Space   Used Autos Params    Refs
 ---------------------------------------------------------------------------------
 (0) _main                                                 0     0      0    3343
              _Application_intialize
 ---------------------------------------------------------------------------------
 (1) _Application_intialize                                0     0      0    3343
               _ECU_LAYER_INITIALIZE
 ---------------------------------------------------------------------------------
 (2) _ECU_LAYER_INITIALIZE                                 1     1      0    3343
                  _KEYPAD_INITIALIZE
 ---------------------------------------------------------------------------------
 (3) _KEYPAD_INITIALIZE                                    6     5      1    3341
                                             11 COMRAM     6     5      1
      _GPIO_PIN_DIRECTION_INITIALIZE
                _GPIO_PIN_INITIALIZE
 ---------------------------------------------------------------------------------
 (4) _GPIO_PIN_INITIALIZE                                  3     2      1    2641
                                              8 COMRAM     3     2      1
      _GPIO_PIN_DIRECTION_INITIALIZE
               _GPIO_PIN_WRITE_LOGIC
 ---------------------------------------------------------------------------------
 (5) _GPIO_PIN_WRITE_LOGIC                                 8     6      2    1719
                                              0 COMRAM     8     6      2
 ---------------------------------------------------------------------------------
 (5) _GPIO_PIN_DIRECTION_INITIALIZE                        7     6      1     396
                                              0 COMRAM     7     6      1
 ---------------------------------------------------------------------------------
 Estimated maximum stack depth 5
 ---------------------------------------------------------------------------------

 Call Graph Graphs:

 _main (ROOT)
   _Application_intialize
     _ECU_LAYER_INITIALIZE
       _KEYPAD_INITIALIZE
         _GPIO_PIN_DIRECTION_INITIALIZE
         _GPIO_PIN_INITIALIZE
           _GPIO_PIN_DIRECTION_INITIALIZE
           _GPIO_PIN_WRITE_LOGIC

 Address spaces:
Name               Size   Autos  Total    Cost      Usage
BIGRAM             F5F      0       0      41        0.0%
EEDATA             400      0       0       0        0.0%
BITBANK14          100      0       0      32        0.0%
BANK14             100      0       0      33        0.0%
BITBANK13          100      0       0      30        0.0%
BANK13             100      0       0      31        0.0%
BITBANK12          100      0       0      28        0.0%
BANK12             100      0       0      29        0.0%
BITBANK11          100      0       0      26        0.0%
BANK11             100      0       0      27        0.0%
BITBANK10          100      0       0      24        0.0%
BANK10             100      0       0      25        0.0%
BITBANK9           100      0       0      22        0.0%
BANK9              100      0       0      23        0.0%
BITBANK8           100      0       0      20        0.0%
BANK8              100      0       0      21        0.0%
BITBANK7           100      0       0      18        0.0%
BANK7              100      0       0      19        0.0%
BITBANK6           100      0       0      16        0.0%
BANK6              100      0       0      17        0.0%
BITBANK5           100      0       0      14        0.0%
BANK5              100      0       0      15        0.0%
BITBANK4           100      0       0      12        0.0%
BANK4              100      0       0      13        0.0%
BITBANK3           100      0       0      10        0.0%
BANK3              100      0       0      11        0.0%
BITBANK2           100      0       0       8        0.0%
BANK2              100      0       0       9        0.0%
BITBANK1           100      0       0       6        0.0%
BANK1              100      0       0       7        0.0%
BITBANK0            A0      0       0       4        0.0%
BANK0               A0      0       0       5        0.0%
BITBIGSFRh          69      0       0      36        0.0%
BITBANK15           60      0       0      34        0.0%
BANK15              60      0       0      35        0.0%
BITCOMRAM           5F      0       0       0        0.0%
COMRAM              5F     11      3F       1       66.3%
BITBIGSFRll         20      0       0      39        0.0%
BITBIGSFRlhh         4      0       0      37        0.0%
BITBIGSFRlhl         4      0       0      38        0.0%
BIGSFR               0      0       0     200        0.0%
BITSFR               0      0       0     200        0.0%
SFR                  0      0       0     200        0.0%
STACK                0      0       0       2        0.0%
NULL                 0      0       0       0        0.0%
ABS                  0      0      3F      40        0.0%
DATA                 0      0      3F       3        0.0%
CODE                 0      0       0       0        0.0%


Microchip Technology PIC18 Macro Assembler V2.46 build 20240104201356 
Symbol Table                                                                                   Tue Oct 01 18:56:03 2024

                     ??_KEYPAD_INITIALIZE 0033                    ??_GPIO_PIN_WRITE_LOGIC 0029  
                                     l255 12E2                                       u200 110E  
                                     u230 11BE                                       u214 112E  
                                     u215 112A                                       u224 1182  
                                     u160 102E                                       u225 117E  
                                     u250 124E                                       u236 11C0  
                                     u174 104E                                       u270 1204  
                                     u175 104A                                       u184 10A2  
                                     u280 122E                                       u185 109E  
                                     _Ret 0038                                       wreg 0FE8  
                                    l1110 1112                                      l1112 1160  
                                    l1114 1166                                      l1122 11B0  
                                    l1124 11CE                                      l1134 1252  
                                    l1152 11E6                                      l1082 1032  
                                    l1146 11DE                                      l1084 1080  
                                    l1164 120C                                      l1086 1086  
                                    l1094 10D0                                      l1096 10EE  
               __end_of_KEYPAD_INITIALIZE 1232                                      _LATA 0F89  
                                    _LATB 0F8A                                      _LATC 0F8B  
                                    _LATD 0F8C                                      _LATE 0F8D  
                     LED_INITIALIZE@F3148 003F                                      _main 12DE  
                                    fsr2h 0FDA                                      indf2 0FDF  
                                    fsr1l 0FE1                                      fsr2l 0FD9  
                                    prodl 0FF3                                      start 0004  
                           _KEYPAD_VALUES 1001                              ___param_bank 0000  
                                   ?_main 0027                                     _PORTA 0F80  
                                   _PORTB 0F81                                     _PORTC 0F82  
                                   _PORTD 0F83                                     _PORTE 0F84  
                                   _TRISA 0F92                                     _TRISB 0F93  
                                   _TRISC 0F94                                     _TRISD 0F95  
                                   _TRISE 0F96                    ?_Application_intialize 0027  
                                   tablat 0FF5                                     status 0FD8  
                         __initialization 1278                              __end_of_main 12E4  
            __end_of_ECU_LAYER_INITIALIZE 12DE                                    ??_main 0038  
                           __activetblptr 0002                                    clear_0 129E  
                                  isa$std 0001                          LED_Turn_ON@F3153 003E  
                            __pdataCOMRAM 0001                              __mediumconst 0000  
                                  tblptrh 0FF7                                    tblptrl 0FF6  
                                  tblptru 0FF8                                __accesstop 0060  
                 __end_of__initialization 12A4                             ___rparam_used 0001  
                          __pcstackCOMRAM 0027                       _GPIO_PIN_INITIALIZE 1232  
          ?_GPIO_PIN_DIRECTION_INITIALIZE 0027                      ?_GPIO_PIN_INITIALIZE 002F  
                    _ECU_LAYER_INITIALIZE 12D4                                   _LAT_REG 0001  
                 ??_Application_intialize 0038                     ??_GPIO_PIN_INITIALIZE 0030  
                   ?_ECU_LAYER_INITIALIZE 0027                       RELAY_TURN_OFF@F3158 0039  
                                 __Hparam 0000                                   __Lparam 0000  
                            __psmallconst 1000                                   __pcinit 1278  
                                 __ramtop 1000                                   __ptext0 12DE  
                                 __ptext1 12E4                                   __ptext2 12D4  
                                 __ptext3 11D2                                   __ptext4 1232  
                                 __ptext5 1012                                   __ptext6 10F2  
                                 _keypad1 001F                         LED_Turn_OFF@F3158 003D  
                    end_of_initialization 12A4                             __Lmediumconst 0000  
                                 postdec1 0FE5                                   postdec2 0FDD  
                                 postinc0 0FEE                                   postinc2 0FDE  
                  ??_ECU_LAYER_INITIALIZE 0038            GPIO_PIN_INITIALIZE@_PIN_CONFIG 002F  
                           __pidataCOMRAM 12AE                       start_initialization 1278  
         ??_GPIO_PIN_DIRECTION_INITIALIZE 0028                GPIO_PIN_WRITE_LOGIC@Retval 002E  
                      KEYPAD_INITIALIZE@c 0036                        KEYPAD_INITIALIZE@r 0034  
                   __end_of_KEYPAD_VALUES 1011                               __pbssCOMRAM 0038  
           __end_of_Application_intialize 12EA              __end_of_GPIO_PIN_WRITE_LOGIC 10F2  
                 KEYPAD_INITIALIZE@Retval 0033                   KEYPAD_INITIALIZE@keypad 0032  
GPIO_PIN_DIRECTION_INITIALIZE@_PIN_CONFIG 0027               __end_of_GPIO_PIN_INITIALIZE 1278  
                             __smallconst 1000                        RELAY_TURN_ON@F3152 003A  
         GPIO_PIN_WRITE_LOGIC@_PIN_CONFIG 0027     __end_of_GPIO_PIN_DIRECTION_INITIALIZE 11D2  
           _GPIO_PIN_DIRECTION_INITIALIZE 10F2                                  _PORT_REG 000B  
               GPIO_PIN_INITIALIZE@Retval 0031                                  _TRIS_REG 0015  
                               copy_data0 128C                 GPIO_PIN_WRITE_LOGIC@LOGIC 0028  
                                __Hrparam 0000                                  __Lrparam 0000  
                    _GPIO_PIN_WRITE_LOGIC 1012       GPIO_PIN_DIRECTION_INITIALIZE@Retval 002D  
                                isa$xinst 0000                           LED_TOGGLE@F3163 003C  
                   ?_GPIO_PIN_WRITE_LOGIC 0027                     _Application_intialize 12E4  
                       _KEYPAD_INITIALIZE 11D2                        ?_KEYPAD_INITIALIZE 0032  
                   RELAY_INITIALIZE@F3146 003B  
